[3.827s] Invoking command in '/home/mi/workplace/src/learning': PYTHONPATH=/home/mi/workplace/install/learning/lib/python3.6/site-packages:${PYTHONPATH} /usr/bin/python3 setup.py egg_info --egg-base ../../build/learning build --build-base /home/mi/workplace/build/learning/build install --prefix /home/mi/workplace/install/learning --record /home/mi/workplace/build/learning/install.log --single-version-externally-managed
[5.303s] running egg_info
[5.306s] writing ../../build/learning/learning.egg-info/PKG-INFO
[5.307s] writing dependency_links to ../../build/learning/learning.egg-info/dependency_links.txt
[5.309s] writing entry points to ../../build/learning/learning.egg-info/entry_points.txt
[5.313s] writing requirements to ../../build/learning/learning.egg-info/requires.txt
[5.313s] writing top-level names to ../../build/learning/learning.egg-info/top_level.txt
[5.324s] reading manifest file '../../build/learning/learning.egg-info/SOURCES.txt'
[5.330s] writing manifest file '../../build/learning/learning.egg-info/SOURCES.txt'
[5.330s] running build
[5.331s] running build_py
[5.333s] running install
[5.334s] /usr/local/lib/python3.6/dist-packages/setuptools/command/install.py:37: SetuptoolsDeprecationWarning: setup.py install is deprecated. Use build and pip and other standards-based tools.
[5.335s]   setuptools.SetuptoolsDeprecationWarning,
[5.335s] running install_lib
[5.341s] running install_data
[5.344s] running install_egg_info
[5.352s] removing '/home/mi/workplace/install/learning/lib/python3.6/site-packages/learning-0.0.0-py3.6.egg-info' (and everything under it)
[5.353s] Copying ../../build/learning/learning.egg-info to /home/mi/workplace/install/learning/lib/python3.6/site-packages/learning-0.0.0-py3.6.egg-info
[5.359s] running install_scripts
[5.445s] Installing distance script to /home/mi/workplace/install/learning/lib/learning
[5.446s] Installing stand script to /home/mi/workplace/install/learning/lib/learning
[5.446s] Installing walk script to /home/mi/workplace/install/learning/lib/learning
[5.447s] Installing walktest script to /home/mi/workplace/install/learning/lib/learning
[5.449s] writing list of installed files to '/home/mi/workplace/build/learning/install.log'
[5.559s] Invoked command in '/home/mi/workplace/src/learning' returned '0': PYTHONPATH=/home/mi/workplace/install/learning/lib/python3.6/site-packages:${PYTHONPATH} /usr/bin/python3 setup.py egg_info --egg-base ../../build/learning build --build-base /home/mi/workplace/build/learning/build install --prefix /home/mi/workplace/install/learning --record /home/mi/workplace/build/learning/install.log --single-version-externally-managed
