[3.911s] Invoking command in '/home/mi/workplace/src/learning': PYTHONPATH=/home/mi/workplace/install/learning/lib/python3.6/site-packages:${PYTHONPATH} /usr/bin/python3 setup.py egg_info --egg-base ../../build/learning build --build-base /home/mi/workplace/build/learning/build install --prefix /home/mi/workplace/install/learning --record /home/mi/workplace/build/learning/install.log --single-version-externally-managed
[5.478s] running egg_info
[5.481s] writing ../../build/learning/learning.egg-info/PKG-INFO
[5.486s] writing dependency_links to ../../build/learning/learning.egg-info/dependency_links.txt
[5.486s] writing entry points to ../../build/learning/learning.egg-info/entry_points.txt
[5.487s] writing requirements to ../../build/learning/learning.egg-info/requires.txt
[5.487s] writing top-level names to ../../build/learning/learning.egg-info/top_level.txt
[5.505s] reading manifest file '../../build/learning/learning.egg-info/SOURCES.txt'
[5.513s] writing manifest file '../../build/learning/learning.egg-info/SOURCES.txt'
[5.513s] running build
[5.514s] running build_py
[5.515s] copying learning/walk.py -> /home/mi/workplace/build/learning/build/lib/learning
[5.515s] copying learning/sensor.py -> /home/mi/workplace/build/learning/build/lib/learning
[5.517s] running install
[5.519s] /usr/local/lib/python3.6/dist-packages/setuptools/command/install.py:37: SetuptoolsDeprecationWarning: setup.py install is deprecated. Use build and pip and other standards-based tools.
[5.519s]   setuptools.SetuptoolsDeprecationWarning,
[5.520s] running install_lib
[5.529s] copying /home/mi/workplace/build/learning/build/lib/learning/walk.py -> /home/mi/workplace/install/learning/lib/python3.6/site-packages/learning
[5.530s] copying /home/mi/workplace/build/learning/build/lib/learning/sensor.py -> /home/mi/workplace/install/learning/lib/python3.6/site-packages/learning
[5.531s] byte-compiling /home/mi/workplace/install/learning/lib/python3.6/site-packages/learning/walk.py to walk.cpython-36.pyc
[5.531s] byte-compiling /home/mi/workplace/install/learning/lib/python3.6/site-packages/learning/sensor.py to sensor.cpython-36.pyc
[5.532s] running install_data
[5.533s] running install_egg_info
[5.540s] removing '/home/mi/workplace/install/learning/lib/python3.6/site-packages/learning-0.0.0-py3.6.egg-info' (and everything under it)
[5.543s] Copying ../../build/learning/learning.egg-info to /home/mi/workplace/install/learning/lib/python3.6/site-packages/learning-0.0.0-py3.6.egg-info
[5.547s] running install_scripts
[5.631s] Installing distance script to /home/mi/workplace/install/learning/lib/learning
[5.632s] Installing stand script to /home/mi/workplace/install/learning/lib/learning
[5.632s] Installing walk script to /home/mi/workplace/install/learning/lib/learning
[5.634s] writing list of installed files to '/home/mi/workplace/build/learning/install.log'
[5.752s] Invoked command in '/home/mi/workplace/src/learning' returned '0': PYTHONPATH=/home/mi/workplace/install/learning/lib/python3.6/site-packages:${PYTHONPATH} /usr/bin/python3 setup.py egg_info --egg-base ../../build/learning build --build-base /home/mi/workplace/build/learning/build install --prefix /home/mi/workplace/install/learning --record /home/mi/workplace/build/learning/install.log --single-version-externally-managed
