[4.067s] Invoking command in '/home/mi/workplace/src/learning': PYTHONPATH=/home/mi/workplace/install/learning/lib/python3.6/site-packages:${PYTHONPATH} /usr/bin/python3 setup.py egg_info --egg-base ../../build/learning build --build-base /home/mi/workplace/build/learning/build install --prefix /home/mi/workplace/install/learning --record /home/mi/workplace/build/learning/install.log --single-version-externally-managed
[5.554s] running egg_info
[5.557s] writing ../../build/learning/learning.egg-info/PKG-INFO
[5.560s] writing dependency_links to ../../build/learning/learning.egg-info/dependency_links.txt
[5.561s] writing entry points to ../../build/learning/learning.egg-info/entry_points.txt
[5.561s] writing requirements to ../../build/learning/learning.egg-info/requires.txt
[5.562s] writing top-level names to ../../build/learning/learning.egg-info/top_level.txt
[5.579s] reading manifest file '../../build/learning/learning.egg-info/SOURCES.txt'
[5.585s] writing manifest file '../../build/learning/learning.egg-info/SOURCES.txt'
[5.587s] running build
[5.587s] running build_py
[5.590s] running install
[5.596s] /usr/local/lib/python3.6/dist-packages/setuptools/command/install.py:37: SetuptoolsDeprecationWarning: setup.py install is deprecated. Use build and pip and other standards-based tools.
[5.596s]   setuptools.SetuptoolsDeprecationWarning,
[5.599s] running install_lib
[5.602s] copying /home/mi/workplace/build/learning/build/lib/learning/ztest.py -> /home/mi/workplace/install/learning/lib/python3.6/site-packages/learning
[5.603s] copying /home/mi/workplace/build/learning/build/lib/learning/walktest.py -> /home/mi/workplace/install/learning/lib/python3.6/site-packages/learning
[5.609s] running install_data
[5.612s] running install_egg_info
[5.621s] removing '/home/mi/workplace/install/learning/lib/python3.6/site-packages/learning-0.0.0-py3.6.egg-info' (and everything under it)
[5.623s] Copying ../../build/learning/learning.egg-info to /home/mi/workplace/install/learning/lib/python3.6/site-packages/learning-0.0.0-py3.6.egg-info
[5.630s] running install_scripts
[5.731s] Installing distance script to /home/mi/workplace/install/learning/lib/learning
[5.732s] Installing infra_cam_suber script to /home/mi/workplace/install/learning/lib/learning
[5.733s] Installing rgb_cam_suber script to /home/mi/workplace/install/learning/lib/learning
[5.734s] Installing stand script to /home/mi/workplace/install/learning/lib/learning
[5.736s] Installing walktest script to /home/mi/workplace/install/learning/lib/learning
[5.738s] writing list of installed files to '/home/mi/workplace/build/learning/install.log'
[5.858s] Invoked command in '/home/mi/workplace/src/learning' returned '0': PYTHONPATH=/home/mi/workplace/install/learning/lib/python3.6/site-packages:${PYTHONPATH} /usr/bin/python3 setup.py egg_info --egg-base ../../build/learning build --build-base /home/mi/workplace/build/learning/build install --prefix /home/mi/workplace/install/learning --record /home/mi/workplace/build/learning/install.log --single-version-externally-managed
