[4.240s] Invoking command in '/home/mi/workplace/src/learning': PYTHONPATH=/home/mi/workplace/install/learning/lib/python3.6/site-packages:${PYTHONPATH} /usr/bin/python3 setup.py egg_info --egg-base ../../build/learning build --build-base /home/mi/workplace/build/learning/build install --prefix /home/mi/workplace/install/learning --record /home/mi/workplace/build/learning/install.log --single-version-externally-managed
[5.768s] running egg_info
[5.771s] writing ../../build/learning/learning.egg-info/PKG-INFO
[5.773s] writing dependency_links to ../../build/learning/learning.egg-info/dependency_links.txt
[5.775s] writing entry points to ../../build/learning/learning.egg-info/entry_points.txt
[5.775s] writing requirements to ../../build/learning/learning.egg-info/requires.txt
[5.776s] writing top-level names to ../../build/learning/learning.egg-info/top_level.txt
[5.793s] reading manifest file '../../build/learning/learning.egg-info/SOURCES.txt'
[5.801s] writing manifest file '../../build/learning/learning.egg-info/SOURCES.txt'
[5.802s] running build
[5.802s] running build_py
[5.805s] running install
[5.806s] /usr/local/lib/python3.6/dist-packages/setuptools/command/install.py:37: SetuptoolsDeprecationWarning: setup.py install is deprecated. Use build and pip and other standards-based tools.
[5.808s]   setuptools.SetuptoolsDeprecationWarning,
[5.808s] running install_lib
[5.814s] byte-compiling /home/mi/workplace/install/learning/lib/python3.6/site-packages/learning/ztest.py to ztest.cpython-36.pyc
[5.816s]   File "/home/mi/workplace/install/learning/lib/python3.6/site-packages/learning/ztest.py", line 81
[5.817s]     excpt KeyboardInterrupt:
[5.817s]         ^
[5.818s] SyntaxError: invalid syntax
[5.818s] 
[5.818s] running install_data
[5.819s] running install_egg_info
[5.827s] removing '/home/mi/workplace/install/learning/lib/python3.6/site-packages/learning-0.0.0-py3.6.egg-info' (and everything under it)
[5.828s] Copying ../../build/learning/learning.egg-info to /home/mi/workplace/install/learning/lib/python3.6/site-packages/learning-0.0.0-py3.6.egg-info
[5.836s] running install_scripts
[5.925s] Installing distance script to /home/mi/workplace/install/learning/lib/learning
[5.929s] Installing stand script to /home/mi/workplace/install/learning/lib/learning
[5.930s] Installing walk script to /home/mi/workplace/install/learning/lib/learning
[5.930s] Installing walktest script to /home/mi/workplace/install/learning/lib/learning
[5.931s] Installing ztest script to /home/mi/workplace/install/learning/lib/learning
[5.932s] writing list of installed files to '/home/mi/workplace/build/learning/install.log'
[6.039s] Invoked command in '/home/mi/workplace/src/learning' returned '0': PYTHONPATH=/home/mi/workplace/install/learning/lib/python3.6/site-packages:${PYTHONPATH} /usr/bin/python3 setup.py egg_info --egg-base ../../build/learning build --build-base /home/mi/workplace/build/learning/build install --prefix /home/mi/workplace/install/learning --record /home/mi/workplace/build/learning/install.log --single-version-externally-managed
