[3.942s] Invoking command in '/home/mi/workplace/src/learning': PYTHONPATH=/home/mi/workplace/install/learning/lib/python3.6/site-packages:${PYTHONPATH} /usr/bin/python3 setup.py egg_info --egg-base ../../build/learning build --build-base /home/mi/workplace/build/learning/build install --prefix /home/mi/workplace/install/learning --record /home/mi/workplace/build/learning/install.log --single-version-externally-managed
[5.492s] running egg_info
[5.495s] writing ../../build/learning/learning.egg-info/PKG-INFO
[5.496s] writing dependency_links to ../../build/learning/learning.egg-info/dependency_links.txt
[5.497s] writing entry points to ../../build/learning/learning.egg-info/entry_points.txt
[5.498s] writing requirements to ../../build/learning/learning.egg-info/requires.txt
[5.499s] writing top-level names to ../../build/learning/learning.egg-info/top_level.txt
[5.520s] reading manifest file '../../build/learning/learning.egg-info/SOURCES.txt'
[5.529s] writing manifest file '../../build/learning/learning.egg-info/SOURCES.txt'
[5.534s] running build
[5.535s] running build_py
[5.535s] copying learning/walk.py -> /home/mi/workplace/build/learning/build/lib/learning
[5.536s] copying learning/walktest.py -> /home/mi/workplace/build/learning/build/lib/learning
[5.536s] running install
[5.537s] /usr/local/lib/python3.6/dist-packages/setuptools/command/install.py:37: SetuptoolsDeprecationWarning: setup.py install is deprecated. Use build and pip and other standards-based tools.
[5.537s]   setuptools.SetuptoolsDeprecationWarning,
[5.538s] running install_lib
[5.541s] copying /home/mi/workplace/build/learning/build/lib/learning/walk.py -> /home/mi/workplace/install/learning/lib/python3.6/site-packages/learning
[5.541s] copying /home/mi/workplace/build/learning/build/lib/learning/walktest.py -> /home/mi/workplace/install/learning/lib/python3.6/site-packages/learning
[5.542s] byte-compiling /home/mi/workplace/install/learning/lib/python3.6/site-packages/learning/walk.py to walk.cpython-36.pyc
[5.544s] byte-compiling /home/mi/workplace/install/learning/lib/python3.6/site-packages/learning/walktest.py to walktest.cpython-36.pyc
[5.548s] running install_data
[5.550s] running install_egg_info
[5.558s] removing '/home/mi/workplace/install/learning/lib/python3.6/site-packages/learning-0.0.0-py3.6.egg-info' (and everything under it)
[5.559s] Copying ../../build/learning/learning.egg-info to /home/mi/workplace/install/learning/lib/python3.6/site-packages/learning-0.0.0-py3.6.egg-info
[5.565s] running install_scripts
[5.654s] Installing distance script to /home/mi/workplace/install/learning/lib/learning
[5.655s] Installing stand script to /home/mi/workplace/install/learning/lib/learning
[5.655s] Installing walk script to /home/mi/workplace/install/learning/lib/learning
[5.656s] Installing walktest script to /home/mi/workplace/install/learning/lib/learning
[5.658s] writing list of installed files to '/home/mi/workplace/build/learning/install.log'
[5.771s] Invoked command in '/home/mi/workplace/src/learning' returned '0': PYTHONPATH=/home/mi/workplace/install/learning/lib/python3.6/site-packages:${PYTHONPATH} /usr/bin/python3 setup.py egg_info --egg-base ../../build/learning build --build-base /home/mi/workplace/build/learning/build install --prefix /home/mi/workplace/install/learning --record /home/mi/workplace/build/learning/install.log --single-version-externally-managed
