[4.111s] Invoking command in '/home/mi/workplace/src/learning': PYTHONPATH=/home/mi/workplace/install/learning/lib/python3.6/site-packages:${PYTHONPATH} /usr/bin/python3 setup.py egg_info --egg-base ../../build/learning build --build-base /home/mi/workplace/build/learning/build install --prefix /home/mi/workplace/install/learning --record /home/mi/workplace/build/learning/install.log --single-version-externally-managed
[5.770s] running egg_info
[5.771s] writing ../../build/learning/learning.egg-info/PKG-INFO
[5.772s] writing dependency_links to ../../build/learning/learning.egg-info/dependency_links.txt
[5.773s] writing entry points to ../../build/learning/learning.egg-info/entry_points.txt
[5.774s] writing requirements to ../../build/learning/learning.egg-info/requires.txt
[5.775s] writing top-level names to ../../build/learning/learning.egg-info/top_level.txt
[5.794s] reading manifest file '../../build/learning/learning.egg-info/SOURCES.txt'
[5.802s] writing manifest file '../../build/learning/learning.egg-info/SOURCES.txt'
[5.803s] running build
[5.803s] running build_py
[5.804s] running install
[5.806s] /usr/local/lib/python3.6/dist-packages/setuptools/command/install.py:37: SetuptoolsDeprecationWarning: setup.py install is deprecated. Use build and pip and other standards-based tools.
[5.806s]   setuptools.SetuptoolsDeprecationWarning,
[5.808s] running install_lib
[5.813s] running install_data
[5.817s] running install_egg_info
[5.829s] removing '/home/mi/workplace/install/learning/lib/python3.6/site-packages/learning-0.0.0-py3.6.egg-info' (and everything under it)
[5.830s] Copying ../../build/learning/learning.egg-info to /home/mi/workplace/install/learning/lib/python3.6/site-packages/learning-0.0.0-py3.6.egg-info
[5.834s] running install_scripts
[5.934s] Installing stand script to /home/mi/workplace/install/learning/lib/learning
[5.937s] writing list of installed files to '/home/mi/workplace/build/learning/install.log'
[6.052s] Invoked command in '/home/mi/workplace/src/learning' returned '0': PYTHONPATH=/home/mi/workplace/install/learning/lib/python3.6/site-packages:${PYTHONPATH} /usr/bin/python3 setup.py egg_info --egg-base ../../build/learning build --build-base /home/mi/workplace/build/learning/build install --prefix /home/mi/workplace/install/learning --record /home/mi/workplace/build/learning/install.log --single-version-externally-managed
