[4.240s] Invoking command in '/home/mi/workplace/src/learning': PYTHONPATH=/home/mi/workplace/install/learning/lib/python3.6/site-packages:${PYTHONPATH} /usr/bin/python3 setup.py egg_info --egg-base ../../build/learning build --build-base /home/mi/workplace/build/learning/build install --prefix /home/mi/workplace/install/learning --record /home/mi/workplace/build/learning/install.log --single-version-externally-managed
[5.838s] running egg_info
[5.841s] writing ../../build/learning/learning.egg-info/PKG-INFO
[5.842s] writing dependency_links to ../../build/learning/learning.egg-info/dependency_links.txt
[5.843s] writing entry points to ../../build/learning/learning.egg-info/entry_points.txt
[5.844s] writing requirements to ../../build/learning/learning.egg-info/requires.txt
[5.844s] writing top-level names to ../../build/learning/learning.egg-info/top_level.txt
[5.860s] reading manifest file '../../build/learning/learning.egg-info/SOURCES.txt'
[5.867s] writing manifest file '../../build/learning/learning.egg-info/SOURCES.txt'
[5.867s] running build
[5.868s] running build_py
[5.870s] running install
[5.872s] /usr/local/lib/python3.6/dist-packages/setuptools/command/install.py:37: SetuptoolsDeprecationWarning: setup.py install is deprecated. Use build and pip and other standards-based tools.
[5.873s]   setuptools.SetuptoolsDeprecationWarning,
[5.873s] running install_lib
[5.882s] byte-compiling /home/mi/workplace/install/learning/lib/python3.6/site-packages/learning/ztest.py to ztest.cpython-36.pyc
[5.882s]   File "/home/mi/workplace/install/learning/lib/python3.6/site-packages/learning/ztest.py", line 81
[5.883s]     excpt KeyboardInterrupt:
[5.883s]         ^
[5.884s] SyntaxError: invalid syntax
[5.884s] 
[5.884s] running install_data
[5.886s] running install_egg_info
[5.896s] removing '/home/mi/workplace/install/learning/lib/python3.6/site-packages/learning-0.0.0-py3.6.egg-info' (and everything under it)
[5.897s] Copying ../../build/learning/learning.egg-info to /home/mi/workplace/install/learning/lib/python3.6/site-packages/learning-0.0.0-py3.6.egg-info
[5.900s] running install_scripts
[5.994s] Installing distance script to /home/mi/workplace/install/learning/lib/learning
[5.995s] Installing rgb_cam_suber script to /home/mi/workplace/install/learning/lib/learning
[5.996s] Installing stand script to /home/mi/workplace/install/learning/lib/learning
[6.001s] Installing walktest script to /home/mi/workplace/install/learning/lib/learning
[6.002s] writing list of installed files to '/home/mi/workplace/build/learning/install.log'
[6.125s] Invoked command in '/home/mi/workplace/src/learning' returned '0': PYTHONPATH=/home/mi/workplace/install/learning/lib/python3.6/site-packages:${PYTHONPATH} /usr/bin/python3 setup.py egg_info --egg-base ../../build/learning build --build-base /home/mi/workplace/build/learning/build install --prefix /home/mi/workplace/install/learning --record /home/mi/workplace/build/learning/install.log --single-version-externally-managed
