[4.251s] Invoking command in '/home/mi/workplace/src/learning': PYTHONPATH=/home/mi/workplace/install/learning/lib/python3.6/site-packages:${PYTHONPATH} /usr/bin/python3 setup.py egg_info --egg-base ../../build/learning build --build-base /home/mi/workplace/build/learning/build install --prefix /home/mi/workplace/install/learning --record /home/mi/workplace/build/learning/install.log --single-version-externally-managed
[5.863s] running egg_info
[5.866s] writing ../../build/learning/learning.egg-info/PKG-INFO
[5.868s] writing dependency_links to ../../build/learning/learning.egg-info/dependency_links.txt
[5.869s] writing entry points to ../../build/learning/learning.egg-info/entry_points.txt
[5.870s] writing requirements to ../../build/learning/learning.egg-info/requires.txt
[5.871s] writing top-level names to ../../build/learning/learning.egg-info/top_level.txt
[5.892s] reading manifest file '../../build/learning/learning.egg-info/SOURCES.txt'
[5.900s] writing manifest file '../../build/learning/learning.egg-info/SOURCES.txt'
[5.901s] running build
[5.902s] running build_py
[5.902s] copying learning/ztest.py -> /home/mi/workplace/build/learning/build/lib/learning
[5.902s] copying learning/walktest.py -> /home/mi/workplace/build/learning/build/lib/learning
[5.904s] running install
[5.906s] /usr/local/lib/python3.6/dist-packages/setuptools/command/install.py:37: SetuptoolsDeprecationWarning: setup.py install is deprecated. Use build and pip and other standards-based tools.
[5.907s]   setuptools.SetuptoolsDeprecationWarning,
[5.909s] running install_lib
[5.913s] copying /home/mi/workplace/build/learning/build/lib/learning/ztest.py -> /home/mi/workplace/install/learning/lib/python3.6/site-packages/learning
[5.914s] copying /home/mi/workplace/build/learning/build/lib/learning/walktest.py -> /home/mi/workplace/install/learning/lib/python3.6/site-packages/learning
[5.918s] byte-compiling /home/mi/workplace/install/learning/lib/python3.6/site-packages/learning/ztest.py to ztest.cpython-36.pyc
[5.920s]   File "/home/mi/workplace/install/learning/lib/python3.6/site-packages/learning/ztest.py", line 81
[5.921s]     excpt KeyboardInterrupt:
[5.921s]         ^
[5.922s] SyntaxError: invalid syntax
[5.922s] 
[5.922s] byte-compiling /home/mi/workplace/install/learning/lib/python3.6/site-packages/learning/walktest.py to walktest.cpython-36.pyc
[5.925s] running install_data
[5.928s] running install_egg_info
[5.938s] removing '/home/mi/workplace/install/learning/lib/python3.6/site-packages/learning-0.0.0-py3.6.egg-info' (and everything under it)
[5.940s] Copying ../../build/learning/learning.egg-info to /home/mi/workplace/install/learning/lib/python3.6/site-packages/learning-0.0.0-py3.6.egg-info
[5.949s] running install_scripts
[6.044s] Installing distance script to /home/mi/workplace/install/learning/lib/learning
[6.047s] Installing stand script to /home/mi/workplace/install/learning/lib/learning
[6.048s] Installing walk script to /home/mi/workplace/install/learning/lib/learning
[6.048s] Installing walktest script to /home/mi/workplace/install/learning/lib/learning
[6.049s] Installing ztest script to /home/mi/workplace/install/learning/lib/learning
[6.049s] writing list of installed files to '/home/mi/workplace/build/learning/install.log'
[6.167s] Invoked command in '/home/mi/workplace/src/learning' returned '0': PYTHONPATH=/home/mi/workplace/install/learning/lib/python3.6/site-packages:${PYTHONPATH} /usr/bin/python3 setup.py egg_info --egg-base ../../build/learning build --build-base /home/mi/workplace/build/learning/build install --prefix /home/mi/workplace/install/learning --record /home/mi/workplace/build/learning/install.log --single-version-externally-managed
