[4.107s] Invoking command in '/home/mi/workplace/src/learning': PYTHONPATH=/home/mi/workplace/install/learning/lib/python3.6/site-packages:${PYTHONPATH} /usr/bin/python3 setup.py egg_info --egg-base ../../build/learning build --build-base /home/mi/workplace/build/learning/build install --prefix /home/mi/workplace/install/learning --record /home/mi/workplace/build/learning/install.log --single-version-externally-managed
[5.681s] running egg_info
[5.682s] writing ../../build/learning/learning.egg-info/PKG-INFO
[5.683s] writing dependency_links to ../../build/learning/learning.egg-info/dependency_links.txt
[5.685s] writing entry points to ../../build/learning/learning.egg-info/entry_points.txt
[5.685s] writing requirements to ../../build/learning/learning.egg-info/requires.txt
[5.686s] writing top-level names to ../../build/learning/learning.egg-info/top_level.txt
[5.702s] reading manifest file '../../build/learning/learning.egg-info/SOURCES.txt'
[5.708s] writing manifest file '../../build/learning/learning.egg-info/SOURCES.txt'
[5.709s] running build
[5.709s] running build_py
[5.710s] copying learning/infra_cam_suber.py -> /home/mi/workplace/build/learning/build/lib/learning
[5.712s] running install
[5.715s] /usr/local/lib/python3.6/dist-packages/setuptools/command/install.py:37: SetuptoolsDeprecationWarning: setup.py install is deprecated. Use build and pip and other standards-based tools.
[5.715s]   setuptools.SetuptoolsDeprecationWarning,
[5.716s] running install_lib
[5.720s] copying /home/mi/workplace/build/learning/build/lib/learning/infra_cam_suber.py -> /home/mi/workplace/install/learning/lib/python3.6/site-packages/learning
[5.722s] byte-compiling /home/mi/workplace/install/learning/lib/python3.6/site-packages/learning/infra_cam_suber.py to infra_cam_suber.cpython-36.pyc
[5.727s] running install_data
[5.731s] running install_egg_info
[5.738s] removing '/home/mi/workplace/install/learning/lib/python3.6/site-packages/learning-0.0.0-py3.6.egg-info' (and everything under it)
[5.740s] Copying ../../build/learning/learning.egg-info to /home/mi/workplace/install/learning/lib/python3.6/site-packages/learning-0.0.0-py3.6.egg-info
[5.745s] running install_scripts
[5.839s] Installing distance script to /home/mi/workplace/install/learning/lib/learning
[5.841s] Installing infra_cam_suber script to /home/mi/workplace/install/learning/lib/learning
[5.842s] Installing rgb_cam_suber script to /home/mi/workplace/install/learning/lib/learning
[5.842s] Installing stand script to /home/mi/workplace/install/learning/lib/learning
[5.843s] Installing walktest script to /home/mi/workplace/install/learning/lib/learning
[5.847s] writing list of installed files to '/home/mi/workplace/build/learning/install.log'
[5.987s] Invoked command in '/home/mi/workplace/src/learning' returned '0': PYTHONPATH=/home/mi/workplace/install/learning/lib/python3.6/site-packages:${PYTHONPATH} /usr/bin/python3 setup.py egg_info --egg-base ../../build/learning build --build-base /home/mi/workplace/build/learning/build install --prefix /home/mi/workplace/install/learning --record /home/mi/workplace/build/learning/install.log --single-version-externally-managed
