[3.932s] Invoking command in '/home/mi/workplace/src/learning': PYTHONPATH=/home/mi/workplace/install/learning/lib/python3.6/site-packages:${PYTHONPATH} /usr/bin/python3 setup.py egg_info --egg-base ../../build/learning build --build-base /home/mi/workplace/build/learning/build install --prefix /home/mi/workplace/install/learning --record /home/mi/workplace/build/learning/install.log --single-version-externally-managed
[5.554s] running egg_info
[5.558s] writing ../../build/learning/learning.egg-info/PKG-INFO
[5.558s] writing dependency_links to ../../build/learning/learning.egg-info/dependency_links.txt
[5.559s] writing entry points to ../../build/learning/learning.egg-info/entry_points.txt
[5.560s] writing requirements to ../../build/learning/learning.egg-info/requires.txt
[5.561s] writing top-level names to ../../build/learning/learning.egg-info/top_level.txt
[5.572s] reading manifest file '../../build/learning/learning.egg-info/SOURCES.txt'
[5.578s] writing manifest file '../../build/learning/learning.egg-info/SOURCES.txt'
[5.579s] running build
[5.580s] running build_py
[5.581s] copying learning/walk.py -> /home/mi/workplace/build/learning/build/lib/learning
[5.582s] running install
[5.583s] /usr/local/lib/python3.6/dist-packages/setuptools/command/install.py:37: SetuptoolsDeprecationWarning: setup.py install is deprecated. Use build and pip and other standards-based tools.
[5.583s]   setuptools.SetuptoolsDeprecationWarning,
[5.584s] running install_lib
[5.588s] copying /home/mi/workplace/build/learning/build/lib/learning/walk.py -> /home/mi/workplace/install/learning/lib/python3.6/site-packages/learning
[5.589s] byte-compiling /home/mi/workplace/install/learning/lib/python3.6/site-packages/learning/walk.py to walk.cpython-36.pyc
[5.593s] running install_data
[5.596s] running install_egg_info
[5.605s] removing '/home/mi/workplace/install/learning/lib/python3.6/site-packages/learning-0.0.0-py3.6.egg-info' (and everything under it)
[5.606s] Copying ../../build/learning/learning.egg-info to /home/mi/workplace/install/learning/lib/python3.6/site-packages/learning-0.0.0-py3.6.egg-info
[5.611s] running install_scripts
[5.706s] Installing distance script to /home/mi/workplace/install/learning/lib/learning
[5.707s] Installing stand script to /home/mi/workplace/install/learning/lib/learning
[5.708s] Installing walk script to /home/mi/workplace/install/learning/lib/learning
[5.717s] writing list of installed files to '/home/mi/workplace/build/learning/install.log'
[5.834s] Invoked command in '/home/mi/workplace/src/learning' returned '0': PYTHONPATH=/home/mi/workplace/install/learning/lib/python3.6/site-packages:${PYTHONPATH} /usr/bin/python3 setup.py egg_info --egg-base ../../build/learning build --build-base /home/mi/workplace/build/learning/build install --prefix /home/mi/workplace/install/learning --record /home/mi/workplace/build/learning/install.log --single-version-externally-managed
