running egg_info
writing ../../build/learning/learning.egg-info/PKG-INFO
writing dependency_links to ../../build/learning/learning.egg-info/dependency_links.txt
writing entry points to ../../build/learning/learning.egg-info/entry_points.txt
writing requirements to ../../build/learning/learning.egg-info/requires.txt
writing top-level names to ../../build/learning/learning.egg-info/top_level.txt
reading manifest file '../../build/learning/learning.egg-info/SOURCES.txt'
writing manifest file '../../build/learning/learning.egg-info/SOURCES.txt'
running build
running build_py
copying learning/data_reciv.py -> /home/mi/workplace/build/learning/build/lib/learning
copying learning/transverse.py -> /home/mi/workplace/build/learning/build/lib/learning
copying learning/walktest.py -> /home/mi/workplace/build/learning/build/lib/learning
copying learning/track.py -> /home/mi/workplace/build/learning/build/lib/learning
running install
running install_lib
copying /home/mi/workplace/build/learning/build/lib/learning/data_reciv.py -> /home/mi/workplace/install/learning/lib/python3.6/site-packages/learning
copying /home/mi/workplace/build/learning/build/lib/learning/transverse.py -> /home/mi/workplace/install/learning/lib/python3.6/site-packages/learning
copying /home/mi/workplace/build/learning/build/lib/learning/walktest.py -> /home/mi/workplace/install/learning/lib/python3.6/site-packages/learning
copying /home/mi/workplace/build/learning/build/lib/learning/track.py -> /home/mi/workplace/install/learning/lib/python3.6/site-packages/learning
byte-compiling /home/mi/workplace/install/learning/lib/python3.6/site-packages/learning/ztest.py to ztest.cpython-36.pyc
byte-compiling /home/mi/workplace/install/learning/lib/python3.6/site-packages/learning/data_reciv.py to data_reciv.cpython-36.pyc
byte-compiling /home/mi/workplace/install/learning/lib/python3.6/site-packages/learning/transverse.py to transverse.cpython-36.pyc
byte-compiling /home/mi/workplace/install/learning/lib/python3.6/site-packages/learning/walktest.py to walktest.cpython-36.pyc
byte-compiling /home/mi/workplace/install/learning/lib/python3.6/site-packages/learning/track.py to track.cpython-36.pyc
running install_data
running install_egg_info
removing '/home/mi/workplace/install/learning/lib/python3.6/site-packages/learning-0.0.0-py3.6.egg-info' (and everything under it)
Copying ../../build/learning/learning.egg-info to /home/mi/workplace/install/learning/lib/python3.6/site-packages/learning-0.0.0-py3.6.egg-info
running install_scripts
Installing crash script to /home/mi/workplace/install/learning/lib/learning
Installing data_reciv script to /home/mi/workplace/install/learning/lib/learning
Installing distance script to /home/mi/workplace/install/learning/lib/learning
Installing infra_cam_suber script to /home/mi/workplace/install/learning/lib/learning
Installing rgb_cam_suber script to /home/mi/workplace/install/learning/lib/learning
Installing rgb_test script to /home/mi/workplace/install/learning/lib/learning
Installing stand script to /home/mi/workplace/install/learning/lib/learning
Installing track script to /home/mi/workplace/install/learning/lib/learning
Installing walktest script to /home/mi/workplace/install/learning/lib/learning
writing list of installed files to '/home/mi/workplace/build/learning/install.log'
