[4.431s] Invoking command in '/home/mi/workplace/src/learning': PYTHONPATH=/home/mi/workplace/install/learning/lib/python3.6/site-packages:${PYTHONPATH} /usr/bin/python3 setup.py egg_info --egg-base ../../build/learning build --build-base /home/mi/workplace/build/learning/build install --prefix /home/mi/workplace/install/learning --record /home/mi/workplace/build/learning/install.log --single-version-externally-managed
[6.116s] running egg_info
[6.121s] writing ../../build/learning/learning.egg-info/PKG-INFO
[6.121s] writing dependency_links to ../../build/learning/learning.egg-info/dependency_links.txt
[6.123s] writing entry points to ../../build/learning/learning.egg-info/entry_points.txt
[6.124s] writing requirements to ../../build/learning/learning.egg-info/requires.txt
[6.125s] writing top-level names to ../../build/learning/learning.egg-info/top_level.txt
[6.146s] reading manifest file '../../build/learning/learning.egg-info/SOURCES.txt'
[6.154s] writing manifest file '../../build/learning/learning.egg-info/SOURCES.txt'
[6.155s] running build
[6.156s] running build_py
[6.159s] copying learning/data_reciv.py -> /home/mi/workplace/build/learning/build/lib/learning
[6.160s] copying learning/transverse.py -> /home/mi/workplace/build/learning/build/lib/learning
[6.161s] copying learning/walktest.py -> /home/mi/workplace/build/learning/build/lib/learning
[6.161s] copying learning/track.py -> /home/mi/workplace/build/learning/build/lib/learning
[6.163s] running install
[6.170s] running install_lib
[6.170s] /usr/local/lib/python3.6/dist-packages/setuptools/command/install.py:37: SetuptoolsDeprecationWarning: setup.py install is deprecated. Use build and pip and other standards-based tools.
[6.171s]   setuptools.SetuptoolsDeprecationWarning,
[6.174s] copying /home/mi/workplace/build/learning/build/lib/learning/data_reciv.py -> /home/mi/workplace/install/learning/lib/python3.6/site-packages/learning
[6.186s] copying /home/mi/workplace/build/learning/build/lib/learning/transverse.py -> /home/mi/workplace/install/learning/lib/python3.6/site-packages/learning
[6.190s] copying /home/mi/workplace/build/learning/build/lib/learning/walktest.py -> /home/mi/workplace/install/learning/lib/python3.6/site-packages/learning
[6.191s] copying /home/mi/workplace/build/learning/build/lib/learning/track.py -> /home/mi/workplace/install/learning/lib/python3.6/site-packages/learning
[6.195s] byte-compiling /home/mi/workplace/install/learning/lib/python3.6/site-packages/learning/ztest.py to ztest.cpython-36.pyc
[6.199s] byte-compiling /home/mi/workplace/install/learning/lib/python3.6/site-packages/learning/data_reciv.py to data_reciv.cpython-36.pyc
[6.201s] byte-compiling /home/mi/workplace/install/learning/lib/python3.6/site-packages/learning/transverse.py to transverse.cpython-36.pyc
[6.201s] byte-compiling /home/mi/workplace/install/learning/lib/python3.6/site-packages/learning/walktest.py to walktest.cpython-36.pyc
[6.202s]   File "/home/mi/workplace/install/learning/lib/python3.6/site-packages/learning/ztest.py", line 81
[6.203s]     excpt KeyboardInterrupt:
[6.207s]         ^
[6.207s] SyntaxError: invalid syntax
[6.208s] 
[6.208s] Sorry: IndentationError: expected an indented block (transverse.py, line 33)
[6.209s] byte-compiling /home/mi/workplace/install/learning/lib/python3.6/site-packages/learning/track.py to track.cpython-36.pyc
[6.209s] running install_data
[6.210s] running install_egg_info
[6.216s] removing '/home/mi/workplace/install/learning/lib/python3.6/site-packages/learning-0.0.0-py3.6.egg-info' (and everything under it)
[6.216s] Copying ../../build/learning/learning.egg-info to /home/mi/workplace/install/learning/lib/python3.6/site-packages/learning-0.0.0-py3.6.egg-info
[6.222s] running install_scripts
[6.329s] Installing crash script to /home/mi/workplace/install/learning/lib/learning
[6.331s] Installing data_reciv script to /home/mi/workplace/install/learning/lib/learning
[6.332s] Installing distance script to /home/mi/workplace/install/learning/lib/learning
[6.334s] Installing infra_cam_suber script to /home/mi/workplace/install/learning/lib/learning
[6.335s] Installing rgb_cam_suber script to /home/mi/workplace/install/learning/lib/learning
[6.336s] Installing rgb_test script to /home/mi/workplace/install/learning/lib/learning
[6.338s] Installing stand script to /home/mi/workplace/install/learning/lib/learning
[6.340s] Installing track script to /home/mi/workplace/install/learning/lib/learning
[6.340s] Installing walktest script to /home/mi/workplace/install/learning/lib/learning
[6.344s] writing list of installed files to '/home/mi/workplace/build/learning/install.log'
[6.506s] Invoked command in '/home/mi/workplace/src/learning' returned '0': PYTHONPATH=/home/mi/workplace/install/learning/lib/python3.6/site-packages:${PYTHONPATH} /usr/bin/python3 setup.py egg_info --egg-base ../../build/learning build --build-base /home/mi/workplace/build/learning/build install --prefix /home/mi/workplace/install/learning --record /home/mi/workplace/build/learning/install.log --single-version-externally-managed
