[4.092s] Invoking command in '/home/mi/workplace/src/learning': PYTHONPATH=/home/mi/workplace/install/learning/lib/python3.6/site-packages:${PYTHONPATH} /usr/bin/python3 setup.py egg_info --egg-base ../../build/learning build --build-base /home/mi/workplace/build/learning/build install --prefix /home/mi/workplace/install/learning --record /home/mi/workplace/build/learning/install.log --single-version-externally-managed
[5.711s] running egg_info
[5.714s] writing ../../build/learning/learning.egg-info/PKG-INFO
[5.715s] writing dependency_links to ../../build/learning/learning.egg-info/dependency_links.txt
[5.716s] writing entry points to ../../build/learning/learning.egg-info/entry_points.txt
[5.717s] writing requirements to ../../build/learning/learning.egg-info/requires.txt
[5.717s] writing top-level names to ../../build/learning/learning.egg-info/top_level.txt
[5.736s] reading manifest file '../../build/learning/learning.egg-info/SOURCES.txt'
[5.743s] writing manifest file '../../build/learning/learning.egg-info/SOURCES.txt'
[5.745s] running build
[5.745s] running build_py
[5.748s] running install
[5.749s] /usr/local/lib/python3.6/dist-packages/setuptools/command/install.py:37: SetuptoolsDeprecationWarning: setup.py install is deprecated. Use build and pip and other standards-based tools.
[5.750s]   setuptools.SetuptoolsDeprecationWarning,
[5.751s] running install_lib
[5.759s] byte-compiling /home/mi/workplace/install/learning/lib/python3.6/site-packages/learning/ball_recog.py to ball_recog.cpython-36.pyc
[5.766s]   File "/home/mi/workplace/install/learning/lib/python3.6/site-packages/learning/ball_recog.py", line 45
[5.767s]     return
[5.767s]     ^
[5.768s] SyntaxError: 'return' outside function
[5.768s] 
[5.769s] running install_data
[5.769s] running install_egg_info
[5.774s] removing '/home/mi/workplace/install/learning/lib/python3.6/site-packages/learning-0.0.0-py3.6.egg-info' (and everything under it)
[5.775s] Copying ../../build/learning/learning.egg-info to /home/mi/workplace/install/learning/lib/python3.6/site-packages/learning-0.0.0-py3.6.egg-info
[5.779s] running install_scripts
[5.871s] Installing distance script to /home/mi/workplace/install/learning/lib/learning
[5.873s] Installing infra_cam_suber script to /home/mi/workplace/install/learning/lib/learning
[5.874s] Installing rgb_cam_suber script to /home/mi/workplace/install/learning/lib/learning
[5.875s] Installing stand script to /home/mi/workplace/install/learning/lib/learning
[5.876s] Installing walktest script to /home/mi/workplace/install/learning/lib/learning
[5.878s] writing list of installed files to '/home/mi/workplace/build/learning/install.log'
[6.005s] Invoked command in '/home/mi/workplace/src/learning' returned '0': PYTHONPATH=/home/mi/workplace/install/learning/lib/python3.6/site-packages:${PYTHONPATH} /usr/bin/python3 setup.py egg_info --egg-base ../../build/learning build --build-base /home/mi/workplace/build/learning/build install --prefix /home/mi/workplace/install/learning --record /home/mi/workplace/build/learning/install.log --single-version-externally-managed
