[4.452s] Invoking command in '/home/mi/workplace/src/learning': PYTHONPATH=/home/mi/workplace/install/learning/lib/python3.6/site-packages:${PYTHONPATH} /usr/bin/python3 setup.py egg_info --egg-base ../../build/learning build --build-base /home/mi/workplace/build/learning/build install --prefix /home/mi/workplace/install/learning --record /home/mi/workplace/build/learning/install.log --single-version-externally-managed
[6.230s] running egg_info
[6.235s] writing ../../build/learning/learning.egg-info/PKG-INFO
[6.240s] writing dependency_links to ../../build/learning/learning.egg-info/dependency_links.txt
[6.242s] writing entry points to ../../build/learning/learning.egg-info/entry_points.txt
[6.243s] writing requirements to ../../build/learning/learning.egg-info/requires.txt
[6.244s] writing top-level names to ../../build/learning/learning.egg-info/top_level.txt
[6.268s] reading manifest file '../../build/learning/learning.egg-info/SOURCES.txt'
[6.278s] writing manifest file '../../build/learning/learning.egg-info/SOURCES.txt'
[6.278s] running build
[6.279s] running build_py
[6.280s] copying learning/crash.py -> /home/mi/workplace/build/learning/build/lib/learning
[6.282s] copying learning/track.py -> /home/mi/workplace/build/learning/build/lib/learning
[6.282s] copying learning/rgb_cam_suber.py -> /home/mi/workplace/build/learning/build/lib/learning
[6.286s] running install
[6.291s] /usr/local/lib/python3.6/dist-packages/setuptools/command/install.py:37: SetuptoolsDeprecationWarning: setup.py install is deprecated. Use build and pip and other standards-based tools.
[6.294s]   setuptools.SetuptoolsDeprecationWarning,
[6.297s] running install_lib
[6.300s] copying /home/mi/workplace/build/learning/build/lib/learning/crash.py -> /home/mi/workplace/install/learning/lib/python3.6/site-packages/learning
[6.300s] copying /home/mi/workplace/build/learning/build/lib/learning/track.py -> /home/mi/workplace/install/learning/lib/python3.6/site-packages/learning
[6.301s] copying /home/mi/workplace/build/learning/build/lib/learning/rgb_cam_suber.py -> /home/mi/workplace/install/learning/lib/python3.6/site-packages/learning
[6.304s] byte-compiling /home/mi/workplace/install/learning/lib/python3.6/site-packages/learning/ztest.py to ztest.cpython-36.pyc
[6.306s]   File "/home/mi/workplace/install/learning/lib/python3.6/site-packages/learning/ztest.py", line 81
[6.307s]     excpt KeyboardInterrupt:
[6.307s]         ^
[6.309s] SyntaxError: invalid syntax
[6.310s] 
[6.311s] byte-compiling /home/mi/workplace/install/learning/lib/python3.6/site-packages/learning/crash.py to crash.cpython-36.pyc
[6.311s] byte-compiling /home/mi/workplace/install/learning/lib/python3.6/site-packages/learning/track.py to track.cpython-36.pyc
[6.313s] byte-compiling /home/mi/workplace/install/learning/lib/python3.6/site-packages/learning/rgb_cam_suber.py to rgb_cam_suber.cpython-36.pyc
[6.318s] running install_data
[6.322s] running install_egg_info
[6.332s] removing '/home/mi/workplace/install/learning/lib/python3.6/site-packages/learning-0.0.0-py3.6.egg-info' (and everything under it)
[6.333s] Copying ../../build/learning/learning.egg-info to /home/mi/workplace/install/learning/lib/python3.6/site-packages/learning-0.0.0-py3.6.egg-info
[6.342s] running install_scripts
[6.463s] Installing distance script to /home/mi/workplace/install/learning/lib/learning
[6.469s] Installing infra_cam_suber script to /home/mi/workplace/install/learning/lib/learning
[6.470s] Installing rgb_cam_suber script to /home/mi/workplace/install/learning/lib/learning
[6.470s] Installing rgb_test script to /home/mi/workplace/install/learning/lib/learning
[6.471s] Installing stand script to /home/mi/workplace/install/learning/lib/learning
[6.471s] Installing track script to /home/mi/workplace/install/learning/lib/learning
[6.472s] Installing trash script to /home/mi/workplace/install/learning/lib/learning
[6.473s] Installing walktest script to /home/mi/workplace/install/learning/lib/learning
[6.473s] writing list of installed files to '/home/mi/workplace/build/learning/install.log'
[6.621s] Invoked command in '/home/mi/workplace/src/learning' returned '0': PYTHONPATH=/home/mi/workplace/install/learning/lib/python3.6/site-packages:${PYTHONPATH} /usr/bin/python3 setup.py egg_info --egg-base ../../build/learning build --build-base /home/mi/workplace/build/learning/build install --prefix /home/mi/workplace/install/learning --record /home/mi/workplace/build/learning/install.log --single-version-externally-managed
