[4.036s] Invoking command in '/home/mi/workplace/src/learning': PYTHONPATH=/home/mi/workplace/install/learning/lib/python3.6/site-packages:${PYTHONPATH} /usr/bin/python3 setup.py egg_info --egg-base ../../build/learning build --build-base /home/mi/workplace/build/learning/build install --prefix /home/mi/workplace/install/learning --record /home/mi/workplace/build/learning/install.log --single-version-externally-managed
[5.632s] running egg_info
[5.634s] creating ../../build/learning/learning.egg-info
[5.636s] writing ../../build/learning/learning.egg-info/PKG-INFO
[5.637s] writing dependency_links to ../../build/learning/learning.egg-info/dependency_links.txt
[5.638s] writing entry points to ../../build/learning/learning.egg-info/entry_points.txt
[5.639s] writing requirements to ../../build/learning/learning.egg-info/requires.txt
[5.640s] writing top-level names to ../../build/learning/learning.egg-info/top_level.txt
[5.653s] writing manifest file '../../build/learning/learning.egg-info/SOURCES.txt'
[5.665s] reading manifest file '../../build/learning/learning.egg-info/SOURCES.txt'
[5.670s] writing manifest file '../../build/learning/learning.egg-info/SOURCES.txt'
[5.673s] running build
[5.674s] running build_py
[5.675s] creating /home/mi/workplace/build/learning/build
[5.675s] creating /home/mi/workplace/build/learning/build/lib
[5.676s] creating /home/mi/workplace/build/learning/build/lib/learning
[5.676s] copying learning/__init__.py -> /home/mi/workplace/build/learning/build/lib/learning
[5.677s] copying learning/stand.py -> /home/mi/workplace/build/learning/build/lib/learning
[5.677s] running install
[5.681s] /usr/local/lib/python3.6/dist-packages/setuptools/command/install.py:37: SetuptoolsDeprecationWarning: setup.py install is deprecated. Use build and pip and other standards-based tools.
[5.686s]   setuptools.SetuptoolsDeprecationWarning,
[5.690s] running install_lib
[5.694s] creating /home/mi/workplace/install/learning/lib/python3.6/site-packages/learning
[5.695s] copying /home/mi/workplace/build/learning/build/lib/learning/__init__.py -> /home/mi/workplace/install/learning/lib/python3.6/site-packages/learning
[5.696s] copying /home/mi/workplace/build/learning/build/lib/learning/stand.py -> /home/mi/workplace/install/learning/lib/python3.6/site-packages/learning
[5.696s] byte-compiling /home/mi/workplace/install/learning/lib/python3.6/site-packages/learning/__init__.py to __init__.cpython-36.pyc
[5.698s] byte-compiling /home/mi/workplace/install/learning/lib/python3.6/site-packages/learning/stand.py to stand.cpython-36.pyc
[5.703s] running install_data
[5.704s] creating /home/mi/workplace/install/learning/share/ament_index
[5.705s] creating /home/mi/workplace/install/learning/share/ament_index/resource_index
[5.705s] creating /home/mi/workplace/install/learning/share/ament_index/resource_index/packages
[5.706s] copying resource/learning -> /home/mi/workplace/install/learning/share/ament_index/resource_index/packages
[5.706s] copying package.xml -> /home/mi/workplace/install/learning/share/learning
[5.707s] running install_egg_info
[5.708s] Copying ../../build/learning/learning.egg-info to /home/mi/workplace/install/learning/lib/python3.6/site-packages/learning-0.0.0-py3.6.egg-info
[5.708s] running install_scripts
[5.796s] Installing stand script to /home/mi/workplace/install/learning/lib/learning
[5.798s] writing list of installed files to '/home/mi/workplace/build/learning/install.log'
[5.904s] Invoked command in '/home/mi/workplace/src/learning' returned '0': PYTHONPATH=/home/mi/workplace/install/learning/lib/python3.6/site-packages:${PYTHONPATH} /usr/bin/python3 setup.py egg_info --egg-base ../../build/learning build --build-base /home/mi/workplace/build/learning/build install --prefix /home/mi/workplace/install/learning --record /home/mi/workplace/build/learning/install.log --single-version-externally-managed
