[3.994s] Invoking command in '/home/mi/workplace/src/learning': PYTHONPATH=/home/mi/workplace/install/learning/lib/python3.6/site-packages:${PYTHONPATH} /usr/bin/python3 setup.py egg_info --egg-base ../../build/learning build --build-base /home/mi/workplace/build/learning/build install --prefix /home/mi/workplace/install/learning --record /home/mi/workplace/build/learning/install.log --single-version-externally-managed
[5.541s] running egg_info
[5.543s] writing ../../build/learning/learning.egg-info/PKG-INFO
[5.544s] writing dependency_links to ../../build/learning/learning.egg-info/dependency_links.txt
[5.544s] writing entry points to ../../build/learning/learning.egg-info/entry_points.txt
[5.545s] writing requirements to ../../build/learning/learning.egg-info/requires.txt
[5.545s] writing top-level names to ../../build/learning/learning.egg-info/top_level.txt
[5.557s] reading manifest file '../../build/learning/learning.egg-info/SOURCES.txt'
[5.563s] writing manifest file '../../build/learning/learning.egg-info/SOURCES.txt'
[5.564s] running build
[5.565s] running build_py
[5.565s] copying learning/walk.py -> /home/mi/workplace/build/learning/build/lib/learning
[5.566s] running install
[5.568s] /usr/local/lib/python3.6/dist-packages/setuptools/command/install.py:37: SetuptoolsDeprecationWarning: setup.py install is deprecated. Use build and pip and other standards-based tools.
[5.569s]   setuptools.SetuptoolsDeprecationWarning,
[5.570s] running install_lib
[5.573s] copying /home/mi/workplace/build/learning/build/lib/learning/walk.py -> /home/mi/workplace/install/learning/lib/python3.6/site-packages/learning
[5.575s] byte-compiling /home/mi/workplace/install/learning/lib/python3.6/site-packages/learning/walk.py to walk.cpython-36.pyc
[5.578s] running install_data
[5.582s] running install_egg_info
[5.589s] removing '/home/mi/workplace/install/learning/lib/python3.6/site-packages/learning-0.0.0-py3.6.egg-info' (and everything under it)
[5.590s] Copying ../../build/learning/learning.egg-info to /home/mi/workplace/install/learning/lib/python3.6/site-packages/learning-0.0.0-py3.6.egg-info
[5.597s] running install_scripts
[5.680s] Installing distance script to /home/mi/workplace/install/learning/lib/learning
[5.689s] Installing stand script to /home/mi/workplace/install/learning/lib/learning
[5.689s] Installing walk script to /home/mi/workplace/install/learning/lib/learning
[5.690s] writing list of installed files to '/home/mi/workplace/build/learning/install.log'
[5.794s] Invoked command in '/home/mi/workplace/src/learning' returned '0': PYTHONPATH=/home/mi/workplace/install/learning/lib/python3.6/site-packages:${PYTHONPATH} /usr/bin/python3 setup.py egg_info --egg-base ../../build/learning build --build-base /home/mi/workplace/build/learning/build install --prefix /home/mi/workplace/install/learning --record /home/mi/workplace/build/learning/install.log --single-version-externally-managed
