[4.646s] Invoking command in '/home/mi/workplace/src/learning': PYTHONPATH=/home/mi/workplace/install/learning/lib/python3.6/site-packages:${PYTHONPATH} /usr/bin/python3 setup.py egg_info --egg-base ../../build/learning build --build-base /home/mi/workplace/build/learning/build install --prefix /home/mi/workplace/install/learning --record /home/mi/workplace/build/learning/install.log --single-version-externally-managed
[6.220s] running egg_info
[6.221s] writing ../../build/learning/learning.egg-info/PKG-INFO
[6.224s] writing dependency_links to ../../build/learning/learning.egg-info/dependency_links.txt
[6.227s] writing entry points to ../../build/learning/learning.egg-info/entry_points.txt
[6.227s] writing requirements to ../../build/learning/learning.egg-info/requires.txt
[6.228s] writing top-level names to ../../build/learning/learning.egg-info/top_level.txt
[6.244s] reading manifest file '../../build/learning/learning.egg-info/SOURCES.txt'
[6.248s] writing manifest file '../../build/learning/learning.egg-info/SOURCES.txt'
[6.249s] running build
[6.250s] running build_py
[6.251s] running install
[6.253s] /usr/local/lib/python3.6/dist-packages/setuptools/command/install.py:37: SetuptoolsDeprecationWarning: setup.py install is deprecated. Use build and pip and other standards-based tools.
[6.254s]   setuptools.SetuptoolsDeprecationWarning,
[6.255s] running install_lib
[6.261s] copying /home/mi/workplace/build/learning/build/lib/learning/ztest.py -> /home/mi/workplace/install/learning/lib/python3.6/site-packages/learning
[6.264s] running install_data
[6.267s] running install_egg_info
[6.274s] removing '/home/mi/workplace/install/learning/lib/python3.6/site-packages/learning-0.0.0-py3.6.egg-info' (and everything under it)
[6.283s] Copying ../../build/learning/learning.egg-info to /home/mi/workplace/install/learning/lib/python3.6/site-packages/learning-0.0.0-py3.6.egg-info
[6.288s] running install_scripts
[6.376s] Installing distance script to /home/mi/workplace/install/learning/lib/learning
[6.378s] Installing rgb_cam_suber script to /home/mi/workplace/install/learning/lib/learning
[6.379s] Installing stand script to /home/mi/workplace/install/learning/lib/learning
[6.379s] Installing walktest script to /home/mi/workplace/install/learning/lib/learning
[6.384s] writing list of installed files to '/home/mi/workplace/build/learning/install.log'
[6.504s] Invoked command in '/home/mi/workplace/src/learning' returned '0': PYTHONPATH=/home/mi/workplace/install/learning/lib/python3.6/site-packages:${PYTHONPATH} /usr/bin/python3 setup.py egg_info --egg-base ../../build/learning build --build-base /home/mi/workplace/build/learning/build install --prefix /home/mi/workplace/install/learning --record /home/mi/workplace/build/learning/install.log --single-version-externally-managed
