[4.268s] Invoking command in '/home/mi/workplace/src/learning': PYTHONPATH=/home/mi/workplace/install/learning/lib/python3.6/site-packages:${PYTHONPATH} /usr/bin/python3 setup.py egg_info --egg-base ../../build/learning build --build-base /home/mi/workplace/build/learning/build install --prefix /home/mi/workplace/install/learning --record /home/mi/workplace/build/learning/install.log --single-version-externally-managed
[5.834s] running egg_info
[5.842s] writing ../../build/learning/learning.egg-info/PKG-INFO
[5.843s] writing dependency_links to ../../build/learning/learning.egg-info/dependency_links.txt
[5.847s] writing entry points to ../../build/learning/learning.egg-info/entry_points.txt
[5.847s] writing requirements to ../../build/learning/learning.egg-info/requires.txt
[5.848s] writing top-level names to ../../build/learning/learning.egg-info/top_level.txt
[5.861s] reading manifest file '../../build/learning/learning.egg-info/SOURCES.txt'
[5.869s] writing manifest file '../../build/learning/learning.egg-info/SOURCES.txt'
[5.873s] running build
[5.874s] running build_py
[5.875s] copying learning/ball_recog.py -> /home/mi/workplace/build/learning/build/lib/learning
[5.875s] running install
[5.878s] /usr/local/lib/python3.6/dist-packages/setuptools/command/install.py:37: SetuptoolsDeprecationWarning: setup.py install is deprecated. Use build and pip and other standards-based tools.
[5.878s]   setuptools.SetuptoolsDeprecationWarning,
[5.882s] running install_lib
[5.887s] copying /home/mi/workplace/build/learning/build/lib/learning/ball_recog.py -> /home/mi/workplace/install/learning/lib/python3.6/site-packages/learning
[5.894s] byte-compiling /home/mi/workplace/install/learning/lib/python3.6/site-packages/learning/ball_recog.py to ball_recog.cpython-36.pyc
[5.897s]   File "/home/mi/workplace/install/learning/lib/python3.6/site-packages/learning/ball_recog.py", line 45
[5.897s]     return
[5.898s]     ^
[5.898s] SyntaxError: 'return' outside function
[5.899s] 
[5.900s] running install_data
[5.901s] running install_egg_info
[5.909s] removing '/home/mi/workplace/install/learning/lib/python3.6/site-packages/learning-0.0.0-py3.6.egg-info' (and everything under it)
[5.910s] Copying ../../build/learning/learning.egg-info to /home/mi/workplace/install/learning/lib/python3.6/site-packages/learning-0.0.0-py3.6.egg-info
[5.918s] running install_scripts
[6.026s] Installing distance script to /home/mi/workplace/install/learning/lib/learning
[6.027s] Installing infra_cam_suber script to /home/mi/workplace/install/learning/lib/learning
[6.029s] Installing rgb_cam_suber script to /home/mi/workplace/install/learning/lib/learning
[6.030s] Installing stand script to /home/mi/workplace/install/learning/lib/learning
[6.030s] Installing walktest script to /home/mi/workplace/install/learning/lib/learning
[6.034s] writing list of installed files to '/home/mi/workplace/build/learning/install.log'
[6.162s] Invoked command in '/home/mi/workplace/src/learning' returned '0': PYTHONPATH=/home/mi/workplace/install/learning/lib/python3.6/site-packages:${PYTHONPATH} /usr/bin/python3 setup.py egg_info --egg-base ../../build/learning build --build-base /home/mi/workplace/build/learning/build install --prefix /home/mi/workplace/install/learning --record /home/mi/workplace/build/learning/install.log --single-version-externally-managed
