[4.400s] Invoking command in '/home/mi/workplace/src/learning': PYTHONPATH=/home/mi/workplace/install/learning/lib/python3.6/site-packages:${PYTHONPATH} /usr/bin/python3 setup.py egg_info --egg-base ../../build/learning build --build-base /home/mi/workplace/build/learning/build install --prefix /home/mi/workplace/install/learning --record /home/mi/workplace/build/learning/install.log --single-version-externally-managed
[6.239s] running egg_info
[6.242s] writing ../../build/learning/learning.egg-info/PKG-INFO
[6.243s] writing dependency_links to ../../build/learning/learning.egg-info/dependency_links.txt
[6.244s] writing entry points to ../../build/learning/learning.egg-info/entry_points.txt
[6.245s] writing requirements to ../../build/learning/learning.egg-info/requires.txt
[6.246s] writing top-level names to ../../build/learning/learning.egg-info/top_level.txt
[6.262s] reading manifest file '../../build/learning/learning.egg-info/SOURCES.txt'
[6.269s] writing manifest file '../../build/learning/learning.egg-info/SOURCES.txt'
[6.270s] running build
[6.271s] running build_py
[6.273s] running install
[6.274s] /usr/local/lib/python3.6/dist-packages/setuptools/command/install.py:37: SetuptoolsDeprecationWarning: setup.py install is deprecated. Use build and pip and other standards-based tools.
[6.276s]   setuptools.SetuptoolsDeprecationWarning,
[6.276s] running install_lib
[6.282s] byte-compiling /home/mi/workplace/install/learning/lib/python3.6/site-packages/learning/ball_recog.py to ball_recog.cpython-36.pyc
[6.291s]   File "/home/mi/workplace/install/learning/lib/python3.6/site-packages/learning/ball_recog.py", line 45
[6.293s]     return
[6.293s]     ^
[6.294s] SyntaxError: 'return' outside function
[6.297s] 
[6.298s] running install_data
[6.299s] running install_egg_info
[6.299s] removing '/home/mi/workplace/install/learning/lib/python3.6/site-packages/learning-0.0.0-py3.6.egg-info' (and everything under it)
[6.300s] Copying ../../build/learning/learning.egg-info to /home/mi/workplace/install/learning/lib/python3.6/site-packages/learning-0.0.0-py3.6.egg-info
[6.303s] running install_scripts
[6.393s] Installing distance script to /home/mi/workplace/install/learning/lib/learning
[6.394s] Installing infra_cam_suber script to /home/mi/workplace/install/learning/lib/learning
[6.395s] Installing rgb_cam_suber script to /home/mi/workplace/install/learning/lib/learning
[6.395s] Installing stand script to /home/mi/workplace/install/learning/lib/learning
[6.396s] Installing walktest script to /home/mi/workplace/install/learning/lib/learning
[6.398s] writing list of installed files to '/home/mi/workplace/build/learning/install.log'
[6.517s] Invoked command in '/home/mi/workplace/src/learning' returned '0': PYTHONPATH=/home/mi/workplace/install/learning/lib/python3.6/site-packages:${PYTHONPATH} /usr/bin/python3 setup.py egg_info --egg-base ../../build/learning build --build-base /home/mi/workplace/build/learning/build install --prefix /home/mi/workplace/install/learning --record /home/mi/workplace/build/learning/install.log --single-version-externally-managed
