[4.300s] Invoking command in '/home/mi/workplace/src/learning': PYTHONPATH=/home/mi/workplace/install/learning/lib/python3.6/site-packages:${PYTHONPATH} /usr/bin/python3 setup.py egg_info --egg-base ../../build/learning build --build-base /home/mi/workplace/build/learning/build install --prefix /home/mi/workplace/install/learning --record /home/mi/workplace/build/learning/install.log --single-version-externally-managed
[5.923s] running egg_info
[5.927s] writing ../../build/learning/learning.egg-info/PKG-INFO
[5.928s] writing dependency_links to ../../build/learning/learning.egg-info/dependency_links.txt
[5.929s] writing entry points to ../../build/learning/learning.egg-info/entry_points.txt
[5.930s] writing requirements to ../../build/learning/learning.egg-info/requires.txt
[5.934s] writing top-level names to ../../build/learning/learning.egg-info/top_level.txt
[5.947s] reading manifest file '../../build/learning/learning.egg-info/SOURCES.txt'
[5.954s] writing manifest file '../../build/learning/learning.egg-info/SOURCES.txt'
[5.955s] running build
[5.955s] running build_py
[5.962s] /usr/local/lib/python3.6/dist-packages/setuptools/command/install.py:37: SetuptoolsDeprecationWarning: setup.py install is deprecated. Use build and pip and other standards-based tools.
[5.962s] running install
[5.963s]   setuptools.SetuptoolsDeprecationWarning,
[5.966s] running install_lib
[5.967s] byte-compiling /home/mi/workplace/install/learning/lib/python3.6/site-packages/learning/ztest.py to ztest.cpython-36.pyc
[5.969s]   File "/home/mi/workplace/install/learning/lib/python3.6/site-packages/learning/ztest.py", line 81
[5.970s]     excpt KeyboardInterrupt:
[5.971s]         ^
[5.971s] SyntaxError: invalid syntax
[5.972s] 
[5.974s] running install_data
[5.974s] running install_egg_info
[5.988s] removing '/home/mi/workplace/install/learning/lib/python3.6/site-packages/learning-0.0.0-py3.6.egg-info' (and everything under it)
[5.989s] Copying ../../build/learning/learning.egg-info to /home/mi/workplace/install/learning/lib/python3.6/site-packages/learning-0.0.0-py3.6.egg-info
[6.007s] running install_scripts
[6.117s] Installing distance script to /home/mi/workplace/install/learning/lib/learning
[6.118s] Installing rgb_cam_suber script to /home/mi/workplace/install/learning/lib/learning
[6.121s] Installing stand script to /home/mi/workplace/install/learning/lib/learning
[6.122s] Installing walktest script to /home/mi/workplace/install/learning/lib/learning
[6.123s] writing list of installed files to '/home/mi/workplace/build/learning/install.log'
[6.252s] Invoked command in '/home/mi/workplace/src/learning' returned '0': PYTHONPATH=/home/mi/workplace/install/learning/lib/python3.6/site-packages:${PYTHONPATH} /usr/bin/python3 setup.py egg_info --egg-base ../../build/learning build --build-base /home/mi/workplace/build/learning/build install --prefix /home/mi/workplace/install/learning --record /home/mi/workplace/build/learning/install.log --single-version-externally-managed
