[4.050s] Invoking command in '/home/mi/workplace/src/learning': PYTHONPATH=/home/mi/workplace/install/learning/lib/python3.6/site-packages:${PYTHONPATH} /usr/bin/python3 setup.py egg_info --egg-base ../../build/learning build --build-base /home/mi/workplace/build/learning/build install --prefix /home/mi/workplace/install/learning --record /home/mi/workplace/build/learning/install.log --single-version-externally-managed
[5.848s] running egg_info
[5.850s] writing ../../build/learning/learning.egg-info/PKG-INFO
[5.851s] writing dependency_links to ../../build/learning/learning.egg-info/dependency_links.txt
[5.854s] writing entry points to ../../build/learning/learning.egg-info/entry_points.txt
[5.854s] writing requirements to ../../build/learning/learning.egg-info/requires.txt
[5.856s] writing top-level names to ../../build/learning/learning.egg-info/top_level.txt
[5.872s] reading manifest file '../../build/learning/learning.egg-info/SOURCES.txt'
[5.880s] writing manifest file '../../build/learning/learning.egg-info/SOURCES.txt'
[5.885s] running build
[5.886s] running build_py
[5.886s] copying learning/stand.py -> /home/mi/workplace/build/learning/build/lib/learning
[5.887s] running install
[5.888s] /usr/local/lib/python3.6/dist-packages/setuptools/command/install.py:37: SetuptoolsDeprecationWarning: setup.py install is deprecated. Use build and pip and other standards-based tools.
[5.888s]   setuptools.SetuptoolsDeprecationWarning,
[5.889s] running install_lib
[5.894s] copying /home/mi/workplace/build/learning/build/lib/learning/stand.py -> /home/mi/workplace/install/learning/lib/python3.6/site-packages/learning
[5.895s] byte-compiling /home/mi/workplace/install/learning/lib/python3.6/site-packages/learning/stand.py to stand.cpython-36.pyc
[5.897s] running install_data
[5.901s] running install_egg_info
[5.911s] removing '/home/mi/workplace/install/learning/lib/python3.6/site-packages/learning-0.0.0-py3.6.egg-info' (and everything under it)
[5.912s] Copying ../../build/learning/learning.egg-info to /home/mi/workplace/install/learning/lib/python3.6/site-packages/learning-0.0.0-py3.6.egg-info
[5.918s] running install_scripts
[6.019s] Installing stand script to /home/mi/workplace/install/learning/lib/learning
[6.022s] writing list of installed files to '/home/mi/workplace/build/learning/install.log'
[6.150s] Invoked command in '/home/mi/workplace/src/learning' returned '0': PYTHONPATH=/home/mi/workplace/install/learning/lib/python3.6/site-packages:${PYTHONPATH} /usr/bin/python3 setup.py egg_info --egg-base ../../build/learning build --build-base /home/mi/workplace/build/learning/build install --prefix /home/mi/workplace/install/learning --record /home/mi/workplace/build/learning/install.log --single-version-externally-managed
