[3.938s] Invoking command in '/home/mi/workplace/src/learning': PYTHONPATH=/home/mi/workplace/install/learning/lib/python3.6/site-packages:${PYTHONPATH} /usr/bin/python3 setup.py egg_info --egg-base ../../build/learning build --build-base /home/mi/workplace/build/learning/build install --prefix /home/mi/workplace/install/learning --record /home/mi/workplace/build/learning/install.log --single-version-externally-managed
[5.402s] running egg_info
[5.411s] writing ../../build/learning/learning.egg-info/PKG-INFO
[5.412s] writing dependency_links to ../../build/learning/learning.egg-info/dependency_links.txt
[5.412s] writing entry points to ../../build/learning/learning.egg-info/entry_points.txt
[5.413s] writing requirements to ../../build/learning/learning.egg-info/requires.txt
[5.413s] writing top-level names to ../../build/learning/learning.egg-info/top_level.txt
[5.424s] reading manifest file '../../build/learning/learning.egg-info/SOURCES.txt'
[5.430s] writing manifest file '../../build/learning/learning.egg-info/SOURCES.txt'
[5.430s] running build
[5.431s] running build_py
[5.433s] running install
[5.435s] /usr/local/lib/python3.6/dist-packages/setuptools/command/install.py:37: SetuptoolsDeprecationWarning: setup.py install is deprecated. Use build and pip and other standards-based tools.
[5.435s]   setuptools.SetuptoolsDeprecationWarning,
[5.436s] running install_lib
[5.441s] running install_data
[5.443s] running install_egg_info
[5.450s] removing '/home/mi/workplace/install/learning/lib/python3.6/site-packages/learning-0.0.0-py3.6.egg-info' (and everything under it)
[5.458s] Copying ../../build/learning/learning.egg-info to /home/mi/workplace/install/learning/lib/python3.6/site-packages/learning-0.0.0-py3.6.egg-info
[5.459s] running install_scripts
[5.541s] Installing distance script to /home/mi/workplace/install/learning/lib/learning
[5.542s] Installing stand script to /home/mi/workplace/install/learning/lib/learning
[5.543s] Installing walk script to /home/mi/workplace/install/learning/lib/learning
[5.543s] Installing walktest script to /home/mi/workplace/install/learning/lib/learning
[5.544s] Installing ztest script to /home/mi/workplace/install/learning/lib/learning
[5.545s] writing list of installed files to '/home/mi/workplace/build/learning/install.log'
[5.654s] Invoked command in '/home/mi/workplace/src/learning' returned '0': PYTHONPATH=/home/mi/workplace/install/learning/lib/python3.6/site-packages:${PYTHONPATH} /usr/bin/python3 setup.py egg_info --egg-base ../../build/learning build --build-base /home/mi/workplace/build/learning/build install --prefix /home/mi/workplace/install/learning --record /home/mi/workplace/build/learning/install.log --single-version-externally-managed
