[4.107s] Invoking command in '/home/mi/workplace/src/learning': PYTHONPATH=/home/mi/workplace/install/learning/lib/python3.6/site-packages:${PYTHONPATH} /usr/bin/python3 setup.py egg_info --egg-base ../../build/learning build --build-base /home/mi/workplace/build/learning/build install --prefix /home/mi/workplace/install/learning --record /home/mi/workplace/build/learning/install.log --single-version-externally-managed
[5.688s] running egg_info
[5.692s] writing ../../build/learning/learning.egg-info/PKG-INFO
[5.692s] writing dependency_links to ../../build/learning/learning.egg-info/dependency_links.txt
[5.694s] writing entry points to ../../build/learning/learning.egg-info/entry_points.txt
[5.694s] writing requirements to ../../build/learning/learning.egg-info/requires.txt
[5.695s] writing top-level names to ../../build/learning/learning.egg-info/top_level.txt
[5.711s] reading manifest file '../../build/learning/learning.egg-info/SOURCES.txt'
[5.717s] writing manifest file '../../build/learning/learning.egg-info/SOURCES.txt'
[5.719s] running build
[5.719s] running build_py
[5.720s] copying learning/rgb_cam_suber.py -> /home/mi/workplace/build/learning/build/lib/learning
[5.722s] running install
[5.723s] /usr/local/lib/python3.6/dist-packages/setuptools/command/install.py:37: SetuptoolsDeprecationWarning: setup.py install is deprecated. Use build and pip and other standards-based tools.
[5.724s]   setuptools.SetuptoolsDeprecationWarning,
[5.725s] running install_lib
[5.731s] copying /home/mi/workplace/build/learning/build/lib/learning/rgb_cam_suber.py -> /home/mi/workplace/install/learning/lib/python3.6/site-packages/learning
[5.733s] byte-compiling /home/mi/workplace/install/learning/lib/python3.6/site-packages/learning/ball_recog.py to ball_recog.cpython-36.pyc
[5.736s]   File "/home/mi/workplace/install/learning/lib/python3.6/site-packages/learning/ball_recog.py", line 45
[5.736s]     return
[5.737s]     ^
[5.738s] SyntaxError: 'return' outside function
[5.739s] 
[5.740s] byte-compiling /home/mi/workplace/install/learning/lib/python3.6/site-packages/learning/rgb_cam_suber.py to rgb_cam_suber.cpython-36.pyc
[5.741s] running install_data
[5.741s] running install_egg_info
[5.749s] removing '/home/mi/workplace/install/learning/lib/python3.6/site-packages/learning-0.0.0-py3.6.egg-info' (and everything under it)
[5.750s] Copying ../../build/learning/learning.egg-info to /home/mi/workplace/install/learning/lib/python3.6/site-packages/learning-0.0.0-py3.6.egg-info
[5.756s] running install_scripts
[5.847s] Installing distance script to /home/mi/workplace/install/learning/lib/learning
[5.849s] Installing infra_cam_suber script to /home/mi/workplace/install/learning/lib/learning
[5.851s] Installing rgb_cam_suber script to /home/mi/workplace/install/learning/lib/learning
[5.852s] Installing stand script to /home/mi/workplace/install/learning/lib/learning
[5.853s] Installing walktest script to /home/mi/workplace/install/learning/lib/learning
[5.854s] writing list of installed files to '/home/mi/workplace/build/learning/install.log'
[5.974s] Invoked command in '/home/mi/workplace/src/learning' returned '0': PYTHONPATH=/home/mi/workplace/install/learning/lib/python3.6/site-packages:${PYTHONPATH} /usr/bin/python3 setup.py egg_info --egg-base ../../build/learning build --build-base /home/mi/workplace/build/learning/build install --prefix /home/mi/workplace/install/learning --record /home/mi/workplace/build/learning/install.log --single-version-externally-managed
