[3.886s] Invoking command in '/home/mi/workplace/src/learning': PYTHONPATH=/home/mi/workplace/install/learning/lib/python3.6/site-packages:${PYTHONPATH} /usr/bin/python3 setup.py egg_info --egg-base ../../build/learning build --build-base /home/mi/workplace/build/learning/build install --prefix /home/mi/workplace/install/learning --record /home/mi/workplace/build/learning/install.log --single-version-externally-managed
[5.577s] running egg_info
[5.578s] writing ../../build/learning/learning.egg-info/PKG-INFO
[5.579s] writing dependency_links to ../../build/learning/learning.egg-info/dependency_links.txt
[5.579s] writing entry points to ../../build/learning/learning.egg-info/entry_points.txt
[5.580s] writing requirements to ../../build/learning/learning.egg-info/requires.txt
[5.580s] writing top-level names to ../../build/learning/learning.egg-info/top_level.txt
[5.595s] reading manifest file '../../build/learning/learning.egg-info/SOURCES.txt'
[5.599s] writing manifest file '../../build/learning/learning.egg-info/SOURCES.txt'
[5.600s] running build
[5.601s] running build_py
[5.601s] copying learning/walk.py -> /home/mi/workplace/build/learning/build/lib/learning
[5.603s] running install
[5.604s] /usr/local/lib/python3.6/dist-packages/setuptools/command/install.py:37: SetuptoolsDeprecationWarning: setup.py install is deprecated. Use build and pip and other standards-based tools.
[5.606s]   setuptools.SetuptoolsDeprecationWarning,
[5.606s] running install_lib
[5.609s] copying /home/mi/workplace/build/learning/build/lib/learning/walk.py -> /home/mi/workplace/install/learning/lib/python3.6/site-packages/learning
[5.612s] byte-compiling /home/mi/workplace/install/learning/lib/python3.6/site-packages/learning/walk.py to walk.cpython-36.pyc
[5.615s] running install_data
[5.618s] running install_egg_info
[5.626s] removing '/home/mi/workplace/install/learning/lib/python3.6/site-packages/learning-0.0.0-py3.6.egg-info' (and everything under it)
[5.631s] Copying ../../build/learning/learning.egg-info to /home/mi/workplace/install/learning/lib/python3.6/site-packages/learning-0.0.0-py3.6.egg-info
[5.634s] running install_scripts
[5.732s] Installing distance script to /home/mi/workplace/install/learning/lib/learning
[5.737s] Installing stand script to /home/mi/workplace/install/learning/lib/learning
[5.737s] Installing walk script to /home/mi/workplace/install/learning/lib/learning
[5.738s] writing list of installed files to '/home/mi/workplace/build/learning/install.log'
[5.864s] Invoked command in '/home/mi/workplace/src/learning' returned '0': PYTHONPATH=/home/mi/workplace/install/learning/lib/python3.6/site-packages:${PYTHONPATH} /usr/bin/python3 setup.py egg_info --egg-base ../../build/learning build --build-base /home/mi/workplace/build/learning/build install --prefix /home/mi/workplace/install/learning --record /home/mi/workplace/build/learning/install.log --single-version-externally-managed
