[4.867s] Invoking command in '/home/mi/workplace/src/learning': PYTHONPATH=/home/mi/workplace/install/learning/lib/python3.6/site-packages:${PYTHONPATH} /usr/bin/python3 setup.py egg_info --egg-base ../../build/learning build --build-base /home/mi/workplace/build/learning/build install --prefix /home/mi/workplace/install/learning --record /home/mi/workplace/build/learning/install.log --single-version-externally-managed
[6.679s] running egg_info
[6.682s] writing ../../build/learning/learning.egg-info/PKG-INFO
[6.683s] writing dependency_links to ../../build/learning/learning.egg-info/dependency_links.txt
[6.685s] writing entry points to ../../build/learning/learning.egg-info/entry_points.txt
[6.686s] writing requirements to ../../build/learning/learning.egg-info/requires.txt
[6.691s] writing top-level names to ../../build/learning/learning.egg-info/top_level.txt
[6.707s] reading manifest file '../../build/learning/learning.egg-info/SOURCES.txt'
[6.718s] writing manifest file '../../build/learning/learning.egg-info/SOURCES.txt'
[6.719s] running build
[6.721s] running build_py
[6.726s] copying learning/walk_onesec.py -> /home/mi/workplace/build/learning/build/lib/learning
[6.731s] running install
[6.732s] /usr/local/lib/python3.6/dist-packages/setuptools/command/install.py:37: SetuptoolsDeprecationWarning: setup.py install is deprecated. Use build and pip and other standards-based tools.
[6.757s]   setuptools.SetuptoolsDeprecationWarning,
[6.760s] running install_lib
[6.761s] copying /home/mi/workplace/build/learning/build/lib/learning/walk_onesec.py -> /home/mi/workplace/install/learning/lib/python3.6/site-packages/learning
[6.761s] byte-compiling /home/mi/workplace/install/learning/lib/python3.6/site-packages/learning/ztest.py to ztest.cpython-36.pyc
[6.762s]   File "/home/mi/workplace/install/learning/lib/python3.6/site-packages/learning/ztest.py", line 81
[6.762s]     excpt KeyboardInterrupt:
[6.763s]         ^
[6.765s] SyntaxError: invalid syntax
[6.766s] 
[6.766s] byte-compiling /home/mi/workplace/install/learning/lib/python3.6/site-packages/learning/point.py to point.cpython-36.pyc
[6.767s]   File "/home/mi/workplace/install/learning/lib/python3.6/site-packages/learning/point.py", line 18
[6.774s]     
[6.775s]     ^
[6.776s] SyntaxError: unexpected EOF while parsing
[6.777s] 
[6.778s] byte-compiling /home/mi/workplace/install/learning/lib/python3.6/site-packages/learning/walk_onesec.py to walk_onesec.cpython-36.pyc
[6.781s] running install_data
[6.782s] running install_egg_info
[6.782s] removing '/home/mi/workplace/install/learning/lib/python3.6/site-packages/learning-0.0.0-py3.6.egg-info' (and everything under it)
[6.783s] Copying ../../build/learning/learning.egg-info to /home/mi/workplace/install/learning/lib/python3.6/site-packages/learning-0.0.0-py3.6.egg-info
[6.796s] running install_scripts
[6.928s] Installing crash script to /home/mi/workplace/install/learning/lib/learning
[6.929s] Installing data_reciv script to /home/mi/workplace/install/learning/lib/learning
[6.931s] Installing distance script to /home/mi/workplace/install/learning/lib/learning
[6.932s] Installing infra_cam_suber script to /home/mi/workplace/install/learning/lib/learning
[6.940s] Installing rgb_cam_suber script to /home/mi/workplace/install/learning/lib/learning
[6.944s] Installing rgb_test script to /home/mi/workplace/install/learning/lib/learning
[6.945s] Installing rotate script to /home/mi/workplace/install/learning/lib/learning
[6.946s] Installing see_and_crash script to /home/mi/workplace/install/learning/lib/learning
[6.946s] Installing sit script to /home/mi/workplace/install/learning/lib/learning
[6.947s] Installing stand script to /home/mi/workplace/install/learning/lib/learning
[6.952s] Installing track script to /home/mi/workplace/install/learning/lib/learning
[6.957s] Installing walk_onesec script to /home/mi/workplace/install/learning/lib/learning
[6.958s] Installing walktest script to /home/mi/workplace/install/learning/lib/learning
[6.974s] writing list of installed files to '/home/mi/workplace/build/learning/install.log'
[7.093s] Invoked command in '/home/mi/workplace/src/learning' returned '0': PYTHONPATH=/home/mi/workplace/install/learning/lib/python3.6/site-packages:${PYTHONPATH} /usr/bin/python3 setup.py egg_info --egg-base ../../build/learning build --build-base /home/mi/workplace/build/learning/build install --prefix /home/mi/workplace/install/learning --record /home/mi/workplace/build/learning/install.log --single-version-externally-managed
