[4.138s] Invoking command in '/home/mi/workplace/src/learning': PYTHONPATH=/home/mi/workplace/install/learning/lib/python3.6/site-packages:${PYTHONPATH} /usr/bin/python3 setup.py egg_info --egg-base ../../build/learning build --build-base /home/mi/workplace/build/learning/build install --prefix /home/mi/workplace/install/learning --record /home/mi/workplace/build/learning/install.log --single-version-externally-managed
[5.744s] running egg_info
[5.746s] writing ../../build/learning/learning.egg-info/PKG-INFO
[5.747s] writing dependency_links to ../../build/learning/learning.egg-info/dependency_links.txt
[5.748s] writing entry points to ../../build/learning/learning.egg-info/entry_points.txt
[5.749s] writing requirements to ../../build/learning/learning.egg-info/requires.txt
[5.750s] writing top-level names to ../../build/learning/learning.egg-info/top_level.txt
[5.767s] reading manifest file '../../build/learning/learning.egg-info/SOURCES.txt'
[5.773s] writing manifest file '../../build/learning/learning.egg-info/SOURCES.txt'
[5.774s] running build
[5.774s] running build_py
[5.777s] copying learning/rgb_cam_suber.py -> /home/mi/workplace/build/learning/build/lib/learning
[5.778s] running install
[5.779s] /usr/local/lib/python3.6/dist-packages/setuptools/command/install.py:37: SetuptoolsDeprecationWarning: setup.py install is deprecated. Use build and pip and other standards-based tools.
[5.780s]   setuptools.SetuptoolsDeprecationWarning,
[5.781s] running install_lib
[5.786s] copying /home/mi/workplace/build/learning/build/lib/learning/rgb_cam_suber.py -> /home/mi/workplace/install/learning/lib/python3.6/site-packages/learning
[5.789s] byte-compiling /home/mi/workplace/install/learning/lib/python3.6/site-packages/learning/ball_recog.py to ball_recog.cpython-36.pyc
[5.792s]   File "/home/mi/workplace/install/learning/lib/python3.6/site-packages/learning/ball_recog.py", line 45
[5.793s]     return
[5.793s]     ^
[5.794s] SyntaxError: 'return' outside function
[5.794s] 
[5.795s] byte-compiling /home/mi/workplace/install/learning/lib/python3.6/site-packages/learning/rgb_cam_suber.py to rgb_cam_suber.cpython-36.pyc
[5.796s] running install_data
[5.799s] running install_egg_info
[5.807s] removing '/home/mi/workplace/install/learning/lib/python3.6/site-packages/learning-0.0.0-py3.6.egg-info' (and everything under it)
[5.809s] Copying ../../build/learning/learning.egg-info to /home/mi/workplace/install/learning/lib/python3.6/site-packages/learning-0.0.0-py3.6.egg-info
[5.813s] running install_scripts
[5.908s] Installing distance script to /home/mi/workplace/install/learning/lib/learning
[5.909s] Installing infra_cam_suber script to /home/mi/workplace/install/learning/lib/learning
[5.910s] Installing rgb_cam_suber script to /home/mi/workplace/install/learning/lib/learning
[5.910s] Installing stand script to /home/mi/workplace/install/learning/lib/learning
[5.913s] Installing walktest script to /home/mi/workplace/install/learning/lib/learning
[5.914s] writing list of installed files to '/home/mi/workplace/build/learning/install.log'
[6.029s] Invoked command in '/home/mi/workplace/src/learning' returned '0': PYTHONPATH=/home/mi/workplace/install/learning/lib/python3.6/site-packages:${PYTHONPATH} /usr/bin/python3 setup.py egg_info --egg-base ../../build/learning build --build-base /home/mi/workplace/build/learning/build install --prefix /home/mi/workplace/install/learning --record /home/mi/workplace/build/learning/install.log --single-version-externally-managed
