[4.545s] Invoking command in '/home/mi/workplace/src/learning': PYTHONPATH=/home/mi/workplace/install/learning/lib/python3.6/site-packages:${PYTHONPATH} /usr/bin/python3 setup.py egg_info --egg-base ../../build/learning build --build-base /home/mi/workplace/build/learning/build install --prefix /home/mi/workplace/install/learning --record /home/mi/workplace/build/learning/install.log --single-version-externally-managed
[6.272s] running egg_info
[6.276s] writing ../../build/learning/learning.egg-info/PKG-INFO
[6.277s] writing dependency_links to ../../build/learning/learning.egg-info/dependency_links.txt
[6.280s] writing entry points to ../../build/learning/learning.egg-info/entry_points.txt
[6.281s] writing requirements to ../../build/learning/learning.egg-info/requires.txt
[6.282s] writing top-level names to ../../build/learning/learning.egg-info/top_level.txt
[6.304s] reading manifest file '../../build/learning/learning.egg-info/SOURCES.txt'
[6.311s] writing manifest file '../../build/learning/learning.egg-info/SOURCES.txt'
[6.313s] running build
[6.313s] running build_py
[6.316s] copying learning/track.py -> /home/mi/workplace/build/learning/build/lib/learning
[6.321s] running install
[6.322s] /usr/local/lib/python3.6/dist-packages/setuptools/command/install.py:37: SetuptoolsDeprecationWarning: setup.py install is deprecated. Use build and pip and other standards-based tools.
[6.322s]   setuptools.SetuptoolsDeprecationWarning,
[6.327s] running install_lib
[6.331s] copying /home/mi/workplace/build/learning/build/lib/learning/track.py -> /home/mi/workplace/install/learning/lib/python3.6/site-packages/learning
[6.334s] byte-compiling /home/mi/workplace/install/learning/lib/python3.6/site-packages/learning/ztest.py to ztest.cpython-36.pyc
[6.336s]   File "/home/mi/workplace/install/learning/lib/python3.6/site-packages/learning/ztest.py", line 81
[6.337s]     excpt KeyboardInterrupt:
[6.338s]         ^
[6.339s] SyntaxError: invalid syntax
[6.340s] 
[6.341s] byte-compiling /home/mi/workplace/install/learning/lib/python3.6/site-packages/learning/transverse.py to transverse.cpython-36.pyc
[6.342s] Sorry: IndentationError: expected an indented block (transverse.py, line 33)
[6.343s] byte-compiling /home/mi/workplace/install/learning/lib/python3.6/site-packages/learning/track.py to track.cpython-36.pyc
[6.343s] running install_data
[6.346s] running install_egg_info
[6.356s] removing '/home/mi/workplace/install/learning/lib/python3.6/site-packages/learning-0.0.0-py3.6.egg-info' (and everything under it)
[6.358s] Copying ../../build/learning/learning.egg-info to /home/mi/workplace/install/learning/lib/python3.6/site-packages/learning-0.0.0-py3.6.egg-info
[6.365s] running install_scripts
[6.484s] Installing crash script to /home/mi/workplace/install/learning/lib/learning
[6.486s] Installing data_reciv script to /home/mi/workplace/install/learning/lib/learning
[6.487s] Installing distance script to /home/mi/workplace/install/learning/lib/learning
[6.487s] Installing infra_cam_suber script to /home/mi/workplace/install/learning/lib/learning
[6.489s] Installing rgb_cam_suber script to /home/mi/workplace/install/learning/lib/learning
[6.490s] Installing rgb_test script to /home/mi/workplace/install/learning/lib/learning
[6.491s] Installing stand script to /home/mi/workplace/install/learning/lib/learning
[6.491s] Installing track script to /home/mi/workplace/install/learning/lib/learning
[6.492s] Installing walktest script to /home/mi/workplace/install/learning/lib/learning
[6.496s] writing list of installed files to '/home/mi/workplace/build/learning/install.log'
[6.663s] Invoked command in '/home/mi/workplace/src/learning' returned '0': PYTHONPATH=/home/mi/workplace/install/learning/lib/python3.6/site-packages:${PYTHONPATH} /usr/bin/python3 setup.py egg_info --egg-base ../../build/learning build --build-base /home/mi/workplace/build/learning/build install --prefix /home/mi/workplace/install/learning --record /home/mi/workplace/build/learning/install.log --single-version-externally-managed
