[5.637s] Invoking command in '/home/mi/workplace/src/learning': PYTHONPATH=/home/mi/workplace/install/learning/lib/python3.6/site-packages:${PYTHONPATH} /usr/bin/python3 setup.py egg_info --egg-base ../../build/learning build --build-base /home/mi/workplace/build/learning/build install --prefix /home/mi/workplace/install/learning --record /home/mi/workplace/build/learning/install.log --single-version-externally-managed
[7.311s] running egg_info
[7.321s] writing ../../build/learning/learning.egg-info/PKG-INFO
[7.322s] writing dependency_links to ../../build/learning/learning.egg-info/dependency_links.txt
[7.323s] writing entry points to ../../build/learning/learning.egg-info/entry_points.txt
[7.324s] writing requirements to ../../build/learning/learning.egg-info/requires.txt
[7.325s] writing top-level names to ../../build/learning/learning.egg-info/top_level.txt
[7.342s] reading manifest file '../../build/learning/learning.egg-info/SOURCES.txt'
[7.357s] writing manifest file '../../build/learning/learning.egg-info/SOURCES.txt'
[7.358s] running build
[7.359s] running build_py
[7.363s] copying learning/rotate.py -> /home/mi/workplace/build/learning/build/lib/learning
[7.367s] running install
[7.369s] /usr/local/lib/python3.6/dist-packages/setuptools/command/install.py:37: SetuptoolsDeprecationWarning: setup.py install is deprecated. Use build and pip and other standards-based tools.
[7.370s]   setuptools.SetuptoolsDeprecationWarning,
[7.371s] running install_lib
[7.378s] copying /home/mi/workplace/build/learning/build/lib/learning/rotate.py -> /home/mi/workplace/install/learning/lib/python3.6/site-packages/learning
[7.380s] byte-compiling /home/mi/workplace/install/learning/lib/python3.6/site-packages/learning/ztest.py to ztest.cpython-36.pyc
[7.383s]   File "/home/mi/workplace/install/learning/lib/python3.6/site-packages/learning/ztest.py", line 81
[7.384s]     excpt KeyboardInterrupt:
[7.384s]         ^
[7.391s] SyntaxError: invalid syntax
[7.392s] 
[7.393s] byte-compiling /home/mi/workplace/install/learning/lib/python3.6/site-packages/learning/point.py to point.cpython-36.pyc
[7.400s]   File "/home/mi/workplace/install/learning/lib/python3.6/site-packages/learning/point.py", line 18
[7.401s]     
[7.402s]     ^
[7.404s] SyntaxError: unexpected EOF while parsing
[7.405s] 
[7.406s] byte-compiling /home/mi/workplace/install/learning/lib/python3.6/site-packages/learning/rotate.py to rotate.cpython-36.pyc
[7.406s] running install_data
[7.407s] running install_egg_info
[7.408s] removing '/home/mi/workplace/install/learning/lib/python3.6/site-packages/learning-0.0.0-py3.6.egg-info' (and everything under it)
[7.412s] Copying ../../build/learning/learning.egg-info to /home/mi/workplace/install/learning/lib/python3.6/site-packages/learning-0.0.0-py3.6.egg-info
[7.417s] running install_scripts
[7.528s] Installing crash script to /home/mi/workplace/install/learning/lib/learning
[7.534s] Installing data_reciv script to /home/mi/workplace/install/learning/lib/learning
[7.535s] Installing distance script to /home/mi/workplace/install/learning/lib/learning
[7.535s] Installing infra_cam_suber script to /home/mi/workplace/install/learning/lib/learning
[7.536s] Installing rgb_cam_suber script to /home/mi/workplace/install/learning/lib/learning
[7.536s] Installing rgb_test script to /home/mi/workplace/install/learning/lib/learning
[7.537s] Installing rotate script to /home/mi/workplace/install/learning/lib/learning
[7.537s] Installing see_and_crash script to /home/mi/workplace/install/learning/lib/learning
[7.538s] Installing sit script to /home/mi/workplace/install/learning/lib/learning
[7.539s] Installing stand script to /home/mi/workplace/install/learning/lib/learning
[7.539s] Installing track script to /home/mi/workplace/install/learning/lib/learning
[7.541s] Installing walk_onesec script to /home/mi/workplace/install/learning/lib/learning
[7.546s] Installing walktest script to /home/mi/workplace/install/learning/lib/learning
[7.550s] writing list of installed files to '/home/mi/workplace/build/learning/install.log'
[7.720s] Invoked command in '/home/mi/workplace/src/learning' returned '0': PYTHONPATH=/home/mi/workplace/install/learning/lib/python3.6/site-packages:${PYTHONPATH} /usr/bin/python3 setup.py egg_info --egg-base ../../build/learning build --build-base /home/mi/workplace/build/learning/build install --prefix /home/mi/workplace/install/learning --record /home/mi/workplace/build/learning/install.log --single-version-externally-managed
