[3.870s] Invoking command in '/home/mi/workplace/src/learning': PYTHONPATH=/home/mi/workplace/install/learning/lib/python3.6/site-packages:${PYTHONPATH} /usr/bin/python3 setup.py egg_info --egg-base ../../build/learning build --build-base /home/mi/workplace/build/learning/build install --prefix /home/mi/workplace/install/learning --record /home/mi/workplace/build/learning/install.log --single-version-externally-managed
[5.491s] running egg_info
[5.495s] writing ../../build/learning/learning.egg-info/PKG-INFO
[5.496s] writing dependency_links to ../../build/learning/learning.egg-info/dependency_links.txt
[5.498s] writing entry points to ../../build/learning/learning.egg-info/entry_points.txt
[5.498s] writing requirements to ../../build/learning/learning.egg-info/requires.txt
[5.499s] writing top-level names to ../../build/learning/learning.egg-info/top_level.txt
[5.518s] reading manifest file '../../build/learning/learning.egg-info/SOURCES.txt'
[5.526s] writing manifest file '../../build/learning/learning.egg-info/SOURCES.txt'
[5.526s] running build
[5.527s] running build_py
[5.528s] copying learning/111.py -> /home/mi/workplace/build/learning/build/lib/learning
[5.531s] running install
[5.532s] /usr/local/lib/python3.6/dist-packages/setuptools/command/install.py:37: SetuptoolsDeprecationWarning: setup.py install is deprecated. Use build and pip and other standards-based tools.
[5.532s]   setuptools.SetuptoolsDeprecationWarning,
[5.534s] running install_lib
[5.538s] copying /home/mi/workplace/build/learning/build/lib/learning/111.py -> /home/mi/workplace/install/learning/lib/python3.6/site-packages/learning
[5.542s] byte-compiling /home/mi/workplace/install/learning/lib/python3.6/site-packages/learning/ztest.py to ztest.cpython-36.pyc
[5.544s]   File "/home/mi/workplace/install/learning/lib/python3.6/site-packages/learning/ztest.py", line 81
[5.544s]     excpt KeyboardInterrupt:
[5.545s]         ^
[5.545s] SyntaxError: invalid syntax
[5.546s] 
[5.546s] byte-compiling /home/mi/workplace/install/learning/lib/python3.6/site-packages/learning/111.py to 111.cpython-36.pyc
[5.557s] running install_data
[5.558s] running install_egg_info
[5.576s] removing '/home/mi/workplace/install/learning/lib/python3.6/site-packages/learning-0.0.0-py3.6.egg-info' (and everything under it)
[5.577s] Copying ../../build/learning/learning.egg-info to /home/mi/workplace/install/learning/lib/python3.6/site-packages/learning-0.0.0-py3.6.egg-info
[5.578s] running install_scripts
[5.667s] Installing 111 script to /home/mi/workplace/install/learning/lib/learning
[5.669s] Installing distance script to /home/mi/workplace/install/learning/lib/learning
[5.671s] Installing stand script to /home/mi/workplace/install/learning/lib/learning
[5.672s] Installing walk script to /home/mi/workplace/install/learning/lib/learning
[5.673s] Installing walktest script to /home/mi/workplace/install/learning/lib/learning
[5.674s] Installing ztest script to /home/mi/workplace/install/learning/lib/learning
[5.675s] writing list of installed files to '/home/mi/workplace/build/learning/install.log'
[5.792s] Invoked command in '/home/mi/workplace/src/learning' returned '0': PYTHONPATH=/home/mi/workplace/install/learning/lib/python3.6/site-packages:${PYTHONPATH} /usr/bin/python3 setup.py egg_info --egg-base ../../build/learning build --build-base /home/mi/workplace/build/learning/build install --prefix /home/mi/workplace/install/learning --record /home/mi/workplace/build/learning/install.log --single-version-externally-managed
