[4.196s] Invoking command in '/home/mi/workplace/src/learning': PYTHONPATH=/home/mi/workplace/install/learning/lib/python3.6/site-packages:${PYTHONPATH} /usr/bin/python3 setup.py egg_info --egg-base ../../build/learning build --build-base /home/mi/workplace/build/learning/build install --prefix /home/mi/workplace/install/learning --record /home/mi/workplace/build/learning/install.log --single-version-externally-managed
[5.827s] running egg_info
[5.830s] writing ../../build/learning/learning.egg-info/PKG-INFO
[5.831s] writing dependency_links to ../../build/learning/learning.egg-info/dependency_links.txt
[5.832s] writing entry points to ../../build/learning/learning.egg-info/entry_points.txt
[5.835s] writing requirements to ../../build/learning/learning.egg-info/requires.txt
[5.835s] writing top-level names to ../../build/learning/learning.egg-info/top_level.txt
[5.856s] reading manifest file '../../build/learning/learning.egg-info/SOURCES.txt'
[5.860s] writing manifest file '../../build/learning/learning.egg-info/SOURCES.txt'
[5.861s] running build
[5.861s] running build_py
[5.865s] running install
[5.866s] /usr/local/lib/python3.6/dist-packages/setuptools/command/install.py:37: SetuptoolsDeprecationWarning: setup.py install is deprecated. Use build and pip and other standards-based tools.
[5.874s]   setuptools.SetuptoolsDeprecationWarning,
[5.875s] running install_lib
[5.876s] byte-compiling /home/mi/workplace/install/learning/lib/python3.6/site-packages/learning/ztest.py to ztest.cpython-36.pyc
[5.882s] running install_data
[5.882s] running install_egg_info
[5.891s] removing '/home/mi/workplace/install/learning/lib/python3.6/site-packages/learning-0.0.0-py3.6.egg-info' (and everything under it)
[5.894s] Copying ../../build/learning/learning.egg-info to /home/mi/workplace/install/learning/lib/python3.6/site-packages/learning-0.0.0-py3.6.egg-info
[5.896s] running install_scripts
[5.992s] Installing distance script to /home/mi/workplace/install/learning/lib/learning
[5.992s] Installing rgb_cam_suber script to /home/mi/workplace/install/learning/lib/learning
[5.993s] Installing stand script to /home/mi/workplace/install/learning/lib/learning
[5.996s] Installing walktest script to /home/mi/workplace/install/learning/lib/learning
[5.998s] writing list of installed files to '/home/mi/workplace/build/learning/install.log'
[6.116s] Invoked command in '/home/mi/workplace/src/learning' returned '0': PYTHONPATH=/home/mi/workplace/install/learning/lib/python3.6/site-packages:${PYTHONPATH} /usr/bin/python3 setup.py egg_info --egg-base ../../build/learning build --build-base /home/mi/workplace/build/learning/build install --prefix /home/mi/workplace/install/learning --record /home/mi/workplace/build/learning/install.log --single-version-externally-managed
