[4.379s] Invoking command in '/home/mi/workplace/src/learning': PYTHONPATH=/home/mi/workplace/install/learning/lib/python3.6/site-packages:${PYTHONPATH} /usr/bin/python3 setup.py egg_info --egg-base ../../build/learning build --build-base /home/mi/workplace/build/learning/build install --prefix /home/mi/workplace/install/learning --record /home/mi/workplace/build/learning/install.log --single-version-externally-managed
[6.055s] running egg_info
[6.060s] writing ../../build/learning/learning.egg-info/PKG-INFO
[6.061s] writing dependency_links to ../../build/learning/learning.egg-info/dependency_links.txt
[6.062s] writing entry points to ../../build/learning/learning.egg-info/entry_points.txt
[6.062s] writing requirements to ../../build/learning/learning.egg-info/requires.txt
[6.063s] writing top-level names to ../../build/learning/learning.egg-info/top_level.txt
[6.080s] reading manifest file '../../build/learning/learning.egg-info/SOURCES.txt'
[6.085s] writing manifest file '../../build/learning/learning.egg-info/SOURCES.txt'
[6.086s] running build
[6.086s] running build_py
[6.088s] copying learning/rgb_cam_suber.py -> /home/mi/workplace/build/learning/build/lib/learning
[6.089s] running install
[6.091s] /usr/local/lib/python3.6/dist-packages/setuptools/command/install.py:37: SetuptoolsDeprecationWarning: setup.py install is deprecated. Use build and pip and other standards-based tools.
[6.091s]   setuptools.SetuptoolsDeprecationWarning,
[6.092s] running install_lib
[6.097s] copying /home/mi/workplace/build/learning/build/lib/learning/rgb_cam_suber.py -> /home/mi/workplace/install/learning/lib/python3.6/site-packages/learning
[6.099s] byte-compiling /home/mi/workplace/install/learning/lib/python3.6/site-packages/learning/rgb_cam_suber.py to rgb_cam_suber.cpython-36.pyc
[6.102s] running install_data
[6.106s] running install_egg_info
[6.113s] removing '/home/mi/workplace/install/learning/lib/python3.6/site-packages/learning-0.0.0-py3.6.egg-info' (and everything under it)
[6.116s] Copying ../../build/learning/learning.egg-info to /home/mi/workplace/install/learning/lib/python3.6/site-packages/learning-0.0.0-py3.6.egg-info
[6.120s] running install_scripts
[6.221s] Installing distance script to /home/mi/workplace/install/learning/lib/learning
[6.222s] Installing rgb_cam_suber script to /home/mi/workplace/install/learning/lib/learning
[6.223s] Installing stand script to /home/mi/workplace/install/learning/lib/learning
[6.224s] Installing walktest script to /home/mi/workplace/install/learning/lib/learning
[6.227s] writing list of installed files to '/home/mi/workplace/build/learning/install.log'
[6.351s] Invoked command in '/home/mi/workplace/src/learning' returned '0': PYTHONPATH=/home/mi/workplace/install/learning/lib/python3.6/site-packages:${PYTHONPATH} /usr/bin/python3 setup.py egg_info --egg-base ../../build/learning build --build-base /home/mi/workplace/build/learning/build install --prefix /home/mi/workplace/install/learning --record /home/mi/workplace/build/learning/install.log --single-version-externally-managed
