[4.153s] Invoking command in '/home/mi/workplace/src/learning': PYTHONPATH=/home/mi/workplace/install/learning/lib/python3.6/site-packages:${PYTHONPATH} /usr/bin/python3 setup.py egg_info --egg-base ../../build/learning build --build-base /home/mi/workplace/build/learning/build install --prefix /home/mi/workplace/install/learning --record /home/mi/workplace/build/learning/install.log --single-version-externally-managed
[5.835s] running egg_info
[5.838s] writing ../../build/learning/learning.egg-info/PKG-INFO
[5.841s] writing dependency_links to ../../build/learning/learning.egg-info/dependency_links.txt
[5.842s] writing entry points to ../../build/learning/learning.egg-info/entry_points.txt
[5.842s] writing requirements to ../../build/learning/learning.egg-info/requires.txt
[5.843s] writing top-level names to ../../build/learning/learning.egg-info/top_level.txt
[5.858s] reading manifest file '../../build/learning/learning.egg-info/SOURCES.txt'
[5.866s] writing manifest file '../../build/learning/learning.egg-info/SOURCES.txt'
[5.867s] running build
[5.867s] running build_py
[5.868s] copying learning/rgb_cam_suber.py -> /home/mi/workplace/build/learning/build/lib/learning
[5.869s] /usr/local/lib/python3.6/dist-packages/setuptools/command/install.py:37: SetuptoolsDeprecationWarning: setup.py install is deprecated. Use build and pip and other standards-based tools.
[5.870s]   setuptools.SetuptoolsDeprecationWarning,
[5.871s] running install
[5.873s] running install_lib
[5.876s] copying /home/mi/workplace/build/learning/build/lib/learning/rgb_cam_suber.py -> /home/mi/workplace/install/learning/lib/python3.6/site-packages/learning
[5.884s]   File "/home/mi/workplace/install/learning/lib/python3.6/site-packages/learning/ball_recog.py", line 45
[5.885s]     return
[5.885s]     ^
[5.886s] SyntaxError: 'return' outside function
[5.886s] 
[5.887s] byte-compiling /home/mi/workplace/install/learning/lib/python3.6/site-packages/learning/ball_recog.py to ball_recog.cpython-36.pyc
[5.887s] byte-compiling /home/mi/workplace/install/learning/lib/python3.6/site-packages/learning/rgb_cam_suber.py to rgb_cam_suber.cpython-36.pyc
[5.889s] running install_data
[5.889s] running install_egg_info
[5.896s] removing '/home/mi/workplace/install/learning/lib/python3.6/site-packages/learning-0.0.0-py3.6.egg-info' (and everything under it)
[5.897s] Copying ../../build/learning/learning.egg-info to /home/mi/workplace/install/learning/lib/python3.6/site-packages/learning-0.0.0-py3.6.egg-info
[5.901s] running install_scripts
[5.996s] Installing distance script to /home/mi/workplace/install/learning/lib/learning
[5.997s] Installing infra_cam_suber script to /home/mi/workplace/install/learning/lib/learning
[5.998s] Installing rgb_cam_suber script to /home/mi/workplace/install/learning/lib/learning
[5.999s] Installing stand script to /home/mi/workplace/install/learning/lib/learning
[5.999s] Installing walktest script to /home/mi/workplace/install/learning/lib/learning
[6.000s] writing list of installed files to '/home/mi/workplace/build/learning/install.log'
[6.120s] Invoked command in '/home/mi/workplace/src/learning' returned '0': PYTHONPATH=/home/mi/workplace/install/learning/lib/python3.6/site-packages:${PYTHONPATH} /usr/bin/python3 setup.py egg_info --egg-base ../../build/learning build --build-base /home/mi/workplace/build/learning/build install --prefix /home/mi/workplace/install/learning --record /home/mi/workplace/build/learning/install.log --single-version-externally-managed
