[3.938s] Invoking command in '/home/mi/workplace/src/learning': PYTHONPATH=/home/mi/workplace/install/learning/lib/python3.6/site-packages:${PYTHONPATH} /usr/bin/python3 setup.py egg_info --egg-base ../../build/learning build --build-base /home/mi/workplace/build/learning/build install --prefix /home/mi/workplace/install/learning --record /home/mi/workplace/build/learning/install.log --single-version-externally-managed
[5.469s] running egg_info
[5.472s] writing ../../build/learning/learning.egg-info/PKG-INFO
[5.474s] writing dependency_links to ../../build/learning/learning.egg-info/dependency_links.txt
[5.475s] writing entry points to ../../build/learning/learning.egg-info/entry_points.txt
[5.477s] writing requirements to ../../build/learning/learning.egg-info/requires.txt
[5.477s] writing top-level names to ../../build/learning/learning.egg-info/top_level.txt
[5.494s] reading manifest file '../../build/learning/learning.egg-info/SOURCES.txt'
[5.501s] writing manifest file '../../build/learning/learning.egg-info/SOURCES.txt'
[5.501s] running build
[5.502s] running build_py
[5.502s] copying learning/walk.py -> /home/mi/workplace/build/learning/build/lib/learning
[5.505s] running install
[5.506s] /usr/local/lib/python3.6/dist-packages/setuptools/command/install.py:37: SetuptoolsDeprecationWarning: setup.py install is deprecated. Use build and pip and other standards-based tools.
[5.506s]   setuptools.SetuptoolsDeprecationWarning,
[5.508s] running install_lib
[5.511s] copying /home/mi/workplace/build/learning/build/lib/learning/walk.py -> /home/mi/workplace/install/learning/lib/python3.6/site-packages/learning
[5.514s] byte-compiling /home/mi/workplace/install/learning/lib/python3.6/site-packages/learning/walk.py to walk.cpython-36.pyc
[5.520s] running install_data
[5.523s] running install_egg_info
[5.533s] removing '/home/mi/workplace/install/learning/lib/python3.6/site-packages/learning-0.0.0-py3.6.egg-info' (and everything under it)
[5.535s] Copying ../../build/learning/learning.egg-info to /home/mi/workplace/install/learning/lib/python3.6/site-packages/learning-0.0.0-py3.6.egg-info
[5.540s] running install_scripts
[5.646s] Installing distance script to /home/mi/workplace/install/learning/lib/learning
[5.647s] Installing stand script to /home/mi/workplace/install/learning/lib/learning
[5.647s] Installing walk script to /home/mi/workplace/install/learning/lib/learning
[5.648s] writing list of installed files to '/home/mi/workplace/build/learning/install.log'
[5.777s] Invoked command in '/home/mi/workplace/src/learning' returned '0': PYTHONPATH=/home/mi/workplace/install/learning/lib/python3.6/site-packages:${PYTHONPATH} /usr/bin/python3 setup.py egg_info --egg-base ../../build/learning build --build-base /home/mi/workplace/build/learning/build install --prefix /home/mi/workplace/install/learning --record /home/mi/workplace/build/learning/install.log --single-version-externally-managed
