[3.761s] Invoking command in '/home/mi/workplace/src/learning': PYTHONPATH=/home/mi/workplace/install/learning/lib/python3.6/site-packages:${PYTHONPATH} /usr/bin/python3 setup.py egg_info --egg-base ../../build/learning build --build-base /home/mi/workplace/build/learning/build install --prefix /home/mi/workplace/install/learning --record /home/mi/workplace/build/learning/install.log --single-version-externally-managed
[5.396s] running egg_info
[5.401s] writing ../../build/learning/learning.egg-info/PKG-INFO
[5.411s] writing dependency_links to ../../build/learning/learning.egg-info/dependency_links.txt
[5.412s] writing entry points to ../../build/learning/learning.egg-info/entry_points.txt
[5.413s] writing requirements to ../../build/learning/learning.egg-info/requires.txt
[5.413s] writing top-level names to ../../build/learning/learning.egg-info/top_level.txt
[5.418s] reading manifest file '../../build/learning/learning.egg-info/SOURCES.txt'
[5.423s] writing manifest file '../../build/learning/learning.egg-info/SOURCES.txt'
[5.424s] running build
[5.425s] running build_py
[5.426s] copying learning/stand.py -> /home/mi/workplace/build/learning/build/lib/learning
[5.426s] running install
[5.427s] /usr/local/lib/python3.6/dist-packages/setuptools/command/install.py:37: SetuptoolsDeprecationWarning: setup.py install is deprecated. Use build and pip and other standards-based tools.
[5.427s]   setuptools.SetuptoolsDeprecationWarning,
[5.428s] running install_lib
[5.431s] copying /home/mi/workplace/build/learning/build/lib/learning/stand.py -> /home/mi/workplace/install/learning/lib/python3.6/site-packages/learning
[5.433s] byte-compiling /home/mi/workplace/install/learning/lib/python3.6/site-packages/learning/stand.py to stand.cpython-36.pyc
[5.438s] running install_data
[5.439s] running install_egg_info
[5.446s] removing '/home/mi/workplace/install/learning/lib/python3.6/site-packages/learning-0.0.0-py3.6.egg-info' (and everything under it)
[5.447s] Copying ../../build/learning/learning.egg-info to /home/mi/workplace/install/learning/lib/python3.6/site-packages/learning-0.0.0-py3.6.egg-info
[5.451s] running install_scripts
[5.540s] Installing stand script to /home/mi/workplace/install/learning/lib/learning
[5.541s] writing list of installed files to '/home/mi/workplace/build/learning/install.log'
[5.654s] Invoked command in '/home/mi/workplace/src/learning' returned '0': PYTHONPATH=/home/mi/workplace/install/learning/lib/python3.6/site-packages:${PYTHONPATH} /usr/bin/python3 setup.py egg_info --egg-base ../../build/learning build --build-base /home/mi/workplace/build/learning/build install --prefix /home/mi/workplace/install/learning --record /home/mi/workplace/build/learning/install.log --single-version-externally-managed
