[4.270s] Invoking command in '/home/mi/workplace/src/learning': PYTHONPATH=/home/mi/workplace/install/learning/lib/python3.6/site-packages:${PYTHONPATH} /usr/bin/python3 setup.py egg_info --egg-base ../../build/learning build --build-base /home/mi/workplace/build/learning/build install --prefix /home/mi/workplace/install/learning --record /home/mi/workplace/build/learning/install.log --single-version-externally-managed
[5.969s] running egg_info
[5.972s] writing ../../build/learning/learning.egg-info/PKG-INFO
[5.974s] writing dependency_links to ../../build/learning/learning.egg-info/dependency_links.txt
[5.976s] writing entry points to ../../build/learning/learning.egg-info/entry_points.txt
[5.979s] writing requirements to ../../build/learning/learning.egg-info/requires.txt
[5.980s] writing top-level names to ../../build/learning/learning.egg-info/top_level.txt
[5.995s] reading manifest file '../../build/learning/learning.egg-info/SOURCES.txt'
[6.005s] writing manifest file '../../build/learning/learning.egg-info/SOURCES.txt'
[6.006s] running build
[6.006s] running build_py
[6.009s] copying learning/rotate.py -> /home/mi/workplace/build/learning/build/lib/learning
[6.013s] running install
[6.014s] /usr/local/lib/python3.6/dist-packages/setuptools/command/install.py:37: SetuptoolsDeprecationWarning: setup.py install is deprecated. Use build and pip and other standards-based tools.
[6.015s]   setuptools.SetuptoolsDeprecationWarning,
[6.018s] running install_lib
[6.023s] copying /home/mi/workplace/build/learning/build/lib/learning/rotate.py -> /home/mi/workplace/install/learning/lib/python3.6/site-packages/learning
[6.026s] byte-compiling /home/mi/workplace/install/learning/lib/python3.6/site-packages/learning/ztest.py to ztest.cpython-36.pyc
[6.028s]   File "/home/mi/workplace/install/learning/lib/python3.6/site-packages/learning/ztest.py", line 81
[6.029s]     excpt KeyboardInterrupt:
[6.031s]         ^
[6.031s] SyntaxError: invalid syntax
[6.032s] 
[6.033s] byte-compiling /home/mi/workplace/install/learning/lib/python3.6/site-packages/learning/rotate.py to rotate.cpython-36.pyc
[6.035s] running install_data
[6.038s] running install_egg_info
[6.049s] removing '/home/mi/workplace/install/learning/lib/python3.6/site-packages/learning-0.0.0-py3.6.egg-info' (and everything under it)
[6.053s] Copying ../../build/learning/learning.egg-info to /home/mi/workplace/install/learning/lib/python3.6/site-packages/learning-0.0.0-py3.6.egg-info
[6.056s] running install_scripts
[6.178s] Installing crash script to /home/mi/workplace/install/learning/lib/learning
[6.179s] Installing data_reciv script to /home/mi/workplace/install/learning/lib/learning
[6.179s] Installing distance script to /home/mi/workplace/install/learning/lib/learning
[6.184s] Installing infra_cam_suber script to /home/mi/workplace/install/learning/lib/learning
[6.185s] Installing rgb_cam_suber script to /home/mi/workplace/install/learning/lib/learning
[6.186s] Installing rgb_test script to /home/mi/workplace/install/learning/lib/learning
[6.186s] Installing rotate script to /home/mi/workplace/install/learning/lib/learning
[6.189s] Installing see_and_crash script to /home/mi/workplace/install/learning/lib/learning
[6.190s] Installing stand script to /home/mi/workplace/install/learning/lib/learning
[6.191s] Installing track script to /home/mi/workplace/install/learning/lib/learning
[6.191s] Installing walktest script to /home/mi/workplace/install/learning/lib/learning
[6.192s] writing list of installed files to '/home/mi/workplace/build/learning/install.log'
[6.330s] Invoked command in '/home/mi/workplace/src/learning' returned '0': PYTHONPATH=/home/mi/workplace/install/learning/lib/python3.6/site-packages:${PYTHONPATH} /usr/bin/python3 setup.py egg_info --egg-base ../../build/learning build --build-base /home/mi/workplace/build/learning/build install --prefix /home/mi/workplace/install/learning --record /home/mi/workplace/build/learning/install.log --single-version-externally-managed
