[3.812s] Invoking command in '/home/mi/workplace/src/learning': PYTHONPATH=/home/mi/workplace/install/learning/lib/python3.6/site-packages:${PYTHONPATH} /usr/bin/python3 setup.py egg_info --egg-base ../../build/learning build --build-base /home/mi/workplace/build/learning/build install --prefix /home/mi/workplace/install/learning --record /home/mi/workplace/build/learning/install.log --single-version-externally-managed
[5.337s] running egg_info
[5.339s] writing ../../build/learning/learning.egg-info/PKG-INFO
[5.340s] writing dependency_links to ../../build/learning/learning.egg-info/dependency_links.txt
[5.341s] writing entry points to ../../build/learning/learning.egg-info/entry_points.txt
[5.342s] writing requirements to ../../build/learning/learning.egg-info/requires.txt
[5.343s] writing top-level names to ../../build/learning/learning.egg-info/top_level.txt
[5.358s] reading manifest file '../../build/learning/learning.egg-info/SOURCES.txt'
[5.363s] writing manifest file '../../build/learning/learning.egg-info/SOURCES.txt'
[5.363s] running build
[5.364s] running build_py
[5.365s] running install
[5.366s] /usr/local/lib/python3.6/dist-packages/setuptools/command/install.py:37: SetuptoolsDeprecationWarning: setup.py install is deprecated. Use build and pip and other standards-based tools.
[5.367s]   setuptools.SetuptoolsDeprecationWarning,
[5.367s] running install_lib
[5.372s] running install_data
[5.374s] running install_egg_info
[5.383s] removing '/home/mi/workplace/install/learning/lib/python3.6/site-packages/learning-0.0.0-py3.6.egg-info' (and everything under it)
[5.384s] Copying ../../build/learning/learning.egg-info to /home/mi/workplace/install/learning/lib/python3.6/site-packages/learning-0.0.0-py3.6.egg-info
[5.388s] running install_scripts
[5.473s] Installing stand = learning.stand:maindistance script to /home/mi/workplace/install/learning/lib/learning
[5.477s] writing list of installed files to '/home/mi/workplace/build/learning/install.log'
[5.592s] Invoked command in '/home/mi/workplace/src/learning' returned '0': PYTHONPATH=/home/mi/workplace/install/learning/lib/python3.6/site-packages:${PYTHONPATH} /usr/bin/python3 setup.py egg_info --egg-base ../../build/learning build --build-base /home/mi/workplace/build/learning/build install --prefix /home/mi/workplace/install/learning --record /home/mi/workplace/build/learning/install.log --single-version-externally-managed
