[4.994s] Invoking command in '/home/mi/workplace/src/learning': PYTHONPATH=/home/mi/workplace/install/learning/lib/python3.6/site-packages:${PYTHONPATH} /usr/bin/python3 setup.py egg_info --egg-base ../../build/learning build --build-base /home/mi/workplace/build/learning/build install --prefix /home/mi/workplace/install/learning --record /home/mi/workplace/build/learning/install.log --single-version-externally-managed
[6.801s] running egg_info
[6.804s] writing ../../build/learning/learning.egg-info/PKG-INFO
[6.804s] writing dependency_links to ../../build/learning/learning.egg-info/dependency_links.txt
[6.807s] writing entry points to ../../build/learning/learning.egg-info/entry_points.txt
[6.807s] writing requirements to ../../build/learning/learning.egg-info/requires.txt
[6.808s] writing top-level names to ../../build/learning/learning.egg-info/top_level.txt
[6.825s] reading manifest file '../../build/learning/learning.egg-info/SOURCES.txt'
[6.831s] writing manifest file '../../build/learning/learning.egg-info/SOURCES.txt'
[6.834s] running build
[6.836s] running build_py
[6.837s] copying learning/rgb_cam_suber.py -> /home/mi/workplace/build/learning/build/lib/learning
[6.841s] running install
[6.843s] /usr/local/lib/python3.6/dist-packages/setuptools/command/install.py:37: SetuptoolsDeprecationWarning: setup.py install is deprecated. Use build and pip and other standards-based tools.
[6.845s]   setuptools.SetuptoolsDeprecationWarning,
[6.846s] running install_lib
[6.846s] copying /home/mi/workplace/build/learning/build/lib/learning/rgb_cam_suber.py -> /home/mi/workplace/install/learning/lib/python3.6/site-packages/learning
[6.848s] byte-compiling /home/mi/workplace/install/learning/lib/python3.6/site-packages/learning/ztest.py to ztest.cpython-36.pyc
[6.849s]   File "/home/mi/workplace/install/learning/lib/python3.6/site-packages/learning/ztest.py", line 81
[6.859s]     excpt KeyboardInterrupt:
[6.860s]         ^
[6.867s] SyntaxError: invalid syntax
[6.868s] 
[6.868s] byte-compiling /home/mi/workplace/install/learning/lib/python3.6/site-packages/learning/rgb_cam_suber.py to rgb_cam_suber.cpython-36.pyc
[6.869s] running install_data
[6.872s] running install_egg_info
[6.873s] removing '/home/mi/workplace/install/learning/lib/python3.6/site-packages/learning-0.0.0-py3.6.egg-info' (and everything under it)
[6.873s] Copying ../../build/learning/learning.egg-info to /home/mi/workplace/install/learning/lib/python3.6/site-packages/learning-0.0.0-py3.6.egg-info
[6.874s] running install_scripts
[6.976s] Installing distance script to /home/mi/workplace/install/learning/lib/learning
[6.978s] Installing infra_cam_suber script to /home/mi/workplace/install/learning/lib/learning
[6.979s] Installing rgb_cam_suber script to /home/mi/workplace/install/learning/lib/learning
[6.980s] Installing rgb_test script to /home/mi/workplace/install/learning/lib/learning
[6.981s] Installing stand script to /home/mi/workplace/install/learning/lib/learning
[6.983s] Installing walktest script to /home/mi/workplace/install/learning/lib/learning
[6.984s] writing list of installed files to '/home/mi/workplace/build/learning/install.log'
[7.114s] Invoked command in '/home/mi/workplace/src/learning' returned '0': PYTHONPATH=/home/mi/workplace/install/learning/lib/python3.6/site-packages:${PYTHONPATH} /usr/bin/python3 setup.py egg_info --egg-base ../../build/learning build --build-base /home/mi/workplace/build/learning/build install --prefix /home/mi/workplace/install/learning --record /home/mi/workplace/build/learning/install.log --single-version-externally-managed
