/home/mi/workplace/install/learning/lib/python3.6/site-packages/learning/ball_recog.py
/home/mi/workplace/install/learning/lib/python3.6/site-packages/learning/walktest.py
/home/mi/workplace/install/learning/lib/python3.6/site-packages/learning/sensor.py
/home/mi/workplace/install/learning/lib/python3.6/site-packages/learning/infra_cam_suber.py
/home/mi/workplace/install/learning/lib/python3.6/site-packages/learning/__init__.py
/home/mi/workplace/install/learning/lib/python3.6/site-packages/learning/distance.py
/home/mi/workplace/install/learning/lib/python3.6/site-packages/learning/stand.py
/home/mi/workplace/install/learning/lib/python3.6/site-packages/learning/rgb_cam_suber.py
/home/mi/workplace/install/learning/lib/python3.6/site-packages/learning/__pycache__/ball_recog.cpython-36.pyc
/home/mi/workplace/install/learning/lib/python3.6/site-packages/learning/__pycache__/walktest.cpython-36.pyc
/home/mi/workplace/install/learning/lib/python3.6/site-packages/learning/__pycache__/sensor.cpython-36.pyc
/home/mi/workplace/install/learning/lib/python3.6/site-packages/learning/__pycache__/infra_cam_suber.cpython-36.pyc
/home/mi/workplace/install/learning/lib/python3.6/site-packages/learning/__pycache__/__init__.cpython-36.pyc
/home/mi/workplace/install/learning/lib/python3.6/site-packages/learning/__pycache__/distance.cpython-36.pyc
/home/mi/workplace/install/learning/lib/python3.6/site-packages/learning/__pycache__/stand.cpython-36.pyc
/home/mi/workplace/install/learning/lib/python3.6/site-packages/learning/__pycache__/rgb_cam_suber.cpython-36.pyc
/home/mi/workplace/install/learning/share/ament_index/resource_index/packages/learning
/home/mi/workplace/install/learning/share/learning/package.xml
/home/mi/workplace/install/learning/lib/python3.6/site-packages/learning-0.0.0-py3.6.egg-info/zip-safe
/home/mi/workplace/install/learning/lib/python3.6/site-packages/learning-0.0.0-py3.6.egg-info/requires.txt
/home/mi/workplace/install/learning/lib/python3.6/site-packages/learning-0.0.0-py3.6.egg-info/dependency_links.txt
/home/mi/workplace/install/learning/lib/python3.6/site-packages/learning-0.0.0-py3.6.egg-info/SOURCES.txt
/home/mi/workplace/install/learning/lib/python3.6/site-packages/learning-0.0.0-py3.6.egg-info/entry_points.txt
/home/mi/workplace/install/learning/lib/python3.6/site-packages/learning-0.0.0-py3.6.egg-info/top_level.txt
/home/mi/workplace/install/learning/lib/python3.6/site-packages/learning-0.0.0-py3.6.egg-info/PKG-INFO
/home/mi/workplace/install/learning/lib/learning/distance
/home/mi/workplace/install/learning/lib/learning/infra_cam_suber
/home/mi/workplace/install/learning/lib/learning/rgb_cam_suber
/home/mi/workplace/install/learning/lib/learning/stand
/home/mi/workplace/install/learning/lib/learning/walktest
