[4.791s] Invoking command in '/home/mi/workplace/src/learning': PYTHONPATH=/home/mi/workplace/install/learning/lib/python3.6/site-packages:${PYTHONPATH} /usr/bin/python3 setup.py egg_info --egg-base ../../build/learning build --build-base /home/mi/workplace/build/learning/build install --prefix /home/mi/workplace/install/learning --record /home/mi/workplace/build/learning/install.log --single-version-externally-managed
[6.554s] running egg_info
[6.558s] writing ../../build/learning/learning.egg-info/PKG-INFO
[6.562s] writing dependency_links to ../../build/learning/learning.egg-info/dependency_links.txt
[6.562s] writing entry points to ../../build/learning/learning.egg-info/entry_points.txt
[6.563s] writing requirements to ../../build/learning/learning.egg-info/requires.txt
[6.565s] writing top-level names to ../../build/learning/learning.egg-info/top_level.txt
[6.580s] reading manifest file '../../build/learning/learning.egg-info/SOURCES.txt'
[6.588s] writing manifest file '../../build/learning/learning.egg-info/SOURCES.txt'
[6.591s] running build
[6.592s] running build_py
[6.593s] copying learning/walk_onesec.py -> /home/mi/workplace/build/learning/build/lib/learning
[6.598s] running install
[6.599s] /usr/local/lib/python3.6/dist-packages/setuptools/command/install.py:37: SetuptoolsDeprecationWarning: setup.py install is deprecated. Use build and pip and other standards-based tools.
[6.600s]   setuptools.SetuptoolsDeprecationWarning,
[6.600s] running install_lib
[6.607s] copying /home/mi/workplace/build/learning/build/lib/learning/walk_onesec.py -> /home/mi/workplace/install/learning/lib/python3.6/site-packages/learning
[6.609s] byte-compiling /home/mi/workplace/install/learning/lib/python3.6/site-packages/learning/ztest.py to ztest.cpython-36.pyc
[6.615s]   File "/home/mi/workplace/install/learning/lib/python3.6/site-packages/learning/ztest.py", line 81
[6.616s]     excpt KeyboardInterrupt:
[6.616s]         ^
[6.616s] SyntaxError: invalid syntax
[6.619s] 
[6.620s]   File "/home/mi/workplace/install/learning/lib/python3.6/site-packages/learning/point.py", line 18
[6.620s]     
[6.621s]     ^
[6.621s] SyntaxError: unexpected EOF while parsing
[6.622s] 
[6.622s] byte-compiling /home/mi/workplace/install/learning/lib/python3.6/site-packages/learning/point.py to point.cpython-36.pyc
[6.623s] byte-compiling /home/mi/workplace/install/learning/lib/python3.6/site-packages/learning/walk_onesec.py to walk_onesec.cpython-36.pyc
[6.623s] running install_data
[6.624s]   File "/home/mi/workplace/install/learning/lib/python3.6/site-packages/learning/walk_onesec.py", line 39
[6.624s]     def main:
[6.624s]             ^
[6.625s] SyntaxError: invalid syntax
[6.626s] 
[6.627s] running install_egg_info
[6.627s] removing '/home/mi/workplace/install/learning/lib/python3.6/site-packages/learning-0.0.0-py3.6.egg-info' (and everything under it)
[6.628s] Copying ../../build/learning/learning.egg-info to /home/mi/workplace/install/learning/lib/python3.6/site-packages/learning-0.0.0-py3.6.egg-info
[6.634s] running install_scripts
[6.740s] Installing crash script to /home/mi/workplace/install/learning/lib/learning
[6.744s] Installing data_reciv script to /home/mi/workplace/install/learning/lib/learning
[6.748s] Installing distance script to /home/mi/workplace/install/learning/lib/learning
[6.752s] Installing infra_cam_suber script to /home/mi/workplace/install/learning/lib/learning
[6.753s] Installing rgb_cam_suber script to /home/mi/workplace/install/learning/lib/learning
[6.754s] Installing rgb_test script to /home/mi/workplace/install/learning/lib/learning
[6.755s] Installing rotate script to /home/mi/workplace/install/learning/lib/learning
[6.762s] Installing see_and_crash script to /home/mi/workplace/install/learning/lib/learning
[6.763s] Installing sit script to /home/mi/workplace/install/learning/lib/learning
[6.764s] Installing stand script to /home/mi/workplace/install/learning/lib/learning
[6.775s] Installing track script to /home/mi/workplace/install/learning/lib/learning
[6.776s] Installing walk_onesec script to /home/mi/workplace/install/learning/lib/learning
[6.777s] Installing walktest script to /home/mi/workplace/install/learning/lib/learning
[6.777s] writing list of installed files to '/home/mi/workplace/build/learning/install.log'
[6.880s] Invoked command in '/home/mi/workplace/src/learning' returned '0': PYTHONPATH=/home/mi/workplace/install/learning/lib/python3.6/site-packages:${PYTHONPATH} /usr/bin/python3 setup.py egg_info --egg-base ../../build/learning build --build-base /home/mi/workplace/build/learning/build install --prefix /home/mi/workplace/install/learning --record /home/mi/workplace/build/learning/install.log --single-version-externally-managed
