[3.785s] Invoking command in '/home/mi/workplace/src/learning': PYTHONPATH=/home/mi/workplace/install/learning/lib/python3.6/site-packages:${PYTHONPATH} /usr/bin/python3 setup.py egg_info --egg-base ../../build/learning build --build-base /home/mi/workplace/build/learning/build install --prefix /home/mi/workplace/install/learning --record /home/mi/workplace/build/learning/install.log --single-version-externally-managed
[5.298s] running egg_info
[5.301s] writing ../../build/learning/learning.egg-info/PKG-INFO
[5.305s] writing dependency_links to ../../build/learning/learning.egg-info/dependency_links.txt
[5.305s] writing entry points to ../../build/learning/learning.egg-info/entry_points.txt
[5.306s] writing requirements to ../../build/learning/learning.egg-info/requires.txt
[5.307s] writing top-level names to ../../build/learning/learning.egg-info/top_level.txt
[5.322s] reading manifest file '../../build/learning/learning.egg-info/SOURCES.txt'
[5.329s] writing manifest file '../../build/learning/learning.egg-info/SOURCES.txt'
[5.330s] running build
[5.331s] running build_py
[5.333s] copying learning/rgb_test.py -> /home/mi/workplace/build/learning/build/lib/learning
[5.335s] running install
[5.336s] /usr/local/lib/python3.6/dist-packages/setuptools/command/install.py:37: SetuptoolsDeprecationWarning: setup.py install is deprecated. Use build and pip and other standards-based tools.
[5.337s]   setuptools.SetuptoolsDeprecationWarning,
[5.338s] running install_lib
[5.341s] copying /home/mi/workplace/build/learning/build/lib/learning/rgb_test.py -> /home/mi/workplace/install/learning/lib/python3.6/site-packages/learning
[5.344s] byte-compiling /home/mi/workplace/install/learning/lib/python3.6/site-packages/learning/ztest.py to ztest.cpython-36.pyc
[5.347s]   File "/home/mi/workplace/install/learning/lib/python3.6/site-packages/learning/ztest.py", line 81
[5.347s]     excpt KeyboardInterrupt:
[5.348s]         ^
[5.348s] SyntaxError: invalid syntax
[5.348s] 
[5.350s] byte-compiling /home/mi/workplace/install/learning/lib/python3.6/site-packages/learning/rgb_test.py to rgb_test.cpython-36.pyc
[5.351s] running install_data
[5.354s] running install_egg_info
[5.360s] removing '/home/mi/workplace/install/learning/lib/python3.6/site-packages/learning-0.0.0-py3.6.egg-info' (and everything under it)
[5.363s] Copying ../../build/learning/learning.egg-info to /home/mi/workplace/install/learning/lib/python3.6/site-packages/learning-0.0.0-py3.6.egg-info
[5.368s] running install_scripts
[5.457s] Installing distance script to /home/mi/workplace/install/learning/lib/learning
[5.459s] Installing infra_cam_suber script to /home/mi/workplace/install/learning/lib/learning
[5.468s] Installing rgb_cam_suber script to /home/mi/workplace/install/learning/lib/learning
[5.468s] Installing rgb_test script to /home/mi/workplace/install/learning/lib/learning
[5.469s] Installing stand script to /home/mi/workplace/install/learning/lib/learning
[5.470s] Installing walktest script to /home/mi/workplace/install/learning/lib/learning
[5.470s] writing list of installed files to '/home/mi/workplace/build/learning/install.log'
[5.576s] Invoked command in '/home/mi/workplace/src/learning' returned '0': PYTHONPATH=/home/mi/workplace/install/learning/lib/python3.6/site-packages:${PYTHONPATH} /usr/bin/python3 setup.py egg_info --egg-base ../../build/learning build --build-base /home/mi/workplace/build/learning/build install --prefix /home/mi/workplace/install/learning --record /home/mi/workplace/build/learning/install.log --single-version-externally-managed
