[4.006s] Invoking command in '/home/mi/workplace/src/learning': PYTHONPATH=/home/mi/workplace/install/learning/lib/python3.6/site-packages:${PYTHONPATH} /usr/bin/python3 setup.py egg_info --egg-base ../../build/learning build --build-base /home/mi/workplace/build/learning/build install --prefix /home/mi/workplace/install/learning --record /home/mi/workplace/build/learning/install.log --single-version-externally-managed
[5.478s] running egg_info
[5.479s] writing ../../build/learning/learning.egg-info/PKG-INFO
[5.481s] writing dependency_links to ../../build/learning/learning.egg-info/dependency_links.txt
[5.481s] writing entry points to ../../build/learning/learning.egg-info/entry_points.txt
[5.482s] writing requirements to ../../build/learning/learning.egg-info/requires.txt
[5.483s] writing top-level names to ../../build/learning/learning.egg-info/top_level.txt
[5.497s] reading manifest file '../../build/learning/learning.egg-info/SOURCES.txt'
[5.504s] writing manifest file '../../build/learning/learning.egg-info/SOURCES.txt'
[5.505s] running build
[5.505s] running build_py
[5.506s] running install
[5.508s] /usr/local/lib/python3.6/dist-packages/setuptools/command/install.py:37: SetuptoolsDeprecationWarning: setup.py install is deprecated. Use build and pip and other standards-based tools.
[5.509s]   setuptools.SetuptoolsDeprecationWarning,
[5.509s] running install_lib
[5.515s] running install_data
[5.515s] running install_egg_info
[5.525s] removing '/home/mi/workplace/install/learning/lib/python3.6/site-packages/learning-0.0.0-py3.6.egg-info' (and everything under it)
[5.526s] Copying ../../build/learning/learning.egg-info to /home/mi/workplace/install/learning/lib/python3.6/site-packages/learning-0.0.0-py3.6.egg-info
[5.531s] running install_scripts
[5.614s] Installing stand script to /home/mi/workplace/install/learning/lib/learning
[5.616s] writing list of installed files to '/home/mi/workplace/build/learning/install.log'
[5.733s] Invoked command in '/home/mi/workplace/src/learning' returned '0': PYTHONPATH=/home/mi/workplace/install/learning/lib/python3.6/site-packages:${PYTHONPATH} /usr/bin/python3 setup.py egg_info --egg-base ../../build/learning build --build-base /home/mi/workplace/build/learning/build install --prefix /home/mi/workplace/install/learning --record /home/mi/workplace/build/learning/install.log --single-version-externally-managed
