[4.150s] Invoking command in '/home/mi/workplace/src/learning': PYTHONPATH=/home/mi/workplace/install/learning/lib/python3.6/site-packages:${PYTHONPATH} /usr/bin/python3 setup.py egg_info --egg-base ../../build/learning build --build-base /home/mi/workplace/build/learning/build install --prefix /home/mi/workplace/install/learning --record /home/mi/workplace/build/learning/install.log --single-version-externally-managed
[6.105s] running egg_info
[6.110s] writing ../../build/learning/learning.egg-info/PKG-INFO
[6.111s] writing dependency_links to ../../build/learning/learning.egg-info/dependency_links.txt
[6.115s] writing entry points to ../../build/learning/learning.egg-info/entry_points.txt
[6.116s] writing requirements to ../../build/learning/learning.egg-info/requires.txt
[6.117s] writing top-level names to ../../build/learning/learning.egg-info/top_level.txt
[6.135s] reading manifest file '../../build/learning/learning.egg-info/SOURCES.txt'
[6.146s] writing manifest file '../../build/learning/learning.egg-info/SOURCES.txt'
[6.148s] running build
[6.150s] running build_py
[6.150s] copying learning/infra_cam_suber.py -> /home/mi/workplace/build/learning/build/lib/learning
[6.153s] copying learning/stand.py -> /home/mi/workplace/build/learning/build/lib/learning
[6.154s] running install
[6.155s] /usr/local/lib/python3.6/dist-packages/setuptools/command/install.py:37: SetuptoolsDeprecationWarning: setup.py install is deprecated. Use build and pip and other standards-based tools.
[6.155s]   setuptools.SetuptoolsDeprecationWarning,
[6.157s] running install_lib
[6.163s] copying /home/mi/workplace/build/learning/build/lib/learning/infra_cam_suber.py -> /home/mi/workplace/install/learning/lib/python3.6/site-packages/learning
[6.164s] copying /home/mi/workplace/build/learning/build/lib/learning/stand.py -> /home/mi/workplace/install/learning/lib/python3.6/site-packages/learning
[6.167s] byte-compiling /home/mi/workplace/install/learning/lib/python3.6/site-packages/learning/ztest.py to ztest.cpython-36.pyc
[6.169s]   File "/home/mi/workplace/install/learning/lib/python3.6/site-packages/learning/ztest.py", line 81
[6.169s]     excpt KeyboardInterrupt:
[6.171s]         ^
[6.171s] SyntaxError: invalid syntax
[6.172s] 
[6.172s] byte-compiling /home/mi/workplace/install/learning/lib/python3.6/site-packages/learning/infra_cam_suber.py to infra_cam_suber.cpython-36.pyc
[6.173s] byte-compiling /home/mi/workplace/install/learning/lib/python3.6/site-packages/learning/stand.py to stand.cpython-36.pyc
[6.174s] running install_data
[6.182s] running install_egg_info
[6.187s] removing '/home/mi/workplace/install/learning/lib/python3.6/site-packages/learning-0.0.0-py3.6.egg-info' (and everything under it)
[6.189s] Copying ../../build/learning/learning.egg-info to /home/mi/workplace/install/learning/lib/python3.6/site-packages/learning-0.0.0-py3.6.egg-info
[6.197s] running install_scripts
[6.313s] Installing distance script to /home/mi/workplace/install/learning/lib/learning
[6.324s] Installing rgb_cam_suber script to /home/mi/workplace/install/learning/lib/learning
[6.325s] Installing stand script to /home/mi/workplace/install/learning/lib/learning
[6.326s] Installing walktest script to /home/mi/workplace/install/learning/lib/learning
[6.326s] writing list of installed files to '/home/mi/workplace/build/learning/install.log'
[6.456s] Invoked command in '/home/mi/workplace/src/learning' returned '0': PYTHONPATH=/home/mi/workplace/install/learning/lib/python3.6/site-packages:${PYTHONPATH} /usr/bin/python3 setup.py egg_info --egg-base ../../build/learning build --build-base /home/mi/workplace/build/learning/build install --prefix /home/mi/workplace/install/learning --record /home/mi/workplace/build/learning/install.log --single-version-externally-managed
