[3.905s] Invoking command in '/home/mi/workplace/src/learning': PYTHONPATH=/home/mi/workplace/install/learning/lib/python3.6/site-packages:${PYTHONPATH} /usr/bin/python3 setup.py egg_info --egg-base ../../build/learning build --build-base /home/mi/workplace/build/learning/build install --prefix /home/mi/workplace/install/learning --record /home/mi/workplace/build/learning/install.log --single-version-externally-managed
[5.421s] running egg_info
[5.424s] writing ../../build/learning/learning.egg-info/PKG-INFO
[5.426s] writing dependency_links to ../../build/learning/learning.egg-info/dependency_links.txt
[5.427s] writing entry points to ../../build/learning/learning.egg-info/entry_points.txt
[5.428s] writing requirements to ../../build/learning/learning.egg-info/requires.txt
[5.429s] writing top-level names to ../../build/learning/learning.egg-info/top_level.txt
[5.443s] reading manifest file '../../build/learning/learning.egg-info/SOURCES.txt'
[5.449s] writing manifest file '../../build/learning/learning.egg-info/SOURCES.txt'
[5.450s] running build
[5.451s] running build_py
[5.453s] running install
[5.454s] /usr/local/lib/python3.6/dist-packages/setuptools/command/install.py:37: SetuptoolsDeprecationWarning: setup.py install is deprecated. Use build and pip and other standards-based tools.
[5.455s]   setuptools.SetuptoolsDeprecationWarning,
[5.456s] running install_lib
[5.459s] copying /home/mi/workplace/build/learning/build/lib/learning/ztest.py -> /home/mi/workplace/install/learning/lib/python3.6/site-packages/learning
[5.463s] byte-compiling /home/mi/workplace/install/learning/lib/python3.6/site-packages/learning/rgb_cam_suber.py to rgb_cam_suber.cpython-36.pyc
[5.465s] running install_data
[5.470s] running install_egg_info
[5.475s] removing '/home/mi/workplace/install/learning/lib/python3.6/site-packages/learning-0.0.0-py3.6.egg-info' (and everything under it)
[5.478s] Copying ../../build/learning/learning.egg-info to /home/mi/workplace/install/learning/lib/python3.6/site-packages/learning-0.0.0-py3.6.egg-info
[5.483s] running install_scripts
[5.567s] Installing distance script to /home/mi/workplace/install/learning/lib/learning
[5.569s] Installing infra_cam_suber script to /home/mi/workplace/install/learning/lib/learning
[5.569s] Installing rgb_cam_suber script to /home/mi/workplace/install/learning/lib/learning
[5.570s] Installing stand script to /home/mi/workplace/install/learning/lib/learning
[5.570s] Installing walktest script to /home/mi/workplace/install/learning/lib/learning
[5.572s] writing list of installed files to '/home/mi/workplace/build/learning/install.log'
[5.683s] Invoked command in '/home/mi/workplace/src/learning' returned '0': PYTHONPATH=/home/mi/workplace/install/learning/lib/python3.6/site-packages:${PYTHONPATH} /usr/bin/python3 setup.py egg_info --egg-base ../../build/learning build --build-base /home/mi/workplace/build/learning/build install --prefix /home/mi/workplace/install/learning --record /home/mi/workplace/build/learning/install.log --single-version-externally-managed
