[3.909s] Invoking command in '/home/mi/workplace/src/learning': PYTHONPATH=/home/mi/workplace/install/learning/lib/python3.6/site-packages:${PYTHONPATH} /usr/bin/python3 setup.py egg_info --egg-base ../../build/learning build --build-base /home/mi/workplace/build/learning/build install --prefix /home/mi/workplace/install/learning --record /home/mi/workplace/build/learning/install.log --single-version-externally-managed
[5.419s] running egg_info
[5.419s] writing ../../build/learning/learning.egg-info/PKG-INFO
[5.420s] writing dependency_links to ../../build/learning/learning.egg-info/dependency_links.txt
[5.421s] writing entry points to ../../build/learning/learning.egg-info/entry_points.txt
[5.422s] writing requirements to ../../build/learning/learning.egg-info/requires.txt
[5.422s] writing top-level names to ../../build/learning/learning.egg-info/top_level.txt
[5.435s] reading manifest file '../../build/learning/learning.egg-info/SOURCES.txt'
[5.442s] writing manifest file '../../build/learning/learning.egg-info/SOURCES.txt'
[5.443s] running build
[5.444s] running build_py
[5.445s] running install
[5.446s] /usr/local/lib/python3.6/dist-packages/setuptools/command/install.py:37: SetuptoolsDeprecationWarning: setup.py install is deprecated. Use build and pip and other standards-based tools.
[5.447s]   setuptools.SetuptoolsDeprecationWarning,
[5.448s] running install_lib
[5.455s] running install_data
[5.458s] running install_egg_info
[5.468s] removing '/home/mi/workplace/install/learning/lib/python3.6/site-packages/learning-0.0.0-py3.6.egg-info' (and everything under it)
[5.471s] Copying ../../build/learning/learning.egg-info to /home/mi/workplace/install/learning/lib/python3.6/site-packages/learning-0.0.0-py3.6.egg-info
[5.476s] running install_scripts
[5.576s] Installing distance script to /home/mi/workplace/install/learning/lib/learning
[5.580s] Installing stand script to /home/mi/workplace/install/learning/lib/learning
[5.581s] writing list of installed files to '/home/mi/workplace/build/learning/install.log'
[5.706s] Invoked command in '/home/mi/workplace/src/learning' returned '0': PYTHONPATH=/home/mi/workplace/install/learning/lib/python3.6/site-packages:${PYTHONPATH} /usr/bin/python3 setup.py egg_info --egg-base ../../build/learning build --build-base /home/mi/workplace/build/learning/build install --prefix /home/mi/workplace/install/learning --record /home/mi/workplace/build/learning/install.log --single-version-externally-managed
