[3.878s] Invoking command in '/home/mi/workplace/src/learning': PYTHONPATH=/home/mi/workplace/install/learning/lib/python3.6/site-packages:${PYTHONPATH} /usr/bin/python3 setup.py egg_info --egg-base ../../build/learning build --build-base /home/mi/workplace/build/learning/build install --prefix /home/mi/workplace/install/learning --record /home/mi/workplace/build/learning/install.log --single-version-externally-managed
[5.414s] running egg_info
[5.416s] writing ../../build/learning/learning.egg-info/PKG-INFO
[5.417s] writing dependency_links to ../../build/learning/learning.egg-info/dependency_links.txt
[5.418s] writing entry points to ../../build/learning/learning.egg-info/entry_points.txt
[5.419s] writing requirements to ../../build/learning/learning.egg-info/requires.txt
[5.420s] writing top-level names to ../../build/learning/learning.egg-info/top_level.txt
[5.433s] reading manifest file '../../build/learning/learning.egg-info/SOURCES.txt'
[5.448s] writing manifest file '../../build/learning/learning.egg-info/SOURCES.txt'
[5.456s] running build
[5.457s] running build_py
[5.458s] copying learning/walk.py -> /home/mi/workplace/build/learning/build/lib/learning
[5.458s] running install
[5.459s] /usr/local/lib/python3.6/dist-packages/setuptools/command/install.py:37: SetuptoolsDeprecationWarning: setup.py install is deprecated. Use build and pip and other standards-based tools.
[5.460s]   setuptools.SetuptoolsDeprecationWarning,
[5.460s] running install_lib
[5.462s] copying /home/mi/workplace/build/learning/build/lib/learning/walk.py -> /home/mi/workplace/install/learning/lib/python3.6/site-packages/learning
[5.465s] byte-compiling /home/mi/workplace/install/learning/lib/python3.6/site-packages/learning/walk.py to walk.cpython-36.pyc
[5.469s] running install_data
[5.471s] running install_egg_info
[5.478s] removing '/home/mi/workplace/install/learning/lib/python3.6/site-packages/learning-0.0.0-py3.6.egg-info' (and everything under it)
[5.480s] Copying ../../build/learning/learning.egg-info to /home/mi/workplace/install/learning/lib/python3.6/site-packages/learning-0.0.0-py3.6.egg-info
[5.485s] running install_scripts
[5.584s] Installing distance script to /home/mi/workplace/install/learning/lib/learning
[5.585s] Installing stand script to /home/mi/workplace/install/learning/lib/learning
[5.586s] Installing walk script to /home/mi/workplace/install/learning/lib/learning
[5.587s] writing list of installed files to '/home/mi/workplace/build/learning/install.log'
[5.701s] Invoked command in '/home/mi/workplace/src/learning' returned '0': PYTHONPATH=/home/mi/workplace/install/learning/lib/python3.6/site-packages:${PYTHONPATH} /usr/bin/python3 setup.py egg_info --egg-base ../../build/learning build --build-base /home/mi/workplace/build/learning/build install --prefix /home/mi/workplace/install/learning --record /home/mi/workplace/build/learning/install.log --single-version-externally-managed
