[4.426s] Invoking command in '/home/mi/workplace/src/learning': PYTHONPATH=/home/mi/workplace/install/learning/lib/python3.6/site-packages:${PYTHONPATH} /usr/bin/python3 setup.py egg_info --egg-base ../../build/learning build --build-base /home/mi/workplace/build/learning/build install --prefix /home/mi/workplace/install/learning --record /home/mi/workplace/build/learning/install.log --single-version-externally-managed
[6.378s] running egg_info
[6.383s] writing ../../build/learning/learning.egg-info/PKG-INFO
[6.387s] writing dependency_links to ../../build/learning/learning.egg-info/dependency_links.txt
[6.389s] writing entry points to ../../build/learning/learning.egg-info/entry_points.txt
[6.391s] writing requirements to ../../build/learning/learning.egg-info/requires.txt
[6.392s] writing top-level names to ../../build/learning/learning.egg-info/top_level.txt
[6.415s] reading manifest file '../../build/learning/learning.egg-info/SOURCES.txt'
[6.425s] writing manifest file '../../build/learning/learning.egg-info/SOURCES.txt'
[6.425s] running build
[6.426s] running build_py
[6.431s] copying learning/walk_onesec.py -> /home/mi/workplace/build/learning/build/lib/learning
[6.437s] running install
[6.440s] /usr/local/lib/python3.6/dist-packages/setuptools/command/install.py:37: SetuptoolsDeprecationWarning: setup.py install is deprecated. Use build and pip and other standards-based tools.
[6.441s]   setuptools.SetuptoolsDeprecationWarning,
[6.441s] running install_lib
[6.447s] copying /home/mi/workplace/build/learning/build/lib/learning/walk_onesec.py -> /home/mi/workplace/install/learning/lib/python3.6/site-packages/learning
[6.453s] byte-compiling /home/mi/workplace/install/learning/lib/python3.6/site-packages/learning/ztest.py to ztest.cpython-36.pyc
[6.455s]   File "/home/mi/workplace/install/learning/lib/python3.6/site-packages/learning/ztest.py", line 81
[6.456s]     excpt KeyboardInterrupt:
[6.456s]         ^
[6.457s] SyntaxError: invalid syntax
[6.458s] 
[6.458s] byte-compiling /home/mi/workplace/install/learning/lib/python3.6/site-packages/learning/point.py to point.cpython-36.pyc
[6.459s]   File "/home/mi/workplace/install/learning/lib/python3.6/site-packages/learning/point.py", line 18
[6.459s]     
[6.460s]     ^
[6.460s] SyntaxError: unexpected EOF while parsing
[6.461s] 
[6.461s] byte-compiling /home/mi/workplace/install/learning/lib/python3.6/site-packages/learning/walk_onesec.py to walk_onesec.cpython-36.pyc
[6.464s] running install_data
[6.467s] running install_egg_info
[6.477s] removing '/home/mi/workplace/install/learning/lib/python3.6/site-packages/learning-0.0.0-py3.6.egg-info' (and everything under it)
[6.487s] Copying ../../build/learning/learning.egg-info to /home/mi/workplace/install/learning/lib/python3.6/site-packages/learning-0.0.0-py3.6.egg-info
[6.498s] running install_scripts
[6.599s] Installing crash script to /home/mi/workplace/install/learning/lib/learning
[6.602s] Installing data_reciv script to /home/mi/workplace/install/learning/lib/learning
[6.604s] Installing distance script to /home/mi/workplace/install/learning/lib/learning
[6.605s] Installing infra_cam_suber script to /home/mi/workplace/install/learning/lib/learning
[6.606s] Installing rgb_cam_suber script to /home/mi/workplace/install/learning/lib/learning
[6.606s] Installing rgb_test script to /home/mi/workplace/install/learning/lib/learning
[6.607s] Installing rotate script to /home/mi/workplace/install/learning/lib/learning
[6.607s] Installing see_and_crash script to /home/mi/workplace/install/learning/lib/learning
[6.608s] Installing sit script to /home/mi/workplace/install/learning/lib/learning
[6.609s] Installing stand script to /home/mi/workplace/install/learning/lib/learning
[6.609s] Installing track script to /home/mi/workplace/install/learning/lib/learning
[6.616s] Installing walk_onesec script to /home/mi/workplace/install/learning/lib/learning
[6.617s] Installing walktest script to /home/mi/workplace/install/learning/lib/learning
[6.617s] writing list of installed files to '/home/mi/workplace/build/learning/install.log'
[6.756s] Invoked command in '/home/mi/workplace/src/learning' returned '0': PYTHONPATH=/home/mi/workplace/install/learning/lib/python3.6/site-packages:${PYTHONPATH} /usr/bin/python3 setup.py egg_info --egg-base ../../build/learning build --build-base /home/mi/workplace/build/learning/build install --prefix /home/mi/workplace/install/learning --record /home/mi/workplace/build/learning/install.log --single-version-externally-managed
