[4.088s] Invoking command in '/home/mi/workplace/src/learning': PYTHONPATH=/home/mi/workplace/install/learning/lib/python3.6/site-packages:${PYTHONPATH} /usr/bin/python3 setup.py egg_info --egg-base ../../build/learning build --build-base /home/mi/workplace/build/learning/build install --prefix /home/mi/workplace/install/learning --record /home/mi/workplace/build/learning/install.log --single-version-externally-managed
[5.580s] running egg_info
[5.587s] writing ../../build/learning/learning.egg-info/PKG-INFO
[5.588s] writing dependency_links to ../../build/learning/learning.egg-info/dependency_links.txt
[5.588s] writing entry points to ../../build/learning/learning.egg-info/entry_points.txt
[5.588s] writing requirements to ../../build/learning/learning.egg-info/requires.txt
[5.589s] writing top-level names to ../../build/learning/learning.egg-info/top_level.txt
[5.606s] reading manifest file '../../build/learning/learning.egg-info/SOURCES.txt'
[5.613s] writing manifest file '../../build/learning/learning.egg-info/SOURCES.txt'
[5.614s] running build
[5.614s] running build_py
[5.615s] copying learning/walktest.py -> /home/mi/workplace/build/learning/build/lib/learning
[5.617s] running install
[5.620s] /usr/local/lib/python3.6/dist-packages/setuptools/command/install.py:37: SetuptoolsDeprecationWarning: setup.py install is deprecated. Use build and pip and other standards-based tools.
[5.620s]   setuptools.SetuptoolsDeprecationWarning,
[5.623s] running install_lib
[5.626s] copying /home/mi/workplace/build/learning/build/lib/learning/walktest.py -> /home/mi/workplace/install/learning/lib/python3.6/site-packages/learning
[5.628s] byte-compiling /home/mi/workplace/install/learning/lib/python3.6/site-packages/learning/walktest.py to walktest.cpython-36.pyc
[5.631s] running install_data
[5.634s] running install_egg_info
[5.643s] removing '/home/mi/workplace/install/learning/lib/python3.6/site-packages/learning-0.0.0-py3.6.egg-info' (and everything under it)
[5.644s] Copying ../../build/learning/learning.egg-info to /home/mi/workplace/install/learning/lib/python3.6/site-packages/learning-0.0.0-py3.6.egg-info
[5.650s] running install_scripts
[5.745s] Installing distance script to /home/mi/workplace/install/learning/lib/learning
[5.748s] Installing stand script to /home/mi/workplace/install/learning/lib/learning
[5.749s] Installing walk script to /home/mi/workplace/install/learning/lib/learning
[5.749s] Installing walktest script to /home/mi/workplace/install/learning/lib/learning
[5.750s] writing list of installed files to '/home/mi/workplace/build/learning/install.log'
[5.873s] Invoked command in '/home/mi/workplace/src/learning' returned '0': PYTHONPATH=/home/mi/workplace/install/learning/lib/python3.6/site-packages:${PYTHONPATH} /usr/bin/python3 setup.py egg_info --egg-base ../../build/learning build --build-base /home/mi/workplace/build/learning/build install --prefix /home/mi/workplace/install/learning --record /home/mi/workplace/build/learning/install.log --single-version-externally-managed
