[3.850s] Invoking command in '/home/mi/workplace/src/learning': PYTHONPATH=/home/mi/workplace/install/learning/lib/python3.6/site-packages:${PYTHONPATH} /usr/bin/python3 setup.py egg_info --egg-base ../../build/learning build --build-base /home/mi/workplace/build/learning/build install --prefix /home/mi/workplace/install/learning --record /home/mi/workplace/build/learning/install.log --single-version-externally-managed
[5.596s] running egg_info
[5.600s] writing ../../build/learning/learning.egg-info/PKG-INFO
[5.603s] writing dependency_links to ../../build/learning/learning.egg-info/dependency_links.txt
[5.605s] writing entry points to ../../build/learning/learning.egg-info/entry_points.txt
[5.607s] writing requirements to ../../build/learning/learning.egg-info/requires.txt
[5.608s] writing top-level names to ../../build/learning/learning.egg-info/top_level.txt
[5.622s] reading manifest file '../../build/learning/learning.egg-info/SOURCES.txt'
[5.631s] writing manifest file '../../build/learning/learning.egg-info/SOURCES.txt'
[5.631s] running build
[5.632s] running build_py
[5.633s] copying learning/distance.py -> /home/mi/workplace/build/learning/build/lib/learning
[5.634s] running install
[5.635s] /usr/local/lib/python3.6/dist-packages/setuptools/command/install.py:37: SetuptoolsDeprecationWarning: setup.py install is deprecated. Use build and pip and other standards-based tools.
[5.636s]   setuptools.SetuptoolsDeprecationWarning,
[5.637s] running install_lib
[5.641s] copying /home/mi/workplace/build/learning/build/lib/learning/distance.py -> /home/mi/workplace/install/learning/lib/python3.6/site-packages/learning
[5.645s] byte-compiling /home/mi/workplace/install/learning/lib/python3.6/site-packages/learning/distance.py to distance.cpython-36.pyc
[5.647s] running install_data
[5.650s] copying package.xml -> /home/mi/workplace/install/learning/share/learning
[5.651s] running install_egg_info
[5.660s] removing '/home/mi/workplace/install/learning/lib/python3.6/site-packages/learning-0.0.0-py3.6.egg-info' (and everything under it)
[5.662s] Copying ../../build/learning/learning.egg-info to /home/mi/workplace/install/learning/lib/python3.6/site-packages/learning-0.0.0-py3.6.egg-info
[5.666s] running install_scripts
[5.773s] Installing stand = learning.stand:maindistance script to /home/mi/workplace/install/learning/lib/learning
[5.775s] writing list of installed files to '/home/mi/workplace/build/learning/install.log'
[5.899s] Invoked command in '/home/mi/workplace/src/learning' returned '0': PYTHONPATH=/home/mi/workplace/install/learning/lib/python3.6/site-packages:${PYTHONPATH} /usr/bin/python3 setup.py egg_info --egg-base ../../build/learning build --build-base /home/mi/workplace/build/learning/build install --prefix /home/mi/workplace/install/learning --record /home/mi/workplace/build/learning/install.log --single-version-externally-managed
