[4.266s] Invoking command in '/home/mi/workplace/src/learning': PYTHONPATH=/home/mi/workplace/install/learning/lib/python3.6/site-packages:${PYTHONPATH} /usr/bin/python3 setup.py egg_info --egg-base ../../build/learning build --build-base /home/mi/workplace/build/learning/build install --prefix /home/mi/workplace/install/learning --record /home/mi/workplace/build/learning/install.log --single-version-externally-managed
[6.018s] running egg_info
[6.020s] writing ../../build/learning/learning.egg-info/PKG-INFO
[6.022s] writing dependency_links to ../../build/learning/learning.egg-info/dependency_links.txt
[6.023s] writing entry points to ../../build/learning/learning.egg-info/entry_points.txt
[6.026s] writing requirements to ../../build/learning/learning.egg-info/requires.txt
[6.026s] writing top-level names to ../../build/learning/learning.egg-info/top_level.txt
[6.045s] reading manifest file '../../build/learning/learning.egg-info/SOURCES.txt'
[6.051s] writing manifest file '../../build/learning/learning.egg-info/SOURCES.txt'
[6.053s] running build
[6.054s] running build_py
[6.056s] copying learning/rgb_cam_suber.py -> /home/mi/workplace/build/learning/build/lib/learning
[6.064s] running install
[6.065s] /usr/local/lib/python3.6/dist-packages/setuptools/command/install.py:37: SetuptoolsDeprecationWarning: setup.py install is deprecated. Use build and pip and other standards-based tools.
[6.068s]   setuptools.SetuptoolsDeprecationWarning,
[6.076s] running install_lib
[6.078s] copying /home/mi/workplace/build/learning/build/lib/learning/rgb_cam_suber.py -> /home/mi/workplace/install/learning/lib/python3.6/site-packages/learning
[6.079s] byte-compiling /home/mi/workplace/install/learning/lib/python3.6/site-packages/learning/ztest.py to ztest.cpython-36.pyc
[6.080s]   File "/home/mi/workplace/install/learning/lib/python3.6/site-packages/learning/ztest.py", line 81
[6.080s]     excpt KeyboardInterrupt:
[6.081s]         ^
[6.081s] SyntaxError: invalid syntax
[6.082s] 
[6.082s] byte-compiling /home/mi/workplace/install/learning/lib/python3.6/site-packages/learning/rgb_cam_suber.py to rgb_cam_suber.cpython-36.pyc
[6.083s] running install_data
[6.086s] running install_egg_info
[6.094s] removing '/home/mi/workplace/install/learning/lib/python3.6/site-packages/learning-0.0.0-py3.6.egg-info' (and everything under it)
[6.096s] Copying ../../build/learning/learning.egg-info to /home/mi/workplace/install/learning/lib/python3.6/site-packages/learning-0.0.0-py3.6.egg-info
[6.101s] running install_scripts
[6.201s] Installing distance script to /home/mi/workplace/install/learning/lib/learning
[6.205s] Installing infra_cam_suber script to /home/mi/workplace/install/learning/lib/learning
[6.206s] Installing rgb_cam_suber script to /home/mi/workplace/install/learning/lib/learning
[6.207s] Installing rgb_test script to /home/mi/workplace/install/learning/lib/learning
[6.208s] Installing stand script to /home/mi/workplace/install/learning/lib/learning
[6.211s] Installing walktest script to /home/mi/workplace/install/learning/lib/learning
[6.212s] writing list of installed files to '/home/mi/workplace/build/learning/install.log'
[6.348s] Invoked command in '/home/mi/workplace/src/learning' returned '0': PYTHONPATH=/home/mi/workplace/install/learning/lib/python3.6/site-packages:${PYTHONPATH} /usr/bin/python3 setup.py egg_info --egg-base ../../build/learning build --build-base /home/mi/workplace/build/learning/build install --prefix /home/mi/workplace/install/learning --record /home/mi/workplace/build/learning/install.log --single-version-externally-managed
