[4.537s] Invoking command in '/home/mi/workplace/src/learning': PYTHONPATH=/home/mi/workplace/install/learning/lib/python3.6/site-packages:${PYTHONPATH} /usr/bin/python3 setup.py egg_info --egg-base ../../build/learning build --build-base /home/mi/workplace/build/learning/build install --prefix /home/mi/workplace/install/learning --record /home/mi/workplace/build/learning/install.log --single-version-externally-managed
[6.103s] running egg_info
[6.106s] writing ../../build/learning/learning.egg-info/PKG-INFO
[6.107s] writing dependency_links to ../../build/learning/learning.egg-info/dependency_links.txt
[6.110s] writing entry points to ../../build/learning/learning.egg-info/entry_points.txt
[6.111s] writing requirements to ../../build/learning/learning.egg-info/requires.txt
[6.111s] writing top-level names to ../../build/learning/learning.egg-info/top_level.txt
[6.127s] reading manifest file '../../build/learning/learning.egg-info/SOURCES.txt'
[6.133s] writing manifest file '../../build/learning/learning.egg-info/SOURCES.txt'
[6.134s] running build
[6.138s] running build_py
[6.139s] copying learning/infra_cam_suber.py -> /home/mi/workplace/build/learning/build/lib/learning
[6.139s] copying learning/rgb_cam_suber.py -> /home/mi/workplace/build/learning/build/lib/learning
[6.141s] running install
[6.142s] /usr/local/lib/python3.6/dist-packages/setuptools/command/install.py:37: SetuptoolsDeprecationWarning: setup.py install is deprecated. Use build and pip and other standards-based tools.
[6.142s]   setuptools.SetuptoolsDeprecationWarning,
[6.143s] running install_lib
[6.144s] copying /home/mi/workplace/build/learning/build/lib/learning/infra_cam_suber.py -> /home/mi/workplace/install/learning/lib/python3.6/site-packages/learning
[6.145s] copying /home/mi/workplace/build/learning/build/lib/learning/rgb_cam_suber.py -> /home/mi/workplace/install/learning/lib/python3.6/site-packages/learning
[6.148s] byte-compiling /home/mi/workplace/install/learning/lib/python3.6/site-packages/learning/ball_recog.py to ball_recog.cpython-36.pyc
[6.151s]   File "/home/mi/workplace/install/learning/lib/python3.6/site-packages/learning/ball_recog.py", line 45
[6.152s]     return
[6.152s]     ^
[6.153s] SyntaxError: 'return' outside function
[6.153s] 
[6.154s] byte-compiling /home/mi/workplace/install/learning/lib/python3.6/site-packages/learning/infra_cam_suber.py to infra_cam_suber.cpython-36.pyc
[6.155s] byte-compiling /home/mi/workplace/install/learning/lib/python3.6/site-packages/learning/rgb_cam_suber.py to rgb_cam_suber.cpython-36.pyc
[6.156s] running install_data
[6.159s] running install_egg_info
[6.167s] removing '/home/mi/workplace/install/learning/lib/python3.6/site-packages/learning-0.0.0-py3.6.egg-info' (and everything under it)
[6.168s] Copying ../../build/learning/learning.egg-info to /home/mi/workplace/install/learning/lib/python3.6/site-packages/learning-0.0.0-py3.6.egg-info
[6.174s] running install_scripts
[6.264s] Installing distance script to /home/mi/workplace/install/learning/lib/learning
[6.265s] Installing infra_cam_suber script to /home/mi/workplace/install/learning/lib/learning
[6.265s] Installing rgb_cam_suber script to /home/mi/workplace/install/learning/lib/learning
[6.267s] Installing stand script to /home/mi/workplace/install/learning/lib/learning
[6.267s] Installing walktest script to /home/mi/workplace/install/learning/lib/learning
[6.269s] writing list of installed files to '/home/mi/workplace/build/learning/install.log'
[6.393s] Invoked command in '/home/mi/workplace/src/learning' returned '0': PYTHONPATH=/home/mi/workplace/install/learning/lib/python3.6/site-packages:${PYTHONPATH} /usr/bin/python3 setup.py egg_info --egg-base ../../build/learning build --build-base /home/mi/workplace/build/learning/build install --prefix /home/mi/workplace/install/learning --record /home/mi/workplace/build/learning/install.log --single-version-externally-managed
