[4.555s] Invoking command in '/home/mi/workplace/src/learning': PYTHONPATH=/home/mi/workplace/install/learning/lib/python3.6/site-packages:${PYTHONPATH} /usr/bin/python3 setup.py egg_info --egg-base ../../build/learning build --build-base /home/mi/workplace/build/learning/build install --prefix /home/mi/workplace/install/learning --record /home/mi/workplace/build/learning/install.log --single-version-externally-managed
[6.383s] running egg_info
[6.392s] writing ../../build/learning/learning.egg-info/PKG-INFO
[6.394s] writing dependency_links to ../../build/learning/learning.egg-info/dependency_links.txt
[6.394s] writing entry points to ../../build/learning/learning.egg-info/entry_points.txt
[6.395s] writing requirements to ../../build/learning/learning.egg-info/requires.txt
[6.395s] writing top-level names to ../../build/learning/learning.egg-info/top_level.txt
[6.413s] reading manifest file '../../build/learning/learning.egg-info/SOURCES.txt'
[6.420s] writing manifest file '../../build/learning/learning.egg-info/SOURCES.txt'
[6.423s] running build
[6.427s] running build_py
[6.429s] /usr/local/lib/python3.6/dist-packages/setuptools/command/install.py:37: SetuptoolsDeprecationWarning: setup.py install is deprecated. Use build and pip and other standards-based tools.
[6.431s]   setuptools.SetuptoolsDeprecationWarning,
[6.432s] copying learning/rgb_cam_suber.py -> /home/mi/workplace/build/learning/build/lib/learning
[6.433s] running install
[6.433s] running install_lib
[6.440s] copying /home/mi/workplace/build/learning/build/lib/learning/rgb_cam_suber.py -> /home/mi/workplace/install/learning/lib/python3.6/site-packages/learning
[6.444s] byte-compiling /home/mi/workplace/install/learning/lib/python3.6/site-packages/learning/ztest.py to ztest.cpython-36.pyc
[6.446s]   File "/home/mi/workplace/install/learning/lib/python3.6/site-packages/learning/ztest.py", line 81
[6.447s]     excpt KeyboardInterrupt:
[6.449s]         ^
[6.449s] SyntaxError: invalid syntax
[6.452s] 
[6.453s] byte-compiling /home/mi/workplace/install/learning/lib/python3.6/site-packages/learning/rgb_cam_suber.py to rgb_cam_suber.cpython-36.pyc
[6.453s] running install_data
[6.454s] running install_egg_info
[6.466s] removing '/home/mi/workplace/install/learning/lib/python3.6/site-packages/learning-0.0.0-py3.6.egg-info' (and everything under it)
[6.467s] Copying ../../build/learning/learning.egg-info to /home/mi/workplace/install/learning/lib/python3.6/site-packages/learning-0.0.0-py3.6.egg-info
[6.477s] running install_scripts
[6.625s] Installing distance script to /home/mi/workplace/install/learning/lib/learning
[6.633s] Installing infra_cam_suber script to /home/mi/workplace/install/learning/lib/learning
[6.634s] Installing rgb_cam_suber script to /home/mi/workplace/install/learning/lib/learning
[6.638s] Installing rgb_test script to /home/mi/workplace/install/learning/lib/learning
[6.638s] Installing stand script to /home/mi/workplace/install/learning/lib/learning
[6.639s] Installing walktest script to /home/mi/workplace/install/learning/lib/learning
[6.641s] writing list of installed files to '/home/mi/workplace/build/learning/install.log'
[6.795s] Invoked command in '/home/mi/workplace/src/learning' returned '0': PYTHONPATH=/home/mi/workplace/install/learning/lib/python3.6/site-packages:${PYTHONPATH} /usr/bin/python3 setup.py egg_info --egg-base ../../build/learning build --build-base /home/mi/workplace/build/learning/build install --prefix /home/mi/workplace/install/learning --record /home/mi/workplace/build/learning/install.log --single-version-externally-managed
