[4.510s] Invoking command in '/home/mi/workplace/src/learning': PYTHONPATH=/home/mi/workplace/install/learning/lib/python3.6/site-packages:${PYTHONPATH} /usr/bin/python3 setup.py egg_info --egg-base ../../build/learning build --build-base /home/mi/workplace/build/learning/build install --prefix /home/mi/workplace/install/learning --record /home/mi/workplace/build/learning/install.log --single-version-externally-managed
[6.804s] running egg_info
[6.810s] writing ../../build/learning/learning.egg-info/PKG-INFO
[6.811s] writing dependency_links to ../../build/learning/learning.egg-info/dependency_links.txt
[6.817s] writing entry points to ../../build/learning/learning.egg-info/entry_points.txt
[6.818s] writing requirements to ../../build/learning/learning.egg-info/requires.txt
[6.818s] writing top-level names to ../../build/learning/learning.egg-info/top_level.txt
[6.848s] reading manifest file '../../build/learning/learning.egg-info/SOURCES.txt'
[6.856s] writing manifest file '../../build/learning/learning.egg-info/SOURCES.txt'
[6.861s] running build
[6.862s] running build_py
[6.863s] copying learning/rotate.py -> /home/mi/workplace/build/learning/build/lib/learning
[6.867s] running install
[6.873s] /usr/local/lib/python3.6/dist-packages/setuptools/command/install.py:37: SetuptoolsDeprecationWarning: setup.py install is deprecated. Use build and pip and other standards-based tools.
[6.890s]   setuptools.SetuptoolsDeprecationWarning,
[6.891s] running install_lib
[6.891s]   File "/home/mi/workplace/install/learning/lib/python3.6/site-packages/learning/ztest.py", line 81
[6.897s]     excpt KeyboardInterrupt:
[6.898s]         ^
[6.898s] SyntaxError: invalid syntax
[6.901s] 
[6.901s]   File "/home/mi/workplace/install/learning/lib/python3.6/site-packages/learning/point.py", line 18
[6.902s]     
[6.902s]     ^
[6.903s] SyntaxError: unexpected EOF while parsing
[6.903s] 
[6.904s] copying /home/mi/workplace/build/learning/build/lib/learning/rotate.py -> /home/mi/workplace/install/learning/lib/python3.6/site-packages/learning
[6.904s] byte-compiling /home/mi/workplace/install/learning/lib/python3.6/site-packages/learning/ztest.py to ztest.cpython-36.pyc
[6.905s] byte-compiling /home/mi/workplace/install/learning/lib/python3.6/site-packages/learning/point.py to point.cpython-36.pyc
[6.905s] byte-compiling /home/mi/workplace/install/learning/lib/python3.6/site-packages/learning/rotate.py to rotate.cpython-36.pyc
[6.906s] running install_data
[6.907s] running install_egg_info
[6.919s] removing '/home/mi/workplace/install/learning/lib/python3.6/site-packages/learning-0.0.0-py3.6.egg-info' (and everything under it)
[6.920s] Copying ../../build/learning/learning.egg-info to /home/mi/workplace/install/learning/lib/python3.6/site-packages/learning-0.0.0-py3.6.egg-info
[6.925s] running install_scripts
[7.087s] Installing crash script to /home/mi/workplace/install/learning/lib/learning
[7.088s] Installing data_reciv script to /home/mi/workplace/install/learning/lib/learning
[7.088s] Installing distance script to /home/mi/workplace/install/learning/lib/learning
[7.089s] Installing infra_cam_suber script to /home/mi/workplace/install/learning/lib/learning
[7.089s] Installing rgb_cam_suber script to /home/mi/workplace/install/learning/lib/learning
[7.090s] Installing rgb_test script to /home/mi/workplace/install/learning/lib/learning
[7.091s] Installing rotate script to /home/mi/workplace/install/learning/lib/learning
[7.092s] Installing see_and_crash script to /home/mi/workplace/install/learning/lib/learning
[7.093s] Installing sit script to /home/mi/workplace/install/learning/lib/learning
[7.093s] Installing stand script to /home/mi/workplace/install/learning/lib/learning
[7.096s] Installing track script to /home/mi/workplace/install/learning/lib/learning
[7.097s] Installing walk_onesec script to /home/mi/workplace/install/learning/lib/learning
[7.098s] Installing walktest script to /home/mi/workplace/install/learning/lib/learning
[7.104s] writing list of installed files to '/home/mi/workplace/build/learning/install.log'
[7.273s] Invoked command in '/home/mi/workplace/src/learning' returned '0': PYTHONPATH=/home/mi/workplace/install/learning/lib/python3.6/site-packages:${PYTHONPATH} /usr/bin/python3 setup.py egg_info --egg-base ../../build/learning build --build-base /home/mi/workplace/build/learning/build install --prefix /home/mi/workplace/install/learning --record /home/mi/workplace/build/learning/install.log --single-version-externally-managed
