[3.931s] Invoking command in '/home/mi/workplace/src/learning': PYTHONPATH=/home/mi/workplace/install/learning/lib/python3.6/site-packages:${PYTHONPATH} /usr/bin/python3 setup.py egg_info --egg-base ../../build/learning build --build-base /home/mi/workplace/build/learning/build install --prefix /home/mi/workplace/install/learning --record /home/mi/workplace/build/learning/install.log --single-version-externally-managed
[5.530s] running egg_info
[5.534s] writing ../../build/learning/learning.egg-info/PKG-INFO
[5.538s] writing dependency_links to ../../build/learning/learning.egg-info/dependency_links.txt
[5.538s] writing entry points to ../../build/learning/learning.egg-info/entry_points.txt
[5.538s] writing requirements to ../../build/learning/learning.egg-info/requires.txt
[5.539s] writing top-level names to ../../build/learning/learning.egg-info/top_level.txt
[5.553s] reading manifest file '../../build/learning/learning.egg-info/SOURCES.txt'
[5.559s] writing manifest file '../../build/learning/learning.egg-info/SOURCES.txt'
[5.560s] running build
[5.560s] running build_py
[5.563s] running install
[5.564s] /usr/local/lib/python3.6/dist-packages/setuptools/command/install.py:37: SetuptoolsDeprecationWarning: setup.py install is deprecated. Use build and pip and other standards-based tools.
[5.564s]   setuptools.SetuptoolsDeprecationWarning,
[5.566s] running install_lib
[5.571s] running install_data
[5.574s] running install_egg_info
[5.583s] removing '/home/mi/workplace/install/learning/lib/python3.6/site-packages/learning-0.0.0-py3.6.egg-info' (and everything under it)
[5.585s] Copying ../../build/learning/learning.egg-info to /home/mi/workplace/install/learning/lib/python3.6/site-packages/learning-0.0.0-py3.6.egg-info
[5.590s] running install_scripts
[5.682s] Installing distance script to /home/mi/workplace/install/learning/lib/learning
[5.685s] Installing stand script to /home/mi/workplace/install/learning/lib/learning
[5.686s] Installing walk script to /home/mi/workplace/install/learning/lib/learning
[5.687s] Installing walktest = learning.walktest:mainztest script to /home/mi/workplace/install/learning/lib/learning
[5.688s] writing list of installed files to '/home/mi/workplace/build/learning/install.log'
[5.813s] Invoked command in '/home/mi/workplace/src/learning' returned '0': PYTHONPATH=/home/mi/workplace/install/learning/lib/python3.6/site-packages:${PYTHONPATH} /usr/bin/python3 setup.py egg_info --egg-base ../../build/learning build --build-base /home/mi/workplace/build/learning/build install --prefix /home/mi/workplace/install/learning --record /home/mi/workplace/build/learning/install.log --single-version-externally-managed
