[4.016s] Invoking command in '/home/mi/workplace/src/learning': PYTHONPATH=/home/mi/workplace/install/learning/lib/python3.6/site-packages:${PYTHONPATH} /usr/bin/python3 setup.py egg_info --egg-base ../../build/learning build --build-base /home/mi/workplace/build/learning/build install --prefix /home/mi/workplace/install/learning --record /home/mi/workplace/build/learning/install.log --single-version-externally-managed
[5.553s] running egg_info
[5.558s] writing ../../build/learning/learning.egg-info/PKG-INFO
[5.559s] writing dependency_links to ../../build/learning/learning.egg-info/dependency_links.txt
[5.560s] writing entry points to ../../build/learning/learning.egg-info/entry_points.txt
[5.560s] writing requirements to ../../build/learning/learning.egg-info/requires.txt
[5.561s] writing top-level names to ../../build/learning/learning.egg-info/top_level.txt
[5.573s] reading manifest file '../../build/learning/learning.egg-info/SOURCES.txt'
[5.580s] writing manifest file '../../build/learning/learning.egg-info/SOURCES.txt'
[5.584s] running build
[5.585s] running build_py
[5.586s] copying learning/ztest.py -> /home/mi/workplace/build/learning/build/lib/learning
[5.587s] running install
[5.587s] /usr/local/lib/python3.6/dist-packages/setuptools/command/install.py:37: SetuptoolsDeprecationWarning: setup.py install is deprecated. Use build and pip and other standards-based tools.
[5.588s]   setuptools.SetuptoolsDeprecationWarning,
[5.589s] running install_lib
[5.592s] copying /home/mi/workplace/build/learning/build/lib/learning/ztest.py -> /home/mi/workplace/install/learning/lib/python3.6/site-packages/learning
[5.596s] byte-compiling /home/mi/workplace/install/learning/lib/python3.6/site-packages/learning/ztest.py to ztest.cpython-36.pyc
[5.597s]   File "/home/mi/workplace/install/learning/lib/python3.6/site-packages/learning/ztest.py", line 81
[5.598s]     excpt KeyboardInterrupt:
[5.599s]         ^
[5.599s] SyntaxError: invalid syntax
[5.599s] 
[5.600s] running install_data
[5.601s] running install_egg_info
[5.608s] removing '/home/mi/workplace/install/learning/lib/python3.6/site-packages/learning-0.0.0-py3.6.egg-info' (and everything under it)
[5.613s] Copying ../../build/learning/learning.egg-info to /home/mi/workplace/install/learning/lib/python3.6/site-packages/learning-0.0.0-py3.6.egg-info
[5.615s] running install_scripts
[5.705s] Installing distance script to /home/mi/workplace/install/learning/lib/learning
[5.708s] Installing stand script to /home/mi/workplace/install/learning/lib/learning
[5.709s] Installing walk script to /home/mi/workplace/install/learning/lib/learning
[5.709s] Installing walktest script to /home/mi/workplace/install/learning/lib/learning
[5.714s] Installing ztest script to /home/mi/workplace/install/learning/lib/learning
[5.715s] writing list of installed files to '/home/mi/workplace/build/learning/install.log'
[5.820s] Invoked command in '/home/mi/workplace/src/learning' returned '0': PYTHONPATH=/home/mi/workplace/install/learning/lib/python3.6/site-packages:${PYTHONPATH} /usr/bin/python3 setup.py egg_info --egg-base ../../build/learning build --build-base /home/mi/workplace/build/learning/build install --prefix /home/mi/workplace/install/learning --record /home/mi/workplace/build/learning/install.log --single-version-externally-managed
