[3.845s] Invoking command in '/home/mi/workplace/src/learning': PYTHONPATH=/home/mi/workplace/install/learning/lib/python3.6/site-packages:${PYTHONPATH} /usr/bin/python3 setup.py egg_info --egg-base ../../build/learning build --build-base /home/mi/workplace/build/learning/build install --prefix /home/mi/workplace/install/learning --record /home/mi/workplace/build/learning/install.log --single-version-externally-managed
[5.308s] running egg_info
[5.313s] writing ../../build/learning/learning.egg-info/PKG-INFO
[5.314s] writing dependency_links to ../../build/learning/learning.egg-info/dependency_links.txt
[5.314s] writing entry points to ../../build/learning/learning.egg-info/entry_points.txt
[5.314s] writing requirements to ../../build/learning/learning.egg-info/requires.txt
[5.315s] writing top-level names to ../../build/learning/learning.egg-info/top_level.txt
[5.329s] reading manifest file '../../build/learning/learning.egg-info/SOURCES.txt'
[5.336s] writing manifest file '../../build/learning/learning.egg-info/SOURCES.txt'
[5.336s] running build
[5.337s] running build_py
[5.337s] copying learning/ztest.py -> /home/mi/workplace/build/learning/build/lib/learning
[5.340s] running install
[5.341s] /usr/local/lib/python3.6/dist-packages/setuptools/command/install.py:37: SetuptoolsDeprecationWarning: setup.py install is deprecated. Use build and pip and other standards-based tools.
[5.341s]   setuptools.SetuptoolsDeprecationWarning,
[5.344s] running install_lib
[5.346s] copying /home/mi/workplace/build/learning/build/lib/learning/ztest.py -> /home/mi/workplace/install/learning/lib/python3.6/site-packages/learning
[5.348s] byte-compiling /home/mi/workplace/install/learning/lib/python3.6/site-packages/learning/ztest.py to ztest.cpython-36.pyc
[5.352s] running install_data
[5.355s] running install_egg_info
[5.362s] removing '/home/mi/workplace/install/learning/lib/python3.6/site-packages/learning-0.0.0-py3.6.egg-info' (and everything under it)
[5.363s] Copying ../../build/learning/learning.egg-info to /home/mi/workplace/install/learning/lib/python3.6/site-packages/learning-0.0.0-py3.6.egg-info
[5.368s] running install_scripts
[5.458s] Installing distance script to /home/mi/workplace/install/learning/lib/learning
[5.460s] Installing stand script to /home/mi/workplace/install/learning/lib/learning
[5.461s] Installing walk script to /home/mi/workplace/install/learning/lib/learning
[5.462s] Installing walktest script to /home/mi/workplace/install/learning/lib/learning
[5.464s] writing list of installed files to '/home/mi/workplace/build/learning/install.log'
[5.582s] Invoked command in '/home/mi/workplace/src/learning' returned '0': PYTHONPATH=/home/mi/workplace/install/learning/lib/python3.6/site-packages:${PYTHONPATH} /usr/bin/python3 setup.py egg_info --egg-base ../../build/learning build --build-base /home/mi/workplace/build/learning/build install --prefix /home/mi/workplace/install/learning --record /home/mi/workplace/build/learning/install.log --single-version-externally-managed
