[3.776s] Invoking command in '/home/mi/workplace/src/learning': PYTHONPATH=/home/mi/workplace/install/learning/lib/python3.6/site-packages:${PYTHONPATH} /usr/bin/python3 setup.py egg_info --egg-base ../../build/learning build --build-base /home/mi/workplace/build/learning/build install --prefix /home/mi/workplace/install/learning --record /home/mi/workplace/build/learning/install.log --single-version-externally-managed
[5.238s] running egg_info
[5.241s] writing ../../build/learning/learning.egg-info/PKG-INFO
[5.243s] writing dependency_links to ../../build/learning/learning.egg-info/dependency_links.txt
[5.244s] writing entry points to ../../build/learning/learning.egg-info/entry_points.txt
[5.245s] writing requirements to ../../build/learning/learning.egg-info/requires.txt
[5.245s] writing top-level names to ../../build/learning/learning.egg-info/top_level.txt
[5.258s] reading manifest file '../../build/learning/learning.egg-info/SOURCES.txt'
[5.265s] writing manifest file '../../build/learning/learning.egg-info/SOURCES.txt'
[5.266s] running build
[5.266s] running build_py
[5.267s] running install
[5.268s] /usr/local/lib/python3.6/dist-packages/setuptools/command/install.py:37: SetuptoolsDeprecationWarning: setup.py install is deprecated. Use build and pip and other standards-based tools.
[5.269s]   setuptools.SetuptoolsDeprecationWarning,
[5.270s] running install_lib
[5.275s] running install_data
[5.277s] running install_egg_info
[5.299s] removing '/home/mi/workplace/install/learning/lib/python3.6/site-packages/learning-0.0.0-py3.6.egg-info' (and everything under it)
[5.300s] Copying ../../build/learning/learning.egg-info to /home/mi/workplace/install/learning/lib/python3.6/site-packages/learning-0.0.0-py3.6.egg-info
[5.300s] running install_scripts
[5.376s] Installing distance script to /home/mi/workplace/install/learning/lib/learning
[5.381s] Installing stand script to /home/mi/workplace/install/learning/lib/learning
[5.383s] Installing walk script to /home/mi/workplace/install/learning/lib/learning
[5.383s] Installing walktest script to /home/mi/workplace/install/learning/lib/learning
[5.384s] Installing ztest script to /home/mi/workplace/install/learning/lib/learning
[5.384s] writing list of installed files to '/home/mi/workplace/build/learning/install.log'
[5.494s] Invoked command in '/home/mi/workplace/src/learning' returned '0': PYTHONPATH=/home/mi/workplace/install/learning/lib/python3.6/site-packages:${PYTHONPATH} /usr/bin/python3 setup.py egg_info --egg-base ../../build/learning build --build-base /home/mi/workplace/build/learning/build install --prefix /home/mi/workplace/install/learning --record /home/mi/workplace/build/learning/install.log --single-version-externally-managed
