[4.330s] Invoking command in '/home/mi/workplace/src/learning': PYTHONPATH=/home/mi/workplace/install/learning/lib/python3.6/site-packages:${PYTHONPATH} /usr/bin/python3 setup.py egg_info --egg-base ../../build/learning build --build-base /home/mi/workplace/build/learning/build install --prefix /home/mi/workplace/install/learning --record /home/mi/workplace/build/learning/install.log --single-version-externally-managed
[6.059s] running egg_info
[6.061s] writing ../../build/learning/learning.egg-info/PKG-INFO
[6.064s] writing dependency_links to ../../build/learning/learning.egg-info/dependency_links.txt
[6.066s] writing entry points to ../../build/learning/learning.egg-info/entry_points.txt
[6.067s] writing requirements to ../../build/learning/learning.egg-info/requires.txt
[6.067s] writing top-level names to ../../build/learning/learning.egg-info/top_level.txt
[6.084s] reading manifest file '../../build/learning/learning.egg-info/SOURCES.txt'
[6.093s] writing manifest file '../../build/learning/learning.egg-info/SOURCES.txt'
[6.098s] running build
[6.098s] running build_py
[6.099s] copying learning/data_reciv.py -> /home/mi/workplace/build/learning/build/lib/learning
[6.100s] running install
[6.100s] /usr/local/lib/python3.6/dist-packages/setuptools/command/install.py:37: SetuptoolsDeprecationWarning: setup.py install is deprecated. Use build and pip and other standards-based tools.
[6.101s]   setuptools.SetuptoolsDeprecationWarning,
[6.101s] running install_lib
[6.104s] copying /home/mi/workplace/build/learning/build/lib/learning/data_reciv.py -> /home/mi/workplace/install/learning/lib/python3.6/site-packages/learning
[6.107s] byte-compiling /home/mi/workplace/install/learning/lib/python3.6/site-packages/learning/ztest.py to ztest.cpython-36.pyc
[6.117s] byte-compiling /home/mi/workplace/install/learning/lib/python3.6/site-packages/learning/data_reciv.py to data_reciv.cpython-36.pyc
[6.117s]   File "/home/mi/workplace/install/learning/lib/python3.6/site-packages/learning/ztest.py", line 81
[6.119s]     excpt KeyboardInterrupt:
[6.121s]         ^
[6.124s] SyntaxError: invalid syntax
[6.124s] 
[6.125s] Sorry: IndentationError: expected an indented block (transverse.py, line 33)
[6.131s] byte-compiling /home/mi/workplace/install/learning/lib/python3.6/site-packages/learning/transverse.py to transverse.cpython-36.pyc
[6.132s] running install_data
[6.133s] running install_egg_info
[6.133s] removing '/home/mi/workplace/install/learning/lib/python3.6/site-packages/learning-0.0.0-py3.6.egg-info' (and everything under it)
[6.135s] Copying ../../build/learning/learning.egg-info to /home/mi/workplace/install/learning/lib/python3.6/site-packages/learning-0.0.0-py3.6.egg-info
[6.135s] running install_scripts
[6.232s] Installing crash script to /home/mi/workplace/install/learning/lib/learning
[6.233s] Installing data_reciv script to /home/mi/workplace/install/learning/lib/learning
[6.234s] Installing distance script to /home/mi/workplace/install/learning/lib/learning
[6.237s] Installing infra_cam_suber script to /home/mi/workplace/install/learning/lib/learning
[6.237s] Installing rgb_cam_suber script to /home/mi/workplace/install/learning/lib/learning
[6.238s] Installing rgb_test script to /home/mi/workplace/install/learning/lib/learning
[6.239s] Installing stand script to /home/mi/workplace/install/learning/lib/learning
[6.239s] Installing track script to /home/mi/workplace/install/learning/lib/learning
[6.240s] Installing walktest script to /home/mi/workplace/install/learning/lib/learning
[6.245s] writing list of installed files to '/home/mi/workplace/build/learning/install.log'
[6.370s] Invoked command in '/home/mi/workplace/src/learning' returned '0': PYTHONPATH=/home/mi/workplace/install/learning/lib/python3.6/site-packages:${PYTHONPATH} /usr/bin/python3 setup.py egg_info --egg-base ../../build/learning build --build-base /home/mi/workplace/build/learning/build install --prefix /home/mi/workplace/install/learning --record /home/mi/workplace/build/learning/install.log --single-version-externally-managed
