[3.972s] Invoking command in '/home/mi/workplace/src/learning': PYTHONPATH=/home/mi/workplace/install/learning/lib/python3.6/site-packages:${PYTHONPATH} /usr/bin/python3 setup.py egg_info --egg-base ../../build/learning build --build-base /home/mi/workplace/build/learning/build install --prefix /home/mi/workplace/install/learning --record /home/mi/workplace/build/learning/install.log --single-version-externally-managed
[5.466s] running egg_info
[5.469s] writing ../../build/learning/learning.egg-info/PKG-INFO
[5.471s] writing dependency_links to ../../build/learning/learning.egg-info/dependency_links.txt
[5.473s] writing entry points to ../../build/learning/learning.egg-info/entry_points.txt
[5.474s] writing requirements to ../../build/learning/learning.egg-info/requires.txt
[5.474s] writing top-level names to ../../build/learning/learning.egg-info/top_level.txt
[5.489s] reading manifest file '../../build/learning/learning.egg-info/SOURCES.txt'
[5.496s] writing manifest file '../../build/learning/learning.egg-info/SOURCES.txt'
[5.497s] running build
[5.498s] running build_py
[5.498s] copying learning/infra_cam_suber.py -> /home/mi/workplace/build/learning/build/lib/learning
[5.500s] running install
[5.503s] /usr/local/lib/python3.6/dist-packages/setuptools/command/install.py:37: SetuptoolsDeprecationWarning: setup.py install is deprecated. Use build and pip and other standards-based tools.
[5.503s]   setuptools.SetuptoolsDeprecationWarning,
[5.505s] running install_lib
[5.508s] copying /home/mi/workplace/build/learning/build/lib/learning/ztest.py -> /home/mi/workplace/install/learning/lib/python3.6/site-packages/learning
[5.509s] copying /home/mi/workplace/build/learning/build/lib/learning/infra_cam_suber.py -> /home/mi/workplace/install/learning/lib/python3.6/site-packages/learning
[5.512s] byte-compiling /home/mi/workplace/install/learning/lib/python3.6/site-packages/learning/ztest.py to ztest.cpython-36.pyc
[5.514s]   File "/home/mi/workplace/install/learning/lib/python3.6/site-packages/learning/ztest.py", line 81
[5.515s]     excpt KeyboardInterrupt:
[5.515s]         ^
[5.516s] SyntaxError: invalid syntax
[5.516s] 
[5.517s] byte-compiling /home/mi/workplace/install/learning/lib/python3.6/site-packages/learning/infra_cam_suber.py to infra_cam_suber.cpython-36.pyc
[5.518s] running install_data
[5.520s] copying package.xml -> /home/mi/workplace/install/learning/share/learning
[5.520s] running install_egg_info
[5.527s] removing '/home/mi/workplace/install/learning/lib/python3.6/site-packages/learning-0.0.0-py3.6.egg-info' (and everything under it)
[5.529s] Copying ../../build/learning/learning.egg-info to /home/mi/workplace/install/learning/lib/python3.6/site-packages/learning-0.0.0-py3.6.egg-info
[5.533s] running install_scripts
[5.618s] Installing distance script to /home/mi/workplace/install/learning/lib/learning
[5.622s] Installing infra_cam_suber script to /home/mi/workplace/install/learning/lib/learning
[5.623s] Installing rgb_cam_suber script to /home/mi/workplace/install/learning/lib/learning
[5.623s] Installing stand script to /home/mi/workplace/install/learning/lib/learning
[5.624s] Installing walktest script to /home/mi/workplace/install/learning/lib/learning
[5.625s] writing list of installed files to '/home/mi/workplace/build/learning/install.log'
[5.743s] Invoked command in '/home/mi/workplace/src/learning' returned '0': PYTHONPATH=/home/mi/workplace/install/learning/lib/python3.6/site-packages:${PYTHONPATH} /usr/bin/python3 setup.py egg_info --egg-base ../../build/learning build --build-base /home/mi/workplace/build/learning/build install --prefix /home/mi/workplace/install/learning --record /home/mi/workplace/build/learning/install.log --single-version-externally-managed
