[4.638s] Invoking command in '/home/mi/workplace/src/learning': PYTHONPATH=/home/mi/workplace/install/learning/lib/python3.6/site-packages:${PYTHONPATH} /usr/bin/python3 setup.py egg_info --egg-base ../../build/learning build --build-base /home/mi/workplace/build/learning/build install --prefix /home/mi/workplace/install/learning --record /home/mi/workplace/build/learning/install.log --single-version-externally-managed
[6.312s] running egg_info
[6.317s] writing ../../build/learning/learning.egg-info/PKG-INFO
[6.319s] writing dependency_links to ../../build/learning/learning.egg-info/dependency_links.txt
[6.321s] writing entry points to ../../build/learning/learning.egg-info/entry_points.txt
[6.323s] writing requirements to ../../build/learning/learning.egg-info/requires.txt
[6.324s] writing top-level names to ../../build/learning/learning.egg-info/top_level.txt
[6.346s] reading manifest file '../../build/learning/learning.egg-info/SOURCES.txt'
[6.352s] writing manifest file '../../build/learning/learning.egg-info/SOURCES.txt'
[6.353s] running build
[6.353s] running build_py
[6.355s] copying learning/rgb_cam_suber.py -> /home/mi/workplace/build/learning/build/lib/learning
[6.356s] running install
[6.360s] /usr/local/lib/python3.6/dist-packages/setuptools/command/install.py:37: SetuptoolsDeprecationWarning: setup.py install is deprecated. Use build and pip and other standards-based tools.
[6.361s]   setuptools.SetuptoolsDeprecationWarning,
[6.361s] running install_lib
[6.366s] copying /home/mi/workplace/build/learning/build/lib/learning/rgb_cam_suber.py -> /home/mi/workplace/install/learning/lib/python3.6/site-packages/learning
[6.368s] byte-compiling /home/mi/workplace/install/learning/lib/python3.6/site-packages/learning/ztest.py to ztest.cpython-36.pyc
[6.372s]   File "/home/mi/workplace/install/learning/lib/python3.6/site-packages/learning/ztest.py", line 81
[6.372s]     excpt KeyboardInterrupt:
[6.372s]         ^
[6.373s] SyntaxError: invalid syntax
[6.376s] 
[6.380s] byte-compiling /home/mi/workplace/install/learning/lib/python3.6/site-packages/learning/rgb_cam_suber.py to rgb_cam_suber.cpython-36.pyc
[6.388s] running install_data
[6.396s] running install_egg_info
[6.410s] removing '/home/mi/workplace/install/learning/lib/python3.6/site-packages/learning-0.0.0-py3.6.egg-info' (and everything under it)
[6.415s] Copying ../../build/learning/learning.egg-info to /home/mi/workplace/install/learning/lib/python3.6/site-packages/learning-0.0.0-py3.6.egg-info
[6.422s] running install_scripts
[6.535s] Installing distance script to /home/mi/workplace/install/learning/lib/learning
[6.541s] Installing infra_cam_suber script to /home/mi/workplace/install/learning/lib/learning
[6.544s] Installing rgb_cam_suber script to /home/mi/workplace/install/learning/lib/learning
[6.546s] Installing rgb_test script to /home/mi/workplace/install/learning/lib/learning
[6.549s] Installing stand script to /home/mi/workplace/install/learning/lib/learning
[6.551s] Installing walktest script to /home/mi/workplace/install/learning/lib/learning
[6.555s] writing list of installed files to '/home/mi/workplace/build/learning/install.log'
[6.682s] Invoked command in '/home/mi/workplace/src/learning' returned '0': PYTHONPATH=/home/mi/workplace/install/learning/lib/python3.6/site-packages:${PYTHONPATH} /usr/bin/python3 setup.py egg_info --egg-base ../../build/learning build --build-base /home/mi/workplace/build/learning/build install --prefix /home/mi/workplace/install/learning --record /home/mi/workplace/build/learning/install.log --single-version-externally-managed
