[3.884s] Invoking command in '/home/mi/workplace/src/learning': PYTHONPATH=/home/mi/workplace/install/learning/lib/python3.6/site-packages:${PYTHONPATH} /usr/bin/python3 setup.py egg_info --egg-base ../../build/learning build --build-base /home/mi/workplace/build/learning/build install --prefix /home/mi/workplace/install/learning --record /home/mi/workplace/build/learning/install.log --single-version-externally-managed
[5.371s] running egg_info
[5.374s] writing ../../build/learning/learning.egg-info/PKG-INFO
[5.374s] writing dependency_links to ../../build/learning/learning.egg-info/dependency_links.txt
[5.375s] writing entry points to ../../build/learning/learning.egg-info/entry_points.txt
[5.377s] writing requirements to ../../build/learning/learning.egg-info/requires.txt
[5.377s] writing top-level names to ../../build/learning/learning.egg-info/top_level.txt
[5.391s] reading manifest file '../../build/learning/learning.egg-info/SOURCES.txt'
[5.397s] writing manifest file '../../build/learning/learning.egg-info/SOURCES.txt'
[5.400s] running build
[5.400s] running build_py
[5.403s] copying learning/rgb_test.py -> /home/mi/workplace/build/learning/build/lib/learning
[5.403s] running install
[5.404s] /usr/local/lib/python3.6/dist-packages/setuptools/command/install.py:37: SetuptoolsDeprecationWarning: setup.py install is deprecated. Use build and pip and other standards-based tools.
[5.405s]   setuptools.SetuptoolsDeprecationWarning,
[5.405s] running install_lib
[5.410s] copying /home/mi/workplace/build/learning/build/lib/learning/rgb_test.py -> /home/mi/workplace/install/learning/lib/python3.6/site-packages/learning
[5.413s] byte-compiling /home/mi/workplace/install/learning/lib/python3.6/site-packages/learning/ztest.py to ztest.cpython-36.pyc
[5.415s]   File "/home/mi/workplace/install/learning/lib/python3.6/site-packages/learning/ztest.py", line 81
[5.415s]     excpt KeyboardInterrupt:
[5.417s]         ^
[5.418s] SyntaxError: invalid syntax
[5.422s] 
[5.423s] byte-compiling /home/mi/workplace/install/learning/lib/python3.6/site-packages/learning/rgb_test.py to rgb_test.cpython-36.pyc
[5.423s] running install_data
[5.424s] running install_egg_info
[5.429s] removing '/home/mi/workplace/install/learning/lib/python3.6/site-packages/learning-0.0.0-py3.6.egg-info' (and everything under it)
[5.432s] Copying ../../build/learning/learning.egg-info to /home/mi/workplace/install/learning/lib/python3.6/site-packages/learning-0.0.0-py3.6.egg-info
[5.437s] running install_scripts
[5.528s] Installing distance script to /home/mi/workplace/install/learning/lib/learning
[5.529s] Installing infra_cam_suber script to /home/mi/workplace/install/learning/lib/learning
[5.531s] Installing rgb_cam_suber script to /home/mi/workplace/install/learning/lib/learning
[5.532s] Installing rgb_test script to /home/mi/workplace/install/learning/lib/learning
[5.532s] Installing stand script to /home/mi/workplace/install/learning/lib/learning
[5.533s] Installing walktest script to /home/mi/workplace/install/learning/lib/learning
[5.534s] writing list of installed files to '/home/mi/workplace/build/learning/install.log'
[5.644s] Invoked command in '/home/mi/workplace/src/learning' returned '0': PYTHONPATH=/home/mi/workplace/install/learning/lib/python3.6/site-packages:${PYTHONPATH} /usr/bin/python3 setup.py egg_info --egg-base ../../build/learning build --build-base /home/mi/workplace/build/learning/build install --prefix /home/mi/workplace/install/learning --record /home/mi/workplace/build/learning/install.log --single-version-externally-managed
