[4.298s] Invoking command in '/home/mi/workplace/src/learning': PYTHONPATH=/home/mi/workplace/install/learning/lib/python3.6/site-packages:${PYTHONPATH} /usr/bin/python3 setup.py egg_info --egg-base ../../build/learning build --build-base /home/mi/workplace/build/learning/build install --prefix /home/mi/workplace/install/learning --record /home/mi/workplace/build/learning/install.log --single-version-externally-managed
[6.165s] running egg_info
[6.166s] writing ../../build/learning/learning.egg-info/PKG-INFO
[6.167s] writing dependency_links to ../../build/learning/learning.egg-info/dependency_links.txt
[6.167s] writing entry points to ../../build/learning/learning.egg-info/entry_points.txt
[6.168s] writing requirements to ../../build/learning/learning.egg-info/requires.txt
[6.169s] writing top-level names to ../../build/learning/learning.egg-info/top_level.txt
[6.189s] reading manifest file '../../build/learning/learning.egg-info/SOURCES.txt'
[6.195s] writing manifest file '../../build/learning/learning.egg-info/SOURCES.txt'
[6.196s] running build
[6.196s] running build_py
[6.205s] running install
[6.207s] /usr/local/lib/python3.6/dist-packages/setuptools/command/install.py:37: SetuptoolsDeprecationWarning: setup.py install is deprecated. Use build and pip and other standards-based tools.
[6.209s]   setuptools.SetuptoolsDeprecationWarning,
[6.210s] running install_lib
[6.228s] byte-compiling /home/mi/workplace/install/learning/lib/python3.6/site-packages/learning/ztest.py to ztest.cpython-36.pyc
[6.230s] byte-compiling /home/mi/workplace/install/learning/lib/python3.6/site-packages/learning/point.py to point.cpython-36.pyc
[6.232s]   File "/home/mi/workplace/install/learning/lib/python3.6/site-packages/learning/ztest.py", line 81
[6.237s]     excpt KeyboardInterrupt:
[6.238s]         ^
[6.245s] SyntaxError: invalid syntax
[6.246s] 
[6.248s]   File "/home/mi/workplace/install/learning/lib/python3.6/site-packages/learning/point.py", line 18
[6.249s]     
[6.256s]     ^
[6.257s] SyntaxError: unexpected EOF while parsing
[6.257s] 
[6.258s] running install_data
[6.258s] running install_egg_info
[6.262s] removing '/home/mi/workplace/install/learning/lib/python3.6/site-packages/learning-0.0.0-py3.6.egg-info' (and everything under it)
[6.263s] Copying ../../build/learning/learning.egg-info to /home/mi/workplace/install/learning/lib/python3.6/site-packages/learning-0.0.0-py3.6.egg-info
[6.264s] running install_scripts
[6.385s] Installing crash script to /home/mi/workplace/install/learning/lib/learning
[6.397s] Installing data_reciv script to /home/mi/workplace/install/learning/lib/learning
[6.399s] Installing distance script to /home/mi/workplace/install/learning/lib/learning
[6.399s] Installing infra_cam_suber script to /home/mi/workplace/install/learning/lib/learning
[6.402s] Installing rgb_cam_suber script to /home/mi/workplace/install/learning/lib/learning
[6.403s] Installing rgb_test script to /home/mi/workplace/install/learning/lib/learning
[6.404s] Installing rotate script to /home/mi/workplace/install/learning/lib/learning
[6.405s] Installing see_and_crash script to /home/mi/workplace/install/learning/lib/learning
[6.406s] Installing sit script to /home/mi/workplace/install/learning/lib/learning
[6.407s] Installing stand script to /home/mi/workplace/install/learning/lib/learning
[6.409s] Installing track script to /home/mi/workplace/install/learning/lib/learning
[6.410s] Installing walk_onesec script to /home/mi/workplace/install/learning/lib/learning
[6.411s] Installing walktest script to /home/mi/workplace/install/learning/lib/learning
[6.417s] writing list of installed files to '/home/mi/workplace/build/learning/install.log'
[6.549s] Invoked command in '/home/mi/workplace/src/learning' returned '0': PYTHONPATH=/home/mi/workplace/install/learning/lib/python3.6/site-packages:${PYTHONPATH} /usr/bin/python3 setup.py egg_info --egg-base ../../build/learning build --build-base /home/mi/workplace/build/learning/build install --prefix /home/mi/workplace/install/learning --record /home/mi/workplace/build/learning/install.log --single-version-externally-managed
